[2021-12-28 16:29:26] [INFO] [com.ulisesbocchio.jasyptspringboot.configuration.EnableEncryptablePropertiesBeanFactoryPostProcessor] Post-processing PropertySource instances
[2021-12-28 16:29:26] [INFO] [com.ulisesbocchio.jasyptspringboot.EncryptablePropertySourceConverter] Converting PropertySource configurationProperties [org.springframework.boot.context.properties.source.ConfigurationPropertySourcesPropertySource] to AOP Proxy
[2021-12-28 16:29:26] [INFO] [com.ulisesbocchio.jasyptspringboot.EncryptablePropertySourceConverter] Converting PropertySource bootstrap [org.springframework.core.env.MapPropertySource] to EncryptableMapPropertySourceWrapper
[2021-12-28 16:29:26] [INFO] [com.ulisesbocchio.jasyptspringboot.EncryptablePropertySourceConverter] Converting PropertySource systemProperties [org.springframework.core.env.PropertiesPropertySource] to EncryptableMapPropertySourceWrapper
[2021-12-28 16:29:26] [INFO] [com.ulisesbocchio.jasyptspringboot.EncryptablePropertySourceConverter] Converting PropertySource systemEnvironment [org.springframework.boot.env.SystemEnvironmentPropertySourceEnvironmentPostProcessor$OriginAwareSystemEnvironmentPropertySource] to EncryptableSystemEnvironmentPropertySourceWrapper
[2021-12-28 16:29:26] [INFO] [com.ulisesbocchio.jasyptspringboot.EncryptablePropertySourceConverter] Converting PropertySource random [org.springframework.boot.env.RandomValuePropertySource] to EncryptablePropertySourceWrapper
[2021-12-28 16:29:26] [INFO] [com.ulisesbocchio.jasyptspringboot.EncryptablePropertySourceConverter] Converting PropertySource springCloudClientHostInfo [org.springframework.core.env.MapPropertySource] to EncryptableMapPropertySourceWrapper
[2021-12-28 16:29:26] [INFO] [org.springframework.context.support.PostProcessorRegistrationDelegate$BeanPostProcessorChecker] Bean 'org.springframework.cloud.autoconfigure.ConfigurationPropertiesRebinderAutoConfiguration' of type [org.springframework.cloud.autoconfigure.ConfigurationPropertiesRebinderAutoConfiguration] is not eligible for getting processed by all BeanPostProcessors (for example: not eligible for auto-proxying)
[2021-12-28 16:29:26] [INFO] [com.ulisesbocchio.jasyptspringboot.filter.DefaultLazyPropertyFilter] Property Filter custom Bean not found with name 'encryptablePropertyFilter'. Initializing Default Property Filter
[2021-12-28 16:29:26] [INFO] [com.ulisesbocchio.jasyptspringboot.resolver.DefaultLazyPropertyResolver] Property Resolver custom Bean not found with name 'encryptablePropertyResolver'. Initializing Default Property Resolver
[2021-12-28 16:29:26] [INFO] [com.ulisesbocchio.jasyptspringboot.detector.DefaultLazyPropertyDetector] Property Detector custom Bean not found with name 'encryptablePropertyDetector'. Initializing Default Property Detector
[2021-12-28 16:29:26] [INFO] [com.kangkang.FileProcessApplication] No active profile set, falling back to default profiles: default
[2021-12-28 16:29:26] [INFO] [org.springframework.data.repository.config.RepositoryConfigurationDelegate] Bootstrapping Spring Data Elasticsearch repositories in DEFAULT mode.
[2021-12-28 16:29:26] [INFO] [org.springframework.data.repository.config.RepositoryConfigurationDelegate] Finished Spring Data repository scanning in 34ms. Found 1 Elasticsearch repository interfaces.
[2021-12-28 16:29:26] [INFO] [org.springframework.data.repository.config.RepositoryConfigurationDelegate] Bootstrapping Spring Data Reactive Elasticsearch repositories in DEFAULT mode.
[2021-12-28 16:29:26] [INFO] [org.springframework.data.repository.config.RepositoryConfigurationDelegate] Finished Spring Data repository scanning in 3ms. Found 0 Reactive Elasticsearch repository interfaces.
[2021-12-28 16:29:26] [WARN] [org.mybatis.spring.mapper.ClassPathMapperScanner] Skipping MapperFactoryBean with name 'ESStoreVORepository' and 'com.kangkang.file.dao.esdao.ESStoreVORepository' mapperInterface. Bean already defined with the same name!
[2021-12-28 16:29:26] [INFO] [org.springframework.cloud.context.scope.GenericScope] BeanFactory id=4594f29b-ef7e-3e56-b28c-1392d93ca26a
[2021-12-28 16:29:26] [INFO] [com.ulisesbocchio.jasyptspringboot.configuration.EnableEncryptablePropertiesBeanFactoryPostProcessor] Post-processing PropertySource instances
[2021-12-28 16:29:26] [INFO] [com.ulisesbocchio.jasyptspringboot.EncryptablePropertySourceConverter] Converting PropertySource configurationProperties [org.springframework.boot.context.properties.source.ConfigurationPropertySourcesPropertySource] to AOP Proxy
[2021-12-28 16:29:26] [INFO] [com.ulisesbocchio.jasyptspringboot.EncryptablePropertySourceConverter] Converting PropertySource servletConfigInitParams [org.springframework.core.env.PropertySource$StubPropertySource] to EncryptablePropertySourceWrapper
[2021-12-28 16:29:26] [INFO] [com.ulisesbocchio.jasyptspringboot.EncryptablePropertySourceConverter] Converting PropertySource servletContextInitParams [org.springframework.core.env.PropertySource$StubPropertySource] to EncryptablePropertySourceWrapper
[2021-12-28 16:29:26] [INFO] [com.ulisesbocchio.jasyptspringboot.EncryptablePropertySourceConverter] Converting PropertySource systemProperties [org.springframework.core.env.PropertiesPropertySource] to EncryptableMapPropertySourceWrapper
[2021-12-28 16:29:26] [INFO] [com.ulisesbocchio.jasyptspringboot.EncryptablePropertySourceConverter] Converting PropertySource systemEnvironment [org.springframework.boot.env.SystemEnvironmentPropertySourceEnvironmentPostProcessor$OriginAwareSystemEnvironmentPropertySource] to EncryptableSystemEnvironmentPropertySourceWrapper
[2021-12-28 16:29:26] [INFO] [com.ulisesbocchio.jasyptspringboot.EncryptablePropertySourceConverter] Converting PropertySource random [org.springframework.boot.env.RandomValuePropertySource] to EncryptablePropertySourceWrapper
[2021-12-28 16:29:26] [INFO] [com.ulisesbocchio.jasyptspringboot.EncryptablePropertySourceConverter] Converting PropertySource springCloudClientHostInfo [org.springframework.core.env.MapPropertySource] to EncryptableMapPropertySourceWrapper
[2021-12-28 16:29:26] [INFO] [com.ulisesbocchio.jasyptspringboot.EncryptablePropertySourceConverter] Converting PropertySource applicationConfig: [classpath:/application.properties] [org.springframework.boot.env.OriginTrackedMapPropertySource] to EncryptableMapPropertySourceWrapper
[2021-12-28 16:29:26] [INFO] [com.ulisesbocchio.jasyptspringboot.EncryptablePropertySourceConverter] Converting PropertySource applicationConfig: [classpath:/application.yml] [org.springframework.boot.env.OriginTrackedMapPropertySource] to EncryptableMapPropertySourceWrapper
[2021-12-28 16:29:26] [INFO] [com.ulisesbocchio.jasyptspringboot.EncryptablePropertySourceConverter] Converting PropertySource springCloudDefaultProperties [org.springframework.core.env.MapPropertySource] to EncryptableMapPropertySourceWrapper
[2021-12-28 16:29:26] [INFO] [com.ulisesbocchio.jasyptspringboot.filter.DefaultLazyPropertyFilter] Property Filter custom Bean not found with name 'encryptablePropertyFilter'. Initializing Default Property Filter
[2021-12-28 16:29:26] [INFO] [org.springframework.context.support.PostProcessorRegistrationDelegate$BeanPostProcessorChecker] Bean 'org.springframework.transaction.annotation.ProxyTransactionManagementConfiguration' of type [org.springframework.transaction.annotation.ProxyTransactionManagementConfiguration] is not eligible for getting processed by all BeanPostProcessors (for example: not eligible for auto-proxying)
[2021-12-28 16:29:26] [INFO] [org.springframework.context.support.PostProcessorRegistrationDelegate$BeanPostProcessorChecker] Bean 'org.springframework.cloud.autoconfigure.ConfigurationPropertiesRebinderAutoConfiguration' of type [org.springframework.cloud.autoconfigure.ConfigurationPropertiesRebinderAutoConfiguration] is not eligible for getting processed by all BeanPostProcessors (for example: not eligible for auto-proxying)
[2021-12-28 16:29:27] [INFO] [org.springframework.boot.web.embedded.tomcat.TomcatWebServer] Tomcat initialized with port(s): 8084 (http)
[2021-12-28 16:29:27] [INFO] [org.apache.coyote.http11.Http11NioProtocol] Initializing ProtocolHandler ["http-nio-8084"]
[2021-12-28 16:29:27] [INFO] [org.apache.catalina.core.StandardService] Starting service [Tomcat]
[2021-12-28 16:29:27] [INFO] [org.apache.catalina.core.StandardEngine] Starting Servlet engine: [Apache Tomcat/9.0.29]
[2021-12-28 16:29:27] [INFO] [org.apache.catalina.core.ContainerBase.[Tomcat].[localhost].[/]] Initializing Spring embedded WebApplicationContext
[2021-12-28 16:29:27] [INFO] [org.springframework.web.context.ContextLoader] Root WebApplicationContext: initialization completed in 860 ms
[2021-12-28 16:29:27] [INFO] [com.ulisesbocchio.jasyptspringboot.resolver.DefaultLazyPropertyResolver] Property Resolver custom Bean not found with name 'encryptablePropertyResolver'. Initializing Default Property Resolver
[2021-12-28 16:29:27] [INFO] [com.ulisesbocchio.jasyptspringboot.detector.DefaultLazyPropertyDetector] Property Detector custom Bean not found with name 'encryptablePropertyDetector'. Initializing Default Property Detector
[2021-12-28 16:29:27] [WARN] [org.elasticsearch.client.RestClient] request [PUT http://101.43.21.125:9200/kangkang_store_info/_mapping/doc?master_timeout=30s&include_type_name=true&timeout=30s] returned 1 warnings: [299 Elasticsearch-7.4.2-2f90bbf7b93631e52bafb59b3b049cb44ec25e96 "[types removal] Using include_type_name in put mapping requests is deprecated. The parameter will be removed in the next major version."]
[2021-12-28 16:29:27] [ERROR] [org.springframework.data.elasticsearch.repository.support.AbstractElasticsearchRepository] failed to load elasticsearch nodes : org.elasticsearch.ElasticsearchStatusException: Elasticsearch exception [type=mapper_parsing_exception, reason=Mapping definition for [skuTitle] has unsupported parameters:  [analyzer : ik_max_word]]
[2021-12-28 16:29:27] [INFO] [com.kangkang.file.config.InitDataConfig] =========开始获取配置信息============
[2021-12-28 16:29:27] [INFO] [com.zaxxer.hikari.HikariDataSource] HikariPool-1 - Starting...
[2021-12-28 16:29:28] [INFO] [com.zaxxer.hikari.HikariDataSource] HikariPool-1 - Start completed.
[2021-12-28 16:29:28] [INFO] [com.kangkang.file.config.InitDataConfig] {confValue=bb, confKey=aa}
[2021-12-28 16:29:28] [INFO] [com.kangkang.file.config.InitDataConfig] 这里可以做一些属性的初始化的工作。。。。。
[2021-12-28 16:29:28] [WARN] [com.netflix.config.sources.URLConfigurationSource] No URLs will be polled as dynamic configuration sources.
[2021-12-28 16:29:28] [INFO] [com.netflix.config.sources.URLConfigurationSource] To enable URLs as dynamic configuration sources, define System property archaius.configurationSource.additionalUrls or make config.properties available on classpath.
[2021-12-28 16:29:28] [WARN] [com.netflix.config.sources.URLConfigurationSource] No URLs will be polled as dynamic configuration sources.
[2021-12-28 16:29:28] [INFO] [com.netflix.config.sources.URLConfigurationSource] To enable URLs as dynamic configuration sources, define System property archaius.configurationSource.additionalUrls or make config.properties available on classpath.
[2021-12-28 16:29:28] [INFO] [org.springframework.scheduling.concurrent.ThreadPoolTaskExecutor] Initializing ExecutorService 'applicationTaskExecutor'
[2021-12-28 16:29:28] [INFO] [org.springframework.scheduling.concurrent.ThreadPoolTaskScheduler] Initializing ExecutorService 'Nacso-Watch-Task-Scheduler'
[2021-12-28 16:29:28] [WARN] [org.springframework.boot.autoconfigure.freemarker.FreeMarkerAutoConfiguration] Cannot find template location(s): [classpath:/templates/] (please add some templates, check your FreeMarker configuration, or set spring.freemarker.checkTemplateLocation=false)
[2021-12-28 16:29:28] [INFO] [org.quartz.impl.StdSchedulerFactory] Using default implementation for ThreadExecutor
[2021-12-28 16:29:28] [INFO] [org.quartz.core.SchedulerSignalerImpl] Initialized Scheduler Signaller of type: class org.quartz.core.SchedulerSignalerImpl
[2021-12-28 16:29:28] [INFO] [org.quartz.core.QuartzScheduler] Quartz Scheduler v.2.3.2 created.
[2021-12-28 16:29:28] [INFO] [org.quartz.simpl.RAMJobStore] RAMJobStore initialized.
[2021-12-28 16:29:28] [INFO] [org.quartz.core.QuartzScheduler] Scheduler meta-data: Quartz Scheduler (v2.3.2) 'quartzScheduler' with instanceId 'NON_CLUSTERED'
  Scheduler class: 'org.quartz.core.QuartzScheduler' - running locally.
  NOT STARTED.
  Currently in standby mode.
  Number of jobs executed: 0
  Using thread pool 'org.quartz.simpl.SimpleThreadPool' - with 10 threads.
  Using job-store 'org.quartz.simpl.RAMJobStore' - which does not support persistence. and is not clustered.

[2021-12-28 16:29:28] [INFO] [org.quartz.impl.StdSchedulerFactory] Quartz scheduler 'quartzScheduler' initialized from an externally provided properties instance.
[2021-12-28 16:29:28] [INFO] [org.quartz.impl.StdSchedulerFactory] Quartz scheduler version: 2.3.2
[2021-12-28 16:29:28] [INFO] [org.quartz.core.QuartzScheduler] JobFactory set to: org.springframework.scheduling.quartz.SpringBeanJobFactory@5822ecda
[2021-12-28 16:29:28] [INFO] [org.springframework.scheduling.quartz.SchedulerFactoryBean] Starting Quartz Scheduler now
[2021-12-28 16:29:28] [INFO] [org.quartz.core.QuartzScheduler] Scheduler quartzScheduler_$_NON_CLUSTERED started.
[2021-12-28 16:29:28] [INFO] [org.apache.coyote.http11.Http11NioProtocol] Starting ProtocolHandler ["http-nio-8084"]
[2021-12-28 16:29:28] [INFO] [org.springframework.boot.web.embedded.tomcat.TomcatWebServer] Tomcat started on port(s): 8084 (http) with context path ''
[2021-12-28 16:29:28] [INFO] [com.alibaba.cloud.nacos.registry.NacosServiceRegistry] nacos registry, DEFAULT_GROUP kangkang-file-process 192.168.8.150:8084 register finished
[2021-12-28 16:29:28] [INFO] [com.kangkang.FileProcessApplication] Started FileProcessApplication in 3.418 seconds (JVM running for 4.402)
[2021-12-28 16:30:00] [INFO] [com.kangkang.quartz.impl.EsStoreInfoUpdateJob] =====数据库的数据更新到es开始执行====
[2021-12-28 16:31:00] [INFO] [com.kangkang.quartz.impl.EsStoreInfoUpdateJob] =====数据库的数据更新到es开始执行====
[2021-12-28 16:31:23] [INFO] [org.apache.catalina.core.ContainerBase.[Tomcat].[localhost].[/]] Initializing Spring DispatcherServlet 'dispatcherServlet'
[2021-12-28 16:31:23] [INFO] [org.springframework.web.servlet.DispatcherServlet] Initializing Servlet 'dispatcherServlet'
[2021-12-28 16:31:23] [INFO] [org.springframework.web.servlet.DispatcherServlet] Completed initialization in 5 ms
[2021-12-28 16:31:32] [WARN] [org.elasticsearch.client.RestClient] request [POST http://101.43.21.125:9200/kangkang_store_info/doc/_search?rest_total_hits_as_int=true&typed_keys=true&ignore_unavailable=false&expand_wildcards=open&allow_no_indices=true&ignore_throttled=true&search_type=dfs_query_then_fetch&batched_reduce_size=512] returned 1 warnings: [299 Elasticsearch-7.4.2-2f90bbf7b93631e52bafb59b3b049cb44ec25e96 "[types removal] Specifying types in search requests is deprecated."]
[2021-12-28 16:32:54] [INFO] [com.kangkang.quartz.impl.EsStoreInfoUpdateJob] =====数据库的数据更新到es开始执行====
[2021-12-28 16:32:54] [WARN] [com.zaxxer.hikari.pool.HikariPool] HikariPool-1 - Thread starvation or clock leap detected (housekeeper delta=1m25s31ms).
[2021-12-28 16:33:00] [INFO] [com.kangkang.quartz.impl.EsStoreInfoUpdateJob] =====数据库的数据更新到es开始执行====
[2021-12-28 16:33:38] [INFO] [org.quartz.core.QuartzScheduler] Scheduler quartzScheduler_$_NON_CLUSTERED paused.
[2021-12-28 16:33:38] [INFO] [org.springframework.scheduling.quartz.SchedulerFactoryBean] Shutting down Quartz Scheduler
[2021-12-28 16:33:38] [INFO] [org.quartz.core.QuartzScheduler] Scheduler quartzScheduler_$_NON_CLUSTERED shutting down.
[2021-12-28 16:33:38] [INFO] [org.quartz.core.QuartzScheduler] Scheduler quartzScheduler_$_NON_CLUSTERED paused.
[2021-12-28 16:33:38] [INFO] [org.quartz.core.QuartzScheduler] Scheduler quartzScheduler_$_NON_CLUSTERED shutdown complete.
[2021-12-28 16:33:38] [INFO] [com.alibaba.cloud.nacos.registry.NacosServiceRegistry] De-registering from Nacos Server now...
[2021-12-28 16:33:38] [INFO] [com.alibaba.cloud.nacos.registry.NacosServiceRegistry] De-registration finished.
[2021-12-28 16:33:38] [INFO] [org.springframework.scheduling.concurrent.ThreadPoolTaskExecutor] Shutting down ExecutorService 'applicationTaskExecutor'
[2021-12-28 16:33:38] [INFO] [com.zaxxer.hikari.HikariDataSource] HikariPool-1 - Shutdown initiated...
[2021-12-28 16:33:38] [INFO] [com.zaxxer.hikari.HikariDataSource] HikariPool-1 - Shutdown completed.
[2021-12-28 16:33:43] [INFO] [com.ulisesbocchio.jasyptspringboot.configuration.EnableEncryptablePropertiesBeanFactoryPostProcessor] Post-processing PropertySource instances
[2021-12-28 16:33:43] [INFO] [com.ulisesbocchio.jasyptspringboot.EncryptablePropertySourceConverter] Converting PropertySource configurationProperties [org.springframework.boot.context.properties.source.ConfigurationPropertySourcesPropertySource] to AOP Proxy
[2021-12-28 16:33:43] [INFO] [com.ulisesbocchio.jasyptspringboot.EncryptablePropertySourceConverter] Converting PropertySource bootstrap [org.springframework.core.env.MapPropertySource] to EncryptableMapPropertySourceWrapper
[2021-12-28 16:33:43] [INFO] [com.ulisesbocchio.jasyptspringboot.EncryptablePropertySourceConverter] Converting PropertySource systemProperties [org.springframework.core.env.PropertiesPropertySource] to EncryptableMapPropertySourceWrapper
[2021-12-28 16:33:43] [INFO] [com.ulisesbocchio.jasyptspringboot.EncryptablePropertySourceConverter] Converting PropertySource systemEnvironment [org.springframework.boot.env.SystemEnvironmentPropertySourceEnvironmentPostProcessor$OriginAwareSystemEnvironmentPropertySource] to EncryptableSystemEnvironmentPropertySourceWrapper
[2021-12-28 16:33:43] [INFO] [com.ulisesbocchio.jasyptspringboot.EncryptablePropertySourceConverter] Converting PropertySource random [org.springframework.boot.env.RandomValuePropertySource] to EncryptablePropertySourceWrapper
[2021-12-28 16:33:43] [INFO] [com.ulisesbocchio.jasyptspringboot.EncryptablePropertySourceConverter] Converting PropertySource springCloudClientHostInfo [org.springframework.core.env.MapPropertySource] to EncryptableMapPropertySourceWrapper
[2021-12-28 16:33:43] [INFO] [org.springframework.context.support.PostProcessorRegistrationDelegate$BeanPostProcessorChecker] Bean 'org.springframework.cloud.autoconfigure.ConfigurationPropertiesRebinderAutoConfiguration' of type [org.springframework.cloud.autoconfigure.ConfigurationPropertiesRebinderAutoConfiguration] is not eligible for getting processed by all BeanPostProcessors (for example: not eligible for auto-proxying)
[2021-12-28 16:33:43] [INFO] [com.ulisesbocchio.jasyptspringboot.filter.DefaultLazyPropertyFilter] Property Filter custom Bean not found with name 'encryptablePropertyFilter'. Initializing Default Property Filter
[2021-12-28 16:33:43] [INFO] [com.ulisesbocchio.jasyptspringboot.resolver.DefaultLazyPropertyResolver] Property Resolver custom Bean not found with name 'encryptablePropertyResolver'. Initializing Default Property Resolver
[2021-12-28 16:33:43] [INFO] [com.ulisesbocchio.jasyptspringboot.detector.DefaultLazyPropertyDetector] Property Detector custom Bean not found with name 'encryptablePropertyDetector'. Initializing Default Property Detector
[2021-12-28 16:33:43] [INFO] [com.kangkang.FileProcessApplication] No active profile set, falling back to default profiles: default
[2021-12-28 16:33:43] [INFO] [org.springframework.data.repository.config.RepositoryConfigurationDelegate] Bootstrapping Spring Data Elasticsearch repositories in DEFAULT mode.
[2021-12-28 16:33:43] [INFO] [org.springframework.data.repository.config.RepositoryConfigurationDelegate] Finished Spring Data repository scanning in 36ms. Found 1 Elasticsearch repository interfaces.
[2021-12-28 16:33:43] [INFO] [org.springframework.data.repository.config.RepositoryConfigurationDelegate] Bootstrapping Spring Data Reactive Elasticsearch repositories in DEFAULT mode.
[2021-12-28 16:33:43] [INFO] [org.springframework.data.repository.config.RepositoryConfigurationDelegate] Finished Spring Data repository scanning in 3ms. Found 0 Reactive Elasticsearch repository interfaces.
[2021-12-28 16:33:43] [WARN] [org.mybatis.spring.mapper.ClassPathMapperScanner] Skipping MapperFactoryBean with name 'ESStoreVORepository' and 'com.kangkang.file.dao.esdao.ESStoreVORepository' mapperInterface. Bean already defined with the same name!
[2021-12-28 16:33:43] [INFO] [org.springframework.cloud.context.scope.GenericScope] BeanFactory id=4594f29b-ef7e-3e56-b28c-1392d93ca26a
[2021-12-28 16:33:43] [INFO] [com.ulisesbocchio.jasyptspringboot.configuration.EnableEncryptablePropertiesBeanFactoryPostProcessor] Post-processing PropertySource instances
[2021-12-28 16:33:43] [INFO] [com.ulisesbocchio.jasyptspringboot.EncryptablePropertySourceConverter] Converting PropertySource configurationProperties [org.springframework.boot.context.properties.source.ConfigurationPropertySourcesPropertySource] to AOP Proxy
[2021-12-28 16:33:43] [INFO] [com.ulisesbocchio.jasyptspringboot.EncryptablePropertySourceConverter] Converting PropertySource servletConfigInitParams [org.springframework.core.env.PropertySource$StubPropertySource] to EncryptablePropertySourceWrapper
[2021-12-28 16:33:43] [INFO] [com.ulisesbocchio.jasyptspringboot.EncryptablePropertySourceConverter] Converting PropertySource servletContextInitParams [org.springframework.core.env.PropertySource$StubPropertySource] to EncryptablePropertySourceWrapper
[2021-12-28 16:33:43] [INFO] [com.ulisesbocchio.jasyptspringboot.EncryptablePropertySourceConverter] Converting PropertySource systemProperties [org.springframework.core.env.PropertiesPropertySource] to EncryptableMapPropertySourceWrapper
[2021-12-28 16:33:43] [INFO] [com.ulisesbocchio.jasyptspringboot.EncryptablePropertySourceConverter] Converting PropertySource systemEnvironment [org.springframework.boot.env.SystemEnvironmentPropertySourceEnvironmentPostProcessor$OriginAwareSystemEnvironmentPropertySource] to EncryptableSystemEnvironmentPropertySourceWrapper
[2021-12-28 16:33:43] [INFO] [com.ulisesbocchio.jasyptspringboot.EncryptablePropertySourceConverter] Converting PropertySource random [org.springframework.boot.env.RandomValuePropertySource] to EncryptablePropertySourceWrapper
[2021-12-28 16:33:43] [INFO] [com.ulisesbocchio.jasyptspringboot.EncryptablePropertySourceConverter] Converting PropertySource springCloudClientHostInfo [org.springframework.core.env.MapPropertySource] to EncryptableMapPropertySourceWrapper
[2021-12-28 16:33:43] [INFO] [com.ulisesbocchio.jasyptspringboot.EncryptablePropertySourceConverter] Converting PropertySource applicationConfig: [classpath:/application.properties] [org.springframework.boot.env.OriginTrackedMapPropertySource] to EncryptableMapPropertySourceWrapper
[2021-12-28 16:33:43] [INFO] [com.ulisesbocchio.jasyptspringboot.EncryptablePropertySourceConverter] Converting PropertySource applicationConfig: [classpath:/application.yml] [org.springframework.boot.env.OriginTrackedMapPropertySource] to EncryptableMapPropertySourceWrapper
[2021-12-28 16:33:43] [INFO] [com.ulisesbocchio.jasyptspringboot.EncryptablePropertySourceConverter] Converting PropertySource springCloudDefaultProperties [org.springframework.core.env.MapPropertySource] to EncryptableMapPropertySourceWrapper
[2021-12-28 16:33:43] [INFO] [com.ulisesbocchio.jasyptspringboot.filter.DefaultLazyPropertyFilter] Property Filter custom Bean not found with name 'encryptablePropertyFilter'. Initializing Default Property Filter
[2021-12-28 16:33:43] [INFO] [org.springframework.context.support.PostProcessorRegistrationDelegate$BeanPostProcessorChecker] Bean 'org.springframework.transaction.annotation.ProxyTransactionManagementConfiguration' of type [org.springframework.transaction.annotation.ProxyTransactionManagementConfiguration] is not eligible for getting processed by all BeanPostProcessors (for example: not eligible for auto-proxying)
[2021-12-28 16:33:43] [INFO] [org.springframework.context.support.PostProcessorRegistrationDelegate$BeanPostProcessorChecker] Bean 'org.springframework.cloud.autoconfigure.ConfigurationPropertiesRebinderAutoConfiguration' of type [org.springframework.cloud.autoconfigure.ConfigurationPropertiesRebinderAutoConfiguration] is not eligible for getting processed by all BeanPostProcessors (for example: not eligible for auto-proxying)
[2021-12-28 16:33:44] [INFO] [org.springframework.boot.web.embedded.tomcat.TomcatWebServer] Tomcat initialized with port(s): 8084 (http)
[2021-12-28 16:33:44] [INFO] [org.apache.coyote.http11.Http11NioProtocol] Initializing ProtocolHandler ["http-nio-8084"]
[2021-12-28 16:33:44] [INFO] [org.apache.catalina.core.StandardService] Starting service [Tomcat]
[2021-12-28 16:33:44] [INFO] [org.apache.catalina.core.StandardEngine] Starting Servlet engine: [Apache Tomcat/9.0.29]
[2021-12-28 16:33:44] [INFO] [org.apache.catalina.core.ContainerBase.[Tomcat].[localhost].[/]] Initializing Spring embedded WebApplicationContext
[2021-12-28 16:33:44] [INFO] [org.springframework.web.context.ContextLoader] Root WebApplicationContext: initialization completed in 737 ms
[2021-12-28 16:33:44] [INFO] [com.ulisesbocchio.jasyptspringboot.resolver.DefaultLazyPropertyResolver] Property Resolver custom Bean not found with name 'encryptablePropertyResolver'. Initializing Default Property Resolver
[2021-12-28 16:33:44] [INFO] [com.ulisesbocchio.jasyptspringboot.detector.DefaultLazyPropertyDetector] Property Detector custom Bean not found with name 'encryptablePropertyDetector'. Initializing Default Property Detector
[2021-12-28 16:33:44] [WARN] [org.elasticsearch.client.RestClient] request [PUT http://101.43.21.125:9200/kangkang_store_info/_mapping/doc?master_timeout=30s&include_type_name=true&timeout=30s] returned 1 warnings: [299 Elasticsearch-7.4.2-2f90bbf7b93631e52bafb59b3b049cb44ec25e96 "[types removal] Using include_type_name in put mapping requests is deprecated. The parameter will be removed in the next major version."]
[2021-12-28 16:33:44] [ERROR] [org.springframework.data.elasticsearch.repository.support.AbstractElasticsearchRepository] failed to load elasticsearch nodes : org.elasticsearch.ElasticsearchStatusException: Elasticsearch exception [type=mapper_parsing_exception, reason=Mapping definition for [skuTitle] has unsupported parameters:  [analyzer : ik_max_word]]
[2021-12-28 16:33:44] [INFO] [com.kangkang.file.config.InitDataConfig] =========开始获取配置信息============
[2021-12-28 16:33:44] [INFO] [com.zaxxer.hikari.HikariDataSource] HikariPool-1 - Starting...
[2021-12-28 16:33:45] [INFO] [com.zaxxer.hikari.HikariDataSource] HikariPool-1 - Start completed.
[2021-12-28 16:33:45] [INFO] [com.kangkang.file.config.InitDataConfig] {confValue=bb, confKey=aa}
[2021-12-28 16:33:45] [INFO] [com.kangkang.file.config.InitDataConfig] 这里可以做一些属性的初始化的工作。。。。。
[2021-12-28 16:33:45] [WARN] [com.netflix.config.sources.URLConfigurationSource] No URLs will be polled as dynamic configuration sources.
[2021-12-28 16:33:45] [INFO] [com.netflix.config.sources.URLConfigurationSource] To enable URLs as dynamic configuration sources, define System property archaius.configurationSource.additionalUrls or make config.properties available on classpath.
[2021-12-28 16:33:45] [WARN] [com.netflix.config.sources.URLConfigurationSource] No URLs will be polled as dynamic configuration sources.
[2021-12-28 16:33:45] [INFO] [com.netflix.config.sources.URLConfigurationSource] To enable URLs as dynamic configuration sources, define System property archaius.configurationSource.additionalUrls or make config.properties available on classpath.
[2021-12-28 16:33:45] [INFO] [org.springframework.scheduling.concurrent.ThreadPoolTaskExecutor] Initializing ExecutorService 'applicationTaskExecutor'
[2021-12-28 16:33:45] [INFO] [org.springframework.scheduling.concurrent.ThreadPoolTaskScheduler] Initializing ExecutorService 'Nacso-Watch-Task-Scheduler'
[2021-12-28 16:33:45] [WARN] [org.springframework.boot.autoconfigure.freemarker.FreeMarkerAutoConfiguration] Cannot find template location(s): [classpath:/templates/] (please add some templates, check your FreeMarker configuration, or set spring.freemarker.checkTemplateLocation=false)
[2021-12-28 16:33:45] [INFO] [org.quartz.impl.StdSchedulerFactory] Using default implementation for ThreadExecutor
[2021-12-28 16:33:45] [INFO] [org.quartz.core.SchedulerSignalerImpl] Initialized Scheduler Signaller of type: class org.quartz.core.SchedulerSignalerImpl
[2021-12-28 16:33:45] [INFO] [org.quartz.core.QuartzScheduler] Quartz Scheduler v.2.3.2 created.
[2021-12-28 16:33:45] [INFO] [org.quartz.simpl.RAMJobStore] RAMJobStore initialized.
[2021-12-28 16:33:45] [INFO] [org.quartz.core.QuartzScheduler] Scheduler meta-data: Quartz Scheduler (v2.3.2) 'quartzScheduler' with instanceId 'NON_CLUSTERED'
  Scheduler class: 'org.quartz.core.QuartzScheduler' - running locally.
  NOT STARTED.
  Currently in standby mode.
  Number of jobs executed: 0
  Using thread pool 'org.quartz.simpl.SimpleThreadPool' - with 10 threads.
  Using job-store 'org.quartz.simpl.RAMJobStore' - which does not support persistence. and is not clustered.

[2021-12-28 16:33:45] [INFO] [org.quartz.impl.StdSchedulerFactory] Quartz scheduler 'quartzScheduler' initialized from an externally provided properties instance.
[2021-12-28 16:33:45] [INFO] [org.quartz.impl.StdSchedulerFactory] Quartz scheduler version: 2.3.2
[2021-12-28 16:33:45] [INFO] [org.quartz.core.QuartzScheduler] JobFactory set to: org.springframework.scheduling.quartz.SpringBeanJobFactory@77ce88c4
[2021-12-28 16:33:45] [INFO] [org.springframework.scheduling.quartz.SchedulerFactoryBean] Starting Quartz Scheduler now
[2021-12-28 16:33:45] [INFO] [org.quartz.core.QuartzScheduler] Scheduler quartzScheduler_$_NON_CLUSTERED started.
[2021-12-28 16:33:45] [INFO] [org.apache.coyote.http11.Http11NioProtocol] Starting ProtocolHandler ["http-nio-8084"]
[2021-12-28 16:33:45] [INFO] [org.springframework.boot.web.embedded.tomcat.TomcatWebServer] Tomcat started on port(s): 8084 (http) with context path ''
[2021-12-28 16:33:45] [INFO] [com.alibaba.cloud.nacos.registry.NacosServiceRegistry] nacos registry, DEFAULT_GROUP kangkang-file-process 192.168.8.150:8084 register finished
[2021-12-28 16:33:45] [INFO] [com.kangkang.FileProcessApplication] Started FileProcessApplication in 2.761 seconds (JVM running for 3.407)
[2021-12-28 16:33:49] [INFO] [org.apache.catalina.core.ContainerBase.[Tomcat].[localhost].[/]] Initializing Spring DispatcherServlet 'dispatcherServlet'
[2021-12-28 16:33:49] [INFO] [org.springframework.web.servlet.DispatcherServlet] Initializing Servlet 'dispatcherServlet'
[2021-12-28 16:33:50] [INFO] [org.springframework.web.servlet.DispatcherServlet] Completed initialization in 6 ms
[2021-12-28 16:33:55] [WARN] [org.elasticsearch.client.RestClient] request [POST http://101.43.21.125:9200/kangkang_store_info/doc/_search?rest_total_hits_as_int=true&typed_keys=true&ignore_unavailable=false&expand_wildcards=open&allow_no_indices=true&ignore_throttled=true&search_type=dfs_query_then_fetch&batched_reduce_size=512] returned 1 warnings: [299 Elasticsearch-7.4.2-2f90bbf7b93631e52bafb59b3b049cb44ec25e96 "[types removal] Specifying types in search requests is deprecated."]
[2021-12-28 16:34:12] [INFO] [com.kangkang.quartz.impl.EsStoreInfoUpdateJob] =====数据库的数据更新到es开始执行====
[2021-12-28 16:34:12] [INFO] [org.quartz.core.QuartzScheduler] Scheduler quartzScheduler_$_NON_CLUSTERED paused.
[2021-12-28 16:34:12] [INFO] [org.springframework.scheduling.quartz.SchedulerFactoryBean] Shutting down Quartz Scheduler
[2021-12-28 16:34:12] [INFO] [org.quartz.core.QuartzScheduler] Scheduler quartzScheduler_$_NON_CLUSTERED shutting down.
[2021-12-28 16:34:12] [INFO] [org.quartz.core.QuartzScheduler] Scheduler quartzScheduler_$_NON_CLUSTERED paused.
[2021-12-28 16:34:12] [INFO] [org.quartz.core.QuartzScheduler] Scheduler quartzScheduler_$_NON_CLUSTERED shutdown complete.
[2021-12-28 16:34:12] [INFO] [com.alibaba.cloud.nacos.registry.NacosServiceRegistry] De-registering from Nacos Server now...
[2021-12-28 16:34:12] [INFO] [com.alibaba.cloud.nacos.registry.NacosServiceRegistry] De-registration finished.
[2021-12-28 16:34:12] [INFO] [org.springframework.scheduling.concurrent.ThreadPoolTaskExecutor] Shutting down ExecutorService 'applicationTaskExecutor'
[2021-12-28 16:34:12] [INFO] [com.zaxxer.hikari.HikariDataSource] HikariPool-1 - Shutdown initiated...
[2021-12-28 16:34:12] [INFO] [com.zaxxer.hikari.HikariDataSource] HikariPool-1 - Shutdown completed.
[2021-12-28 16:34:28] [INFO] [com.ulisesbocchio.jasyptspringboot.configuration.EnableEncryptablePropertiesBeanFactoryPostProcessor] Post-processing PropertySource instances
[2021-12-28 16:34:28] [INFO] [com.ulisesbocchio.jasyptspringboot.EncryptablePropertySourceConverter] Converting PropertySource configurationProperties [org.springframework.boot.context.properties.source.ConfigurationPropertySourcesPropertySource] to AOP Proxy
[2021-12-28 16:34:28] [INFO] [com.ulisesbocchio.jasyptspringboot.EncryptablePropertySourceConverter] Converting PropertySource bootstrap [org.springframework.core.env.MapPropertySource] to EncryptableMapPropertySourceWrapper
[2021-12-28 16:34:28] [INFO] [com.ulisesbocchio.jasyptspringboot.EncryptablePropertySourceConverter] Converting PropertySource systemProperties [org.springframework.core.env.PropertiesPropertySource] to EncryptableMapPropertySourceWrapper
[2021-12-28 16:34:28] [INFO] [com.ulisesbocchio.jasyptspringboot.EncryptablePropertySourceConverter] Converting PropertySource systemEnvironment [org.springframework.boot.env.SystemEnvironmentPropertySourceEnvironmentPostProcessor$OriginAwareSystemEnvironmentPropertySource] to EncryptableSystemEnvironmentPropertySourceWrapper
[2021-12-28 16:34:28] [INFO] [com.ulisesbocchio.jasyptspringboot.EncryptablePropertySourceConverter] Converting PropertySource random [org.springframework.boot.env.RandomValuePropertySource] to EncryptablePropertySourceWrapper
[2021-12-28 16:34:28] [INFO] [com.ulisesbocchio.jasyptspringboot.EncryptablePropertySourceConverter] Converting PropertySource springCloudClientHostInfo [org.springframework.core.env.MapPropertySource] to EncryptableMapPropertySourceWrapper
[2021-12-28 16:34:28] [INFO] [org.springframework.context.support.PostProcessorRegistrationDelegate$BeanPostProcessorChecker] Bean 'org.springframework.cloud.autoconfigure.ConfigurationPropertiesRebinderAutoConfiguration' of type [org.springframework.cloud.autoconfigure.ConfigurationPropertiesRebinderAutoConfiguration] is not eligible for getting processed by all BeanPostProcessors (for example: not eligible for auto-proxying)
[2021-12-28 16:34:28] [INFO] [com.ulisesbocchio.jasyptspringboot.filter.DefaultLazyPropertyFilter] Property Filter custom Bean not found with name 'encryptablePropertyFilter'. Initializing Default Property Filter
[2021-12-28 16:34:28] [INFO] [com.ulisesbocchio.jasyptspringboot.resolver.DefaultLazyPropertyResolver] Property Resolver custom Bean not found with name 'encryptablePropertyResolver'. Initializing Default Property Resolver
[2021-12-28 16:34:28] [INFO] [com.ulisesbocchio.jasyptspringboot.detector.DefaultLazyPropertyDetector] Property Detector custom Bean not found with name 'encryptablePropertyDetector'. Initializing Default Property Detector
[2021-12-28 16:34:28] [INFO] [com.kangkang.FileProcessApplication] No active profile set, falling back to default profiles: default
[2021-12-28 16:34:28] [INFO] [org.springframework.data.repository.config.RepositoryConfigurationDelegate] Bootstrapping Spring Data Elasticsearch repositories in DEFAULT mode.
[2021-12-28 16:34:28] [INFO] [org.springframework.data.repository.config.RepositoryConfigurationDelegate] Finished Spring Data repository scanning in 34ms. Found 1 Elasticsearch repository interfaces.
[2021-12-28 16:34:28] [INFO] [org.springframework.data.repository.config.RepositoryConfigurationDelegate] Bootstrapping Spring Data Reactive Elasticsearch repositories in DEFAULT mode.
[2021-12-28 16:34:28] [INFO] [org.springframework.data.repository.config.RepositoryConfigurationDelegate] Finished Spring Data repository scanning in 3ms. Found 0 Reactive Elasticsearch repository interfaces.
[2021-12-28 16:34:28] [WARN] [org.mybatis.spring.mapper.ClassPathMapperScanner] Skipping MapperFactoryBean with name 'ESStoreVORepository' and 'com.kangkang.file.dao.esdao.ESStoreVORepository' mapperInterface. Bean already defined with the same name!
[2021-12-28 16:34:28] [INFO] [org.springframework.cloud.context.scope.GenericScope] BeanFactory id=4594f29b-ef7e-3e56-b28c-1392d93ca26a
[2021-12-28 16:34:28] [INFO] [com.ulisesbocchio.jasyptspringboot.configuration.EnableEncryptablePropertiesBeanFactoryPostProcessor] Post-processing PropertySource instances
[2021-12-28 16:34:28] [INFO] [com.ulisesbocchio.jasyptspringboot.EncryptablePropertySourceConverter] Converting PropertySource configurationProperties [org.springframework.boot.context.properties.source.ConfigurationPropertySourcesPropertySource] to AOP Proxy
[2021-12-28 16:34:28] [INFO] [com.ulisesbocchio.jasyptspringboot.EncryptablePropertySourceConverter] Converting PropertySource servletConfigInitParams [org.springframework.core.env.PropertySource$StubPropertySource] to EncryptablePropertySourceWrapper
[2021-12-28 16:34:28] [INFO] [com.ulisesbocchio.jasyptspringboot.EncryptablePropertySourceConverter] Converting PropertySource servletContextInitParams [org.springframework.core.env.PropertySource$StubPropertySource] to EncryptablePropertySourceWrapper
[2021-12-28 16:34:28] [INFO] [com.ulisesbocchio.jasyptspringboot.EncryptablePropertySourceConverter] Converting PropertySource systemProperties [org.springframework.core.env.PropertiesPropertySource] to EncryptableMapPropertySourceWrapper
[2021-12-28 16:34:28] [INFO] [com.ulisesbocchio.jasyptspringboot.EncryptablePropertySourceConverter] Converting PropertySource systemEnvironment [org.springframework.boot.env.SystemEnvironmentPropertySourceEnvironmentPostProcessor$OriginAwareSystemEnvironmentPropertySource] to EncryptableSystemEnvironmentPropertySourceWrapper
[2021-12-28 16:34:28] [INFO] [com.ulisesbocchio.jasyptspringboot.EncryptablePropertySourceConverter] Converting PropertySource random [org.springframework.boot.env.RandomValuePropertySource] to EncryptablePropertySourceWrapper
[2021-12-28 16:34:28] [INFO] [com.ulisesbocchio.jasyptspringboot.EncryptablePropertySourceConverter] Converting PropertySource springCloudClientHostInfo [org.springframework.core.env.MapPropertySource] to EncryptableMapPropertySourceWrapper
[2021-12-28 16:34:28] [INFO] [com.ulisesbocchio.jasyptspringboot.EncryptablePropertySourceConverter] Converting PropertySource applicationConfig: [classpath:/application.properties] [org.springframework.boot.env.OriginTrackedMapPropertySource] to EncryptableMapPropertySourceWrapper
[2021-12-28 16:34:28] [INFO] [com.ulisesbocchio.jasyptspringboot.EncryptablePropertySourceConverter] Converting PropertySource applicationConfig: [classpath:/application.yml] [org.springframework.boot.env.OriginTrackedMapPropertySource] to EncryptableMapPropertySourceWrapper
[2021-12-28 16:34:28] [INFO] [com.ulisesbocchio.jasyptspringboot.EncryptablePropertySourceConverter] Converting PropertySource springCloudDefaultProperties [org.springframework.core.env.MapPropertySource] to EncryptableMapPropertySourceWrapper
[2021-12-28 16:34:28] [INFO] [com.ulisesbocchio.jasyptspringboot.filter.DefaultLazyPropertyFilter] Property Filter custom Bean not found with name 'encryptablePropertyFilter'. Initializing Default Property Filter
[2021-12-28 16:34:28] [INFO] [org.springframework.context.support.PostProcessorRegistrationDelegate$BeanPostProcessorChecker] Bean 'org.springframework.transaction.annotation.ProxyTransactionManagementConfiguration' of type [org.springframework.transaction.annotation.ProxyTransactionManagementConfiguration] is not eligible for getting processed by all BeanPostProcessors (for example: not eligible for auto-proxying)
[2021-12-28 16:34:29] [INFO] [org.springframework.context.support.PostProcessorRegistrationDelegate$BeanPostProcessorChecker] Bean 'org.springframework.cloud.autoconfigure.ConfigurationPropertiesRebinderAutoConfiguration' of type [org.springframework.cloud.autoconfigure.ConfigurationPropertiesRebinderAutoConfiguration] is not eligible for getting processed by all BeanPostProcessors (for example: not eligible for auto-proxying)
[2021-12-28 16:34:29] [INFO] [org.springframework.boot.web.embedded.tomcat.TomcatWebServer] Tomcat initialized with port(s): 8084 (http)
[2021-12-28 16:34:29] [INFO] [org.apache.coyote.http11.Http11NioProtocol] Initializing ProtocolHandler ["http-nio-8084"]
[2021-12-28 16:34:29] [INFO] [org.apache.catalina.core.StandardService] Starting service [Tomcat]
[2021-12-28 16:34:29] [INFO] [org.apache.catalina.core.StandardEngine] Starting Servlet engine: [Apache Tomcat/9.0.29]
[2021-12-28 16:34:29] [INFO] [org.apache.catalina.core.ContainerBase.[Tomcat].[localhost].[/]] Initializing Spring embedded WebApplicationContext
[2021-12-28 16:34:29] [INFO] [org.springframework.web.context.ContextLoader] Root WebApplicationContext: initialization completed in 725 ms
[2021-12-28 16:34:29] [INFO] [com.ulisesbocchio.jasyptspringboot.resolver.DefaultLazyPropertyResolver] Property Resolver custom Bean not found with name 'encryptablePropertyResolver'. Initializing Default Property Resolver
[2021-12-28 16:34:29] [INFO] [com.ulisesbocchio.jasyptspringboot.detector.DefaultLazyPropertyDetector] Property Detector custom Bean not found with name 'encryptablePropertyDetector'. Initializing Default Property Detector
[2021-12-28 16:34:29] [WARN] [org.elasticsearch.client.RestClient] request [PUT http://101.43.21.125:9200/kangkang_store_info/_mapping/doc?master_timeout=30s&include_type_name=true&timeout=30s] returned 1 warnings: [299 Elasticsearch-7.4.2-2f90bbf7b93631e52bafb59b3b049cb44ec25e96 "[types removal] Using include_type_name in put mapping requests is deprecated. The parameter will be removed in the next major version."]
[2021-12-28 16:34:29] [ERROR] [org.springframework.data.elasticsearch.repository.support.AbstractElasticsearchRepository] failed to load elasticsearch nodes : org.elasticsearch.ElasticsearchStatusException: Elasticsearch exception [type=mapper_parsing_exception, reason=Mapping definition for [skuTitle] has unsupported parameters:  [analyzer : ik_max_word]]
[2021-12-28 16:34:29] [INFO] [com.kangkang.file.config.InitDataConfig] =========开始获取配置信息============
[2021-12-28 16:34:29] [INFO] [com.zaxxer.hikari.HikariDataSource] HikariPool-1 - Starting...
[2021-12-28 16:34:30] [INFO] [com.zaxxer.hikari.HikariDataSource] HikariPool-1 - Start completed.
[2021-12-28 16:34:30] [INFO] [com.kangkang.file.config.InitDataConfig] {confValue=bb, confKey=aa}
[2021-12-28 16:34:30] [INFO] [com.kangkang.file.config.InitDataConfig] 这里可以做一些属性的初始化的工作。。。。。
[2021-12-28 16:34:30] [WARN] [com.netflix.config.sources.URLConfigurationSource] No URLs will be polled as dynamic configuration sources.
[2021-12-28 16:34:30] [INFO] [com.netflix.config.sources.URLConfigurationSource] To enable URLs as dynamic configuration sources, define System property archaius.configurationSource.additionalUrls or make config.properties available on classpath.
[2021-12-28 16:34:30] [WARN] [com.netflix.config.sources.URLConfigurationSource] No URLs will be polled as dynamic configuration sources.
[2021-12-28 16:34:30] [INFO] [com.netflix.config.sources.URLConfigurationSource] To enable URLs as dynamic configuration sources, define System property archaius.configurationSource.additionalUrls or make config.properties available on classpath.
[2021-12-28 16:34:30] [INFO] [org.springframework.scheduling.concurrent.ThreadPoolTaskExecutor] Initializing ExecutorService 'applicationTaskExecutor'
[2021-12-28 16:34:30] [INFO] [org.springframework.scheduling.concurrent.ThreadPoolTaskScheduler] Initializing ExecutorService 'Nacso-Watch-Task-Scheduler'
[2021-12-28 16:34:30] [WARN] [org.springframework.boot.autoconfigure.freemarker.FreeMarkerAutoConfiguration] Cannot find template location(s): [classpath:/templates/] (please add some templates, check your FreeMarker configuration, or set spring.freemarker.checkTemplateLocation=false)
[2021-12-28 16:34:30] [INFO] [org.quartz.impl.StdSchedulerFactory] Using default implementation for ThreadExecutor
[2021-12-28 16:34:30] [INFO] [org.quartz.core.SchedulerSignalerImpl] Initialized Scheduler Signaller of type: class org.quartz.core.SchedulerSignalerImpl
[2021-12-28 16:34:30] [INFO] [org.quartz.core.QuartzScheduler] Quartz Scheduler v.2.3.2 created.
[2021-12-28 16:34:30] [INFO] [org.quartz.simpl.RAMJobStore] RAMJobStore initialized.
[2021-12-28 16:34:30] [INFO] [org.quartz.core.QuartzScheduler] Scheduler meta-data: Quartz Scheduler (v2.3.2) 'quartzScheduler' with instanceId 'NON_CLUSTERED'
  Scheduler class: 'org.quartz.core.QuartzScheduler' - running locally.
  NOT STARTED.
  Currently in standby mode.
  Number of jobs executed: 0
  Using thread pool 'org.quartz.simpl.SimpleThreadPool' - with 10 threads.
  Using job-store 'org.quartz.simpl.RAMJobStore' - which does not support persistence. and is not clustered.

[2021-12-28 16:34:30] [INFO] [org.quartz.impl.StdSchedulerFactory] Quartz scheduler 'quartzScheduler' initialized from an externally provided properties instance.
[2021-12-28 16:34:30] [INFO] [org.quartz.impl.StdSchedulerFactory] Quartz scheduler version: 2.3.2
[2021-12-28 16:34:30] [INFO] [org.quartz.core.QuartzScheduler] JobFactory set to: org.springframework.scheduling.quartz.SpringBeanJobFactory@5da57a64
[2021-12-28 16:34:30] [INFO] [org.springframework.scheduling.quartz.SchedulerFactoryBean] Starting Quartz Scheduler now
[2021-12-28 16:34:30] [INFO] [org.quartz.core.QuartzScheduler] Scheduler quartzScheduler_$_NON_CLUSTERED started.
[2021-12-28 16:34:30] [INFO] [org.apache.coyote.http11.Http11NioProtocol] Starting ProtocolHandler ["http-nio-8084"]
[2021-12-28 16:34:30] [INFO] [org.springframework.boot.web.embedded.tomcat.TomcatWebServer] Tomcat started on port(s): 8084 (http) with context path ''
[2021-12-28 16:34:30] [INFO] [com.alibaba.cloud.nacos.registry.NacosServiceRegistry] nacos registry, DEFAULT_GROUP kangkang-file-process 192.168.8.150:8084 register finished
[2021-12-28 16:34:30] [INFO] [com.kangkang.FileProcessApplication] Started FileProcessApplication in 2.827 seconds (JVM running for 3.432)
[2021-12-28 16:34:33] [INFO] [org.apache.catalina.core.ContainerBase.[Tomcat].[localhost].[/]] Initializing Spring DispatcherServlet 'dispatcherServlet'
[2021-12-28 16:34:33] [INFO] [org.springframework.web.servlet.DispatcherServlet] Initializing Servlet 'dispatcherServlet'
[2021-12-28 16:34:33] [INFO] [org.springframework.web.servlet.DispatcherServlet] Completed initialization in 4 ms
[2021-12-28 16:34:33] [WARN] [org.elasticsearch.client.RestClient] request [POST http://101.43.21.125:9200/kangkang_store_info/doc/_search?rest_total_hits_as_int=true&typed_keys=true&ignore_unavailable=false&expand_wildcards=open&allow_no_indices=true&ignore_throttled=true&search_type=dfs_query_then_fetch&batched_reduce_size=512] returned 1 warnings: [299 Elasticsearch-7.4.2-2f90bbf7b93631e52bafb59b3b049cb44ec25e96 "[types removal] Specifying types in search requests is deprecated."]
[2021-12-28 16:34:51] [INFO] [org.quartz.core.QuartzScheduler] Scheduler quartzScheduler_$_NON_CLUSTERED paused.
[2021-12-28 16:34:51] [INFO] [org.springframework.scheduling.quartz.SchedulerFactoryBean] Shutting down Quartz Scheduler
[2021-12-28 16:34:51] [INFO] [org.quartz.core.QuartzScheduler] Scheduler quartzScheduler_$_NON_CLUSTERED shutting down.
[2021-12-28 16:34:51] [INFO] [org.quartz.core.QuartzScheduler] Scheduler quartzScheduler_$_NON_CLUSTERED paused.
[2021-12-28 16:34:51] [INFO] [org.quartz.core.QuartzScheduler] Scheduler quartzScheduler_$_NON_CLUSTERED shutdown complete.
[2021-12-28 16:34:51] [INFO] [com.alibaba.cloud.nacos.registry.NacosServiceRegistry] De-registering from Nacos Server now...
[2021-12-28 16:34:51] [INFO] [com.alibaba.cloud.nacos.registry.NacosServiceRegistry] De-registration finished.
[2021-12-28 16:34:51] [INFO] [org.springframework.scheduling.concurrent.ThreadPoolTaskExecutor] Shutting down ExecutorService 'applicationTaskExecutor'
[2021-12-28 16:34:51] [INFO] [com.zaxxer.hikari.HikariDataSource] HikariPool-1 - Shutdown initiated...
[2021-12-28 16:34:51] [INFO] [com.zaxxer.hikari.HikariDataSource] HikariPool-1 - Shutdown completed.
[2021-12-28 16:40:06] [INFO] [com.ulisesbocchio.jasyptspringboot.configuration.EnableEncryptablePropertiesBeanFactoryPostProcessor] Post-processing PropertySource instances
[2021-12-28 16:40:06] [INFO] [com.ulisesbocchio.jasyptspringboot.EncryptablePropertySourceConverter] Converting PropertySource configurationProperties [org.springframework.boot.context.properties.source.ConfigurationPropertySourcesPropertySource] to AOP Proxy
[2021-12-28 16:40:06] [INFO] [com.ulisesbocchio.jasyptspringboot.EncryptablePropertySourceConverter] Converting PropertySource bootstrap [org.springframework.core.env.MapPropertySource] to EncryptableMapPropertySourceWrapper
[2021-12-28 16:40:06] [INFO] [com.ulisesbocchio.jasyptspringboot.EncryptablePropertySourceConverter] Converting PropertySource systemProperties [org.springframework.core.env.PropertiesPropertySource] to EncryptableMapPropertySourceWrapper
[2021-12-28 16:40:06] [INFO] [com.ulisesbocchio.jasyptspringboot.EncryptablePropertySourceConverter] Converting PropertySource systemEnvironment [org.springframework.boot.env.SystemEnvironmentPropertySourceEnvironmentPostProcessor$OriginAwareSystemEnvironmentPropertySource] to EncryptableSystemEnvironmentPropertySourceWrapper
[2021-12-28 16:40:06] [INFO] [com.ulisesbocchio.jasyptspringboot.EncryptablePropertySourceConverter] Converting PropertySource random [org.springframework.boot.env.RandomValuePropertySource] to EncryptablePropertySourceWrapper
[2021-12-28 16:40:06] [INFO] [com.ulisesbocchio.jasyptspringboot.EncryptablePropertySourceConverter] Converting PropertySource springCloudClientHostInfo [org.springframework.core.env.MapPropertySource] to EncryptableMapPropertySourceWrapper
[2021-12-28 16:40:06] [INFO] [org.springframework.context.support.PostProcessorRegistrationDelegate$BeanPostProcessorChecker] Bean 'org.springframework.cloud.autoconfigure.ConfigurationPropertiesRebinderAutoConfiguration' of type [org.springframework.cloud.autoconfigure.ConfigurationPropertiesRebinderAutoConfiguration] is not eligible for getting processed by all BeanPostProcessors (for example: not eligible for auto-proxying)
[2021-12-28 16:40:06] [INFO] [com.ulisesbocchio.jasyptspringboot.filter.DefaultLazyPropertyFilter] Property Filter custom Bean not found with name 'encryptablePropertyFilter'. Initializing Default Property Filter
[2021-12-28 16:40:06] [INFO] [com.ulisesbocchio.jasyptspringboot.resolver.DefaultLazyPropertyResolver] Property Resolver custom Bean not found with name 'encryptablePropertyResolver'. Initializing Default Property Resolver
[2021-12-28 16:40:06] [INFO] [com.ulisesbocchio.jasyptspringboot.detector.DefaultLazyPropertyDetector] Property Detector custom Bean not found with name 'encryptablePropertyDetector'. Initializing Default Property Detector
[2021-12-28 16:40:06] [INFO] [com.kangkang.FileProcessApplication] No active profile set, falling back to default profiles: default
[2021-12-28 16:40:06] [INFO] [org.springframework.data.repository.config.RepositoryConfigurationDelegate] Bootstrapping Spring Data Elasticsearch repositories in DEFAULT mode.
[2021-12-28 16:40:06] [INFO] [org.springframework.data.repository.config.RepositoryConfigurationDelegate] Finished Spring Data repository scanning in 32ms. Found 1 Elasticsearch repository interfaces.
[2021-12-28 16:40:06] [INFO] [org.springframework.data.repository.config.RepositoryConfigurationDelegate] Bootstrapping Spring Data Reactive Elasticsearch repositories in DEFAULT mode.
[2021-12-28 16:40:06] [INFO] [org.springframework.data.repository.config.RepositoryConfigurationDelegate] Finished Spring Data repository scanning in 3ms. Found 0 Reactive Elasticsearch repository interfaces.
[2021-12-28 16:40:06] [WARN] [org.mybatis.spring.mapper.ClassPathMapperScanner] Skipping MapperFactoryBean with name 'ESStoreVORepository' and 'com.kangkang.file.dao.esdao.ESStoreVORepository' mapperInterface. Bean already defined with the same name!
[2021-12-28 16:40:06] [INFO] [org.springframework.cloud.context.scope.GenericScope] BeanFactory id=4594f29b-ef7e-3e56-b28c-1392d93ca26a
[2021-12-28 16:40:06] [INFO] [com.ulisesbocchio.jasyptspringboot.configuration.EnableEncryptablePropertiesBeanFactoryPostProcessor] Post-processing PropertySource instances
[2021-12-28 16:40:06] [INFO] [com.ulisesbocchio.jasyptspringboot.EncryptablePropertySourceConverter] Converting PropertySource configurationProperties [org.springframework.boot.context.properties.source.ConfigurationPropertySourcesPropertySource] to AOP Proxy
[2021-12-28 16:40:06] [INFO] [com.ulisesbocchio.jasyptspringboot.EncryptablePropertySourceConverter] Converting PropertySource servletConfigInitParams [org.springframework.core.env.PropertySource$StubPropertySource] to EncryptablePropertySourceWrapper
[2021-12-28 16:40:06] [INFO] [com.ulisesbocchio.jasyptspringboot.EncryptablePropertySourceConverter] Converting PropertySource servletContextInitParams [org.springframework.core.env.PropertySource$StubPropertySource] to EncryptablePropertySourceWrapper
[2021-12-28 16:40:06] [INFO] [com.ulisesbocchio.jasyptspringboot.EncryptablePropertySourceConverter] Converting PropertySource systemProperties [org.springframework.core.env.PropertiesPropertySource] to EncryptableMapPropertySourceWrapper
[2021-12-28 16:40:06] [INFO] [com.ulisesbocchio.jasyptspringboot.EncryptablePropertySourceConverter] Converting PropertySource systemEnvironment [org.springframework.boot.env.SystemEnvironmentPropertySourceEnvironmentPostProcessor$OriginAwareSystemEnvironmentPropertySource] to EncryptableSystemEnvironmentPropertySourceWrapper
[2021-12-28 16:40:06] [INFO] [com.ulisesbocchio.jasyptspringboot.EncryptablePropertySourceConverter] Converting PropertySource random [org.springframework.boot.env.RandomValuePropertySource] to EncryptablePropertySourceWrapper
[2021-12-28 16:40:06] [INFO] [com.ulisesbocchio.jasyptspringboot.EncryptablePropertySourceConverter] Converting PropertySource springCloudClientHostInfo [org.springframework.core.env.MapPropertySource] to EncryptableMapPropertySourceWrapper
[2021-12-28 16:40:06] [INFO] [com.ulisesbocchio.jasyptspringboot.EncryptablePropertySourceConverter] Converting PropertySource applicationConfig: [classpath:/application.properties] [org.springframework.boot.env.OriginTrackedMapPropertySource] to EncryptableMapPropertySourceWrapper
[2021-12-28 16:40:06] [INFO] [com.ulisesbocchio.jasyptspringboot.EncryptablePropertySourceConverter] Converting PropertySource applicationConfig: [classpath:/application.yml] [org.springframework.boot.env.OriginTrackedMapPropertySource] to EncryptableMapPropertySourceWrapper
[2021-12-28 16:40:06] [INFO] [com.ulisesbocchio.jasyptspringboot.EncryptablePropertySourceConverter] Converting PropertySource springCloudDefaultProperties [org.springframework.core.env.MapPropertySource] to EncryptableMapPropertySourceWrapper
[2021-12-28 16:40:06] [INFO] [com.ulisesbocchio.jasyptspringboot.filter.DefaultLazyPropertyFilter] Property Filter custom Bean not found with name 'encryptablePropertyFilter'. Initializing Default Property Filter
[2021-12-28 16:40:06] [INFO] [org.springframework.context.support.PostProcessorRegistrationDelegate$BeanPostProcessorChecker] Bean 'org.springframework.transaction.annotation.ProxyTransactionManagementConfiguration' of type [org.springframework.transaction.annotation.ProxyTransactionManagementConfiguration] is not eligible for getting processed by all BeanPostProcessors (for example: not eligible for auto-proxying)
[2021-12-28 16:40:06] [INFO] [org.springframework.context.support.PostProcessorRegistrationDelegate$BeanPostProcessorChecker] Bean 'org.springframework.cloud.autoconfigure.ConfigurationPropertiesRebinderAutoConfiguration' of type [org.springframework.cloud.autoconfigure.ConfigurationPropertiesRebinderAutoConfiguration] is not eligible for getting processed by all BeanPostProcessors (for example: not eligible for auto-proxying)
[2021-12-28 16:40:07] [INFO] [org.springframework.boot.web.embedded.tomcat.TomcatWebServer] Tomcat initialized with port(s): 8084 (http)
[2021-12-28 16:40:07] [INFO] [org.apache.coyote.http11.Http11NioProtocol] Initializing ProtocolHandler ["http-nio-8084"]
[2021-12-28 16:40:07] [INFO] [org.apache.catalina.core.StandardService] Starting service [Tomcat]
[2021-12-28 16:40:07] [INFO] [org.apache.catalina.core.StandardEngine] Starting Servlet engine: [Apache Tomcat/9.0.29]
[2021-12-28 16:40:07] [INFO] [org.apache.catalina.core.ContainerBase.[Tomcat].[localhost].[/]] Initializing Spring embedded WebApplicationContext
[2021-12-28 16:40:07] [INFO] [org.springframework.web.context.ContextLoader] Root WebApplicationContext: initialization completed in 728 ms
[2021-12-28 16:40:07] [INFO] [com.ulisesbocchio.jasyptspringboot.resolver.DefaultLazyPropertyResolver] Property Resolver custom Bean not found with name 'encryptablePropertyResolver'. Initializing Default Property Resolver
[2021-12-28 16:40:07] [INFO] [com.ulisesbocchio.jasyptspringboot.detector.DefaultLazyPropertyDetector] Property Detector custom Bean not found with name 'encryptablePropertyDetector'. Initializing Default Property Detector
[2021-12-28 16:40:07] [WARN] [org.elasticsearch.client.RestClient] request [PUT http://101.43.21.125:9200/kangkang_store_info/_mapping/doc?master_timeout=30s&include_type_name=true&timeout=30s] returned 1 warnings: [299 Elasticsearch-7.4.2-2f90bbf7b93631e52bafb59b3b049cb44ec25e96 "[types removal] Using include_type_name in put mapping requests is deprecated. The parameter will be removed in the next major version."]
[2021-12-28 16:40:07] [ERROR] [org.springframework.data.elasticsearch.repository.support.AbstractElasticsearchRepository] failed to load elasticsearch nodes : org.elasticsearch.ElasticsearchStatusException: Elasticsearch exception [type=mapper_parsing_exception, reason=Mapping definition for [skuTitle] has unsupported parameters:  [analyzer : ik_max_word]]
[2021-12-28 16:40:07] [INFO] [com.kangkang.file.config.InitDataConfig] =========开始获取配置信息============
[2021-12-28 16:40:07] [INFO] [com.zaxxer.hikari.HikariDataSource] HikariPool-1 - Starting...
[2021-12-28 16:40:08] [INFO] [com.zaxxer.hikari.HikariDataSource] HikariPool-1 - Start completed.
[2021-12-28 16:40:08] [INFO] [com.kangkang.file.config.InitDataConfig] {confValue=bb, confKey=aa}
[2021-12-28 16:40:08] [INFO] [com.kangkang.file.config.InitDataConfig] 这里可以做一些属性的初始化的工作。。。。。
[2021-12-28 16:40:08] [WARN] [com.netflix.config.sources.URLConfigurationSource] No URLs will be polled as dynamic configuration sources.
[2021-12-28 16:40:08] [INFO] [com.netflix.config.sources.URLConfigurationSource] To enable URLs as dynamic configuration sources, define System property archaius.configurationSource.additionalUrls or make config.properties available on classpath.
[2021-12-28 16:40:08] [WARN] [com.netflix.config.sources.URLConfigurationSource] No URLs will be polled as dynamic configuration sources.
[2021-12-28 16:40:08] [INFO] [com.netflix.config.sources.URLConfigurationSource] To enable URLs as dynamic configuration sources, define System property archaius.configurationSource.additionalUrls or make config.properties available on classpath.
[2021-12-28 16:40:08] [INFO] [org.springframework.scheduling.concurrent.ThreadPoolTaskExecutor] Initializing ExecutorService 'applicationTaskExecutor'
[2021-12-28 16:40:08] [INFO] [org.springframework.scheduling.concurrent.ThreadPoolTaskScheduler] Initializing ExecutorService 'Nacso-Watch-Task-Scheduler'
[2021-12-28 16:40:08] [WARN] [org.springframework.boot.autoconfigure.freemarker.FreeMarkerAutoConfiguration] Cannot find template location(s): [classpath:/templates/] (please add some templates, check your FreeMarker configuration, or set spring.freemarker.checkTemplateLocation=false)
[2021-12-28 16:40:08] [INFO] [org.quartz.impl.StdSchedulerFactory] Using default implementation for ThreadExecutor
[2021-12-28 16:40:08] [INFO] [org.quartz.core.SchedulerSignalerImpl] Initialized Scheduler Signaller of type: class org.quartz.core.SchedulerSignalerImpl
[2021-12-28 16:40:08] [INFO] [org.quartz.core.QuartzScheduler] Quartz Scheduler v.2.3.2 created.
[2021-12-28 16:40:08] [INFO] [org.quartz.simpl.RAMJobStore] RAMJobStore initialized.
[2021-12-28 16:40:08] [INFO] [org.quartz.core.QuartzScheduler] Scheduler meta-data: Quartz Scheduler (v2.3.2) 'quartzScheduler' with instanceId 'NON_CLUSTERED'
  Scheduler class: 'org.quartz.core.QuartzScheduler' - running locally.
  NOT STARTED.
  Currently in standby mode.
  Number of jobs executed: 0
  Using thread pool 'org.quartz.simpl.SimpleThreadPool' - with 10 threads.
  Using job-store 'org.quartz.simpl.RAMJobStore' - which does not support persistence. and is not clustered.

[2021-12-28 16:40:08] [INFO] [org.quartz.impl.StdSchedulerFactory] Quartz scheduler 'quartzScheduler' initialized from an externally provided properties instance.
[2021-12-28 16:40:08] [INFO] [org.quartz.impl.StdSchedulerFactory] Quartz scheduler version: 2.3.2
[2021-12-28 16:40:08] [INFO] [org.quartz.core.QuartzScheduler] JobFactory set to: org.springframework.scheduling.quartz.SpringBeanJobFactory@37a67cf
[2021-12-28 16:40:08] [INFO] [org.springframework.scheduling.quartz.SchedulerFactoryBean] Starting Quartz Scheduler now
[2021-12-28 16:40:08] [INFO] [org.quartz.core.QuartzScheduler] Scheduler quartzScheduler_$_NON_CLUSTERED started.
[2021-12-28 16:40:08] [INFO] [org.apache.coyote.http11.Http11NioProtocol] Starting ProtocolHandler ["http-nio-8084"]
[2021-12-28 16:40:08] [INFO] [org.springframework.boot.web.embedded.tomcat.TomcatWebServer] Tomcat started on port(s): 8084 (http) with context path ''
[2021-12-28 16:40:08] [INFO] [com.alibaba.cloud.nacos.registry.NacosServiceRegistry] nacos registry, DEFAULT_GROUP kangkang-file-process 192.168.8.150:8084 register finished
[2021-12-28 16:40:08] [INFO] [com.kangkang.FileProcessApplication] Started FileProcessApplication in 2.812 seconds (JVM running for 3.494)
[2021-12-28 16:40:20] [INFO] [org.apache.catalina.core.ContainerBase.[Tomcat].[localhost].[/]] Initializing Spring DispatcherServlet 'dispatcherServlet'
[2021-12-28 16:40:20] [INFO] [org.springframework.web.servlet.DispatcherServlet] Initializing Servlet 'dispatcherServlet'
[2021-12-28 16:40:20] [INFO] [org.springframework.web.servlet.DispatcherServlet] Completed initialization in 5 ms
[2021-12-28 16:40:20] [WARN] [org.elasticsearch.client.RestClient] request [POST http://101.43.21.125:9200/kangkang_store_info/doc/_search?rest_total_hits_as_int=true&typed_keys=true&ignore_unavailable=false&expand_wildcards=open&allow_no_indices=true&ignore_throttled=true&search_type=dfs_query_then_fetch&batched_reduce_size=512] returned 1 warnings: [299 Elasticsearch-7.4.2-2f90bbf7b93631e52bafb59b3b049cb44ec25e96 "[types removal] Specifying types in search requests is deprecated."]
[2021-12-28 16:40:52] [INFO] [org.quartz.core.QuartzScheduler] Scheduler quartzScheduler_$_NON_CLUSTERED paused.
[2021-12-28 16:40:52] [INFO] [org.springframework.scheduling.quartz.SchedulerFactoryBean] Shutting down Quartz Scheduler
[2021-12-28 16:40:52] [INFO] [org.quartz.core.QuartzScheduler] Scheduler quartzScheduler_$_NON_CLUSTERED shutting down.
[2021-12-28 16:40:52] [INFO] [org.quartz.core.QuartzScheduler] Scheduler quartzScheduler_$_NON_CLUSTERED paused.
[2021-12-28 16:40:52] [INFO] [org.quartz.core.QuartzScheduler] Scheduler quartzScheduler_$_NON_CLUSTERED shutdown complete.
[2021-12-28 16:40:52] [INFO] [com.alibaba.cloud.nacos.registry.NacosServiceRegistry] De-registering from Nacos Server now...
[2021-12-28 16:40:52] [INFO] [com.alibaba.cloud.nacos.registry.NacosServiceRegistry] De-registration finished.
[2021-12-28 16:40:52] [INFO] [org.springframework.scheduling.concurrent.ThreadPoolTaskExecutor] Shutting down ExecutorService 'applicationTaskExecutor'
[2021-12-28 16:40:52] [INFO] [com.zaxxer.hikari.HikariDataSource] HikariPool-1 - Shutdown initiated...
[2021-12-28 16:40:52] [INFO] [com.zaxxer.hikari.HikariDataSource] HikariPool-1 - Shutdown completed.
[2021-12-28 16:44:45] [INFO] [com.ulisesbocchio.jasyptspringboot.configuration.EnableEncryptablePropertiesBeanFactoryPostProcessor] Post-processing PropertySource instances
[2021-12-28 16:44:45] [INFO] [com.ulisesbocchio.jasyptspringboot.EncryptablePropertySourceConverter] Converting PropertySource configurationProperties [org.springframework.boot.context.properties.source.ConfigurationPropertySourcesPropertySource] to AOP Proxy
[2021-12-28 16:44:45] [INFO] [com.ulisesbocchio.jasyptspringboot.EncryptablePropertySourceConverter] Converting PropertySource bootstrap [org.springframework.core.env.MapPropertySource] to EncryptableMapPropertySourceWrapper
[2021-12-28 16:44:45] [INFO] [com.ulisesbocchio.jasyptspringboot.EncryptablePropertySourceConverter] Converting PropertySource systemProperties [org.springframework.core.env.PropertiesPropertySource] to EncryptableMapPropertySourceWrapper
[2021-12-28 16:44:45] [INFO] [com.ulisesbocchio.jasyptspringboot.EncryptablePropertySourceConverter] Converting PropertySource systemEnvironment [org.springframework.boot.env.SystemEnvironmentPropertySourceEnvironmentPostProcessor$OriginAwareSystemEnvironmentPropertySource] to EncryptableSystemEnvironmentPropertySourceWrapper
[2021-12-28 16:44:45] [INFO] [com.ulisesbocchio.jasyptspringboot.EncryptablePropertySourceConverter] Converting PropertySource random [org.springframework.boot.env.RandomValuePropertySource] to EncryptablePropertySourceWrapper
[2021-12-28 16:44:45] [INFO] [com.ulisesbocchio.jasyptspringboot.EncryptablePropertySourceConverter] Converting PropertySource springCloudClientHostInfo [org.springframework.core.env.MapPropertySource] to EncryptableMapPropertySourceWrapper
[2021-12-28 16:44:45] [INFO] [org.springframework.context.support.PostProcessorRegistrationDelegate$BeanPostProcessorChecker] Bean 'org.springframework.cloud.autoconfigure.ConfigurationPropertiesRebinderAutoConfiguration' of type [org.springframework.cloud.autoconfigure.ConfigurationPropertiesRebinderAutoConfiguration] is not eligible for getting processed by all BeanPostProcessors (for example: not eligible for auto-proxying)
[2021-12-28 16:44:45] [INFO] [com.ulisesbocchio.jasyptspringboot.filter.DefaultLazyPropertyFilter] Property Filter custom Bean not found with name 'encryptablePropertyFilter'. Initializing Default Property Filter
[2021-12-28 16:44:45] [INFO] [com.ulisesbocchio.jasyptspringboot.resolver.DefaultLazyPropertyResolver] Property Resolver custom Bean not found with name 'encryptablePropertyResolver'. Initializing Default Property Resolver
[2021-12-28 16:44:45] [INFO] [com.ulisesbocchio.jasyptspringboot.detector.DefaultLazyPropertyDetector] Property Detector custom Bean not found with name 'encryptablePropertyDetector'. Initializing Default Property Detector
[2021-12-28 16:44:45] [INFO] [com.kangkang.FileProcessApplication] No active profile set, falling back to default profiles: default
[2021-12-28 16:44:46] [INFO] [org.springframework.data.repository.config.RepositoryConfigurationDelegate] Bootstrapping Spring Data Elasticsearch repositories in DEFAULT mode.
[2021-12-28 16:44:46] [INFO] [org.springframework.data.repository.config.RepositoryConfigurationDelegate] Finished Spring Data repository scanning in 34ms. Found 1 Elasticsearch repository interfaces.
[2021-12-28 16:44:46] [INFO] [org.springframework.data.repository.config.RepositoryConfigurationDelegate] Bootstrapping Spring Data Reactive Elasticsearch repositories in DEFAULT mode.
[2021-12-28 16:44:46] [INFO] [org.springframework.data.repository.config.RepositoryConfigurationDelegate] Finished Spring Data repository scanning in 3ms. Found 0 Reactive Elasticsearch repository interfaces.
[2021-12-28 16:44:46] [WARN] [org.mybatis.spring.mapper.ClassPathMapperScanner] Skipping MapperFactoryBean with name 'ESStoreVORepository' and 'com.kangkang.file.dao.esdao.ESStoreVORepository' mapperInterface. Bean already defined with the same name!
[2021-12-28 16:44:46] [INFO] [org.springframework.cloud.context.scope.GenericScope] BeanFactory id=4594f29b-ef7e-3e56-b28c-1392d93ca26a
[2021-12-28 16:44:46] [INFO] [com.ulisesbocchio.jasyptspringboot.configuration.EnableEncryptablePropertiesBeanFactoryPostProcessor] Post-processing PropertySource instances
[2021-12-28 16:44:46] [INFO] [com.ulisesbocchio.jasyptspringboot.EncryptablePropertySourceConverter] Converting PropertySource configurationProperties [org.springframework.boot.context.properties.source.ConfigurationPropertySourcesPropertySource] to AOP Proxy
[2021-12-28 16:44:46] [INFO] [com.ulisesbocchio.jasyptspringboot.EncryptablePropertySourceConverter] Converting PropertySource servletConfigInitParams [org.springframework.core.env.PropertySource$StubPropertySource] to EncryptablePropertySourceWrapper
[2021-12-28 16:44:46] [INFO] [com.ulisesbocchio.jasyptspringboot.EncryptablePropertySourceConverter] Converting PropertySource servletContextInitParams [org.springframework.core.env.PropertySource$StubPropertySource] to EncryptablePropertySourceWrapper
[2021-12-28 16:44:46] [INFO] [com.ulisesbocchio.jasyptspringboot.EncryptablePropertySourceConverter] Converting PropertySource systemProperties [org.springframework.core.env.PropertiesPropertySource] to EncryptableMapPropertySourceWrapper
[2021-12-28 16:44:46] [INFO] [com.ulisesbocchio.jasyptspringboot.EncryptablePropertySourceConverter] Converting PropertySource systemEnvironment [org.springframework.boot.env.SystemEnvironmentPropertySourceEnvironmentPostProcessor$OriginAwareSystemEnvironmentPropertySource] to EncryptableSystemEnvironmentPropertySourceWrapper
[2021-12-28 16:44:46] [INFO] [com.ulisesbocchio.jasyptspringboot.EncryptablePropertySourceConverter] Converting PropertySource random [org.springframework.boot.env.RandomValuePropertySource] to EncryptablePropertySourceWrapper
[2021-12-28 16:44:46] [INFO] [com.ulisesbocchio.jasyptspringboot.EncryptablePropertySourceConverter] Converting PropertySource springCloudClientHostInfo [org.springframework.core.env.MapPropertySource] to EncryptableMapPropertySourceWrapper
[2021-12-28 16:44:46] [INFO] [com.ulisesbocchio.jasyptspringboot.EncryptablePropertySourceConverter] Converting PropertySource applicationConfig: [classpath:/application.properties] [org.springframework.boot.env.OriginTrackedMapPropertySource] to EncryptableMapPropertySourceWrapper
[2021-12-28 16:44:46] [INFO] [com.ulisesbocchio.jasyptspringboot.EncryptablePropertySourceConverter] Converting PropertySource applicationConfig: [classpath:/application.yml] [org.springframework.boot.env.OriginTrackedMapPropertySource] to EncryptableMapPropertySourceWrapper
[2021-12-28 16:44:46] [INFO] [com.ulisesbocchio.jasyptspringboot.EncryptablePropertySourceConverter] Converting PropertySource springCloudDefaultProperties [org.springframework.core.env.MapPropertySource] to EncryptableMapPropertySourceWrapper
[2021-12-28 16:44:46] [INFO] [com.ulisesbocchio.jasyptspringboot.filter.DefaultLazyPropertyFilter] Property Filter custom Bean not found with name 'encryptablePropertyFilter'. Initializing Default Property Filter
[2021-12-28 16:44:46] [INFO] [org.springframework.context.support.PostProcessorRegistrationDelegate$BeanPostProcessorChecker] Bean 'org.springframework.transaction.annotation.ProxyTransactionManagementConfiguration' of type [org.springframework.transaction.annotation.ProxyTransactionManagementConfiguration] is not eligible for getting processed by all BeanPostProcessors (for example: not eligible for auto-proxying)
[2021-12-28 16:44:46] [INFO] [org.springframework.context.support.PostProcessorRegistrationDelegate$BeanPostProcessorChecker] Bean 'org.springframework.cloud.autoconfigure.ConfigurationPropertiesRebinderAutoConfiguration' of type [org.springframework.cloud.autoconfigure.ConfigurationPropertiesRebinderAutoConfiguration] is not eligible for getting processed by all BeanPostProcessors (for example: not eligible for auto-proxying)
[2021-12-28 16:44:46] [INFO] [org.springframework.boot.web.embedded.tomcat.TomcatWebServer] Tomcat initialized with port(s): 8084 (http)
[2021-12-28 16:44:46] [INFO] [org.apache.coyote.http11.Http11NioProtocol] Initializing ProtocolHandler ["http-nio-8084"]
[2021-12-28 16:44:46] [INFO] [org.apache.catalina.core.StandardService] Starting service [Tomcat]
[2021-12-28 16:44:46] [INFO] [org.apache.catalina.core.StandardEngine] Starting Servlet engine: [Apache Tomcat/9.0.29]
[2021-12-28 16:44:46] [INFO] [org.apache.catalina.core.ContainerBase.[Tomcat].[localhost].[/]] Initializing Spring embedded WebApplicationContext
[2021-12-28 16:44:46] [INFO] [org.springframework.web.context.ContextLoader] Root WebApplicationContext: initialization completed in 782 ms
[2021-12-28 16:44:46] [INFO] [com.ulisesbocchio.jasyptspringboot.resolver.DefaultLazyPropertyResolver] Property Resolver custom Bean not found with name 'encryptablePropertyResolver'. Initializing Default Property Resolver
[2021-12-28 16:44:46] [INFO] [com.ulisesbocchio.jasyptspringboot.detector.DefaultLazyPropertyDetector] Property Detector custom Bean not found with name 'encryptablePropertyDetector'. Initializing Default Property Detector
[2021-12-28 16:44:47] [WARN] [org.elasticsearch.client.RestClient] request [PUT http://101.43.21.125:9200/kangkang_store_info/_mapping/doc?master_timeout=30s&include_type_name=true&timeout=30s] returned 1 warnings: [299 Elasticsearch-7.4.2-2f90bbf7b93631e52bafb59b3b049cb44ec25e96 "[types removal] Using include_type_name in put mapping requests is deprecated. The parameter will be removed in the next major version."]
[2021-12-28 16:44:47] [ERROR] [org.springframework.data.elasticsearch.repository.support.AbstractElasticsearchRepository] failed to load elasticsearch nodes : org.elasticsearch.ElasticsearchStatusException: Elasticsearch exception [type=mapper_parsing_exception, reason=Mapping definition for [skuTitle] has unsupported parameters:  [analyzer : ik_max_word]]
[2021-12-28 16:44:47] [INFO] [com.kangkang.file.config.InitDataConfig] =========开始获取配置信息============
[2021-12-28 16:44:47] [INFO] [com.zaxxer.hikari.HikariDataSource] HikariPool-1 - Starting...
[2021-12-28 16:44:47] [INFO] [com.zaxxer.hikari.HikariDataSource] HikariPool-1 - Start completed.
[2021-12-28 16:44:47] [INFO] [com.kangkang.file.config.InitDataConfig] {confValue=bb, confKey=aa}
[2021-12-28 16:44:47] [INFO] [com.kangkang.file.config.InitDataConfig] 这里可以做一些属性的初始化的工作。。。。。
[2021-12-28 16:44:47] [WARN] [com.netflix.config.sources.URLConfigurationSource] No URLs will be polled as dynamic configuration sources.
[2021-12-28 16:44:47] [INFO] [com.netflix.config.sources.URLConfigurationSource] To enable URLs as dynamic configuration sources, define System property archaius.configurationSource.additionalUrls or make config.properties available on classpath.
[2021-12-28 16:44:47] [WARN] [com.netflix.config.sources.URLConfigurationSource] No URLs will be polled as dynamic configuration sources.
[2021-12-28 16:44:47] [INFO] [com.netflix.config.sources.URLConfigurationSource] To enable URLs as dynamic configuration sources, define System property archaius.configurationSource.additionalUrls or make config.properties available on classpath.
[2021-12-28 16:44:47] [INFO] [org.springframework.scheduling.concurrent.ThreadPoolTaskExecutor] Initializing ExecutorService 'applicationTaskExecutor'
[2021-12-28 16:44:47] [INFO] [org.springframework.scheduling.concurrent.ThreadPoolTaskScheduler] Initializing ExecutorService 'Nacso-Watch-Task-Scheduler'
[2021-12-28 16:44:48] [WARN] [org.springframework.boot.autoconfigure.freemarker.FreeMarkerAutoConfiguration] Cannot find template location(s): [classpath:/templates/] (please add some templates, check your FreeMarker configuration, or set spring.freemarker.checkTemplateLocation=false)
[2021-12-28 16:44:48] [INFO] [org.quartz.impl.StdSchedulerFactory] Using default implementation for ThreadExecutor
[2021-12-28 16:44:48] [INFO] [org.quartz.core.SchedulerSignalerImpl] Initialized Scheduler Signaller of type: class org.quartz.core.SchedulerSignalerImpl
[2021-12-28 16:44:48] [INFO] [org.quartz.core.QuartzScheduler] Quartz Scheduler v.2.3.2 created.
[2021-12-28 16:44:48] [INFO] [org.quartz.simpl.RAMJobStore] RAMJobStore initialized.
[2021-12-28 16:44:48] [INFO] [org.quartz.core.QuartzScheduler] Scheduler meta-data: Quartz Scheduler (v2.3.2) 'quartzScheduler' with instanceId 'NON_CLUSTERED'
  Scheduler class: 'org.quartz.core.QuartzScheduler' - running locally.
  NOT STARTED.
  Currently in standby mode.
  Number of jobs executed: 0
  Using thread pool 'org.quartz.simpl.SimpleThreadPool' - with 10 threads.
  Using job-store 'org.quartz.simpl.RAMJobStore' - which does not support persistence. and is not clustered.

[2021-12-28 16:44:48] [INFO] [org.quartz.impl.StdSchedulerFactory] Quartz scheduler 'quartzScheduler' initialized from an externally provided properties instance.
[2021-12-28 16:44:48] [INFO] [org.quartz.impl.StdSchedulerFactory] Quartz scheduler version: 2.3.2
[2021-12-28 16:44:48] [INFO] [org.quartz.core.QuartzScheduler] JobFactory set to: org.springframework.scheduling.quartz.SpringBeanJobFactory@7e77678c
[2021-12-28 16:44:48] [INFO] [org.springframework.scheduling.quartz.SchedulerFactoryBean] Starting Quartz Scheduler now
[2021-12-28 16:44:48] [INFO] [org.quartz.core.QuartzScheduler] Scheduler quartzScheduler_$_NON_CLUSTERED started.
[2021-12-28 16:44:48] [INFO] [org.apache.coyote.http11.Http11NioProtocol] Starting ProtocolHandler ["http-nio-8084"]
[2021-12-28 16:44:48] [INFO] [org.springframework.boot.web.embedded.tomcat.TomcatWebServer] Tomcat started on port(s): 8084 (http) with context path ''
[2021-12-28 16:44:48] [INFO] [com.alibaba.cloud.nacos.registry.NacosServiceRegistry] nacos registry, DEFAULT_GROUP kangkang-file-process 192.168.8.150:8084 register finished
[2021-12-28 16:44:48] [INFO] [com.kangkang.FileProcessApplication] Started FileProcessApplication in 2.951 seconds (JVM running for 3.61)
[2021-12-28 16:44:51] [INFO] [org.apache.catalina.core.ContainerBase.[Tomcat].[localhost].[/]] Initializing Spring DispatcherServlet 'dispatcherServlet'
[2021-12-28 16:44:51] [INFO] [org.springframework.web.servlet.DispatcherServlet] Initializing Servlet 'dispatcherServlet'
[2021-12-28 16:44:51] [INFO] [org.springframework.web.servlet.DispatcherServlet] Completed initialization in 4 ms
[2021-12-28 16:44:51] [WARN] [org.elasticsearch.client.RestClient] request [POST http://101.43.21.125:9200/kangkang_store_info/doc/_search?rest_total_hits_as_int=true&typed_keys=true&ignore_unavailable=false&expand_wildcards=open&allow_no_indices=true&ignore_throttled=true&search_type=dfs_query_then_fetch&batched_reduce_size=512] returned 1 warnings: [299 Elasticsearch-7.4.2-2f90bbf7b93631e52bafb59b3b049cb44ec25e96 "[types removal] Specifying types in search requests is deprecated."]
[2021-12-28 16:45:55] [INFO] [com.kangkang.quartz.impl.EsStoreInfoUpdateJob] =====数据库的数据更新到es开始执行====
[2021-12-28 16:45:55] [WARN] [com.zaxxer.hikari.pool.HikariPool] HikariPool-1 - Thread starvation or clock leap detected (housekeeper delta=1m7s922ms).
[2021-12-28 16:45:55] [INFO] [org.quartz.core.QuartzScheduler] Scheduler quartzScheduler_$_NON_CLUSTERED paused.
[2021-12-28 16:45:55] [INFO] [org.springframework.scheduling.quartz.SchedulerFactoryBean] Shutting down Quartz Scheduler
[2021-12-28 16:45:55] [INFO] [org.quartz.core.QuartzScheduler] Scheduler quartzScheduler_$_NON_CLUSTERED shutting down.
[2021-12-28 16:45:55] [INFO] [org.quartz.core.QuartzScheduler] Scheduler quartzScheduler_$_NON_CLUSTERED paused.
[2021-12-28 16:45:55] [INFO] [org.quartz.core.QuartzScheduler] Scheduler quartzScheduler_$_NON_CLUSTERED shutdown complete.
[2021-12-28 16:45:55] [INFO] [com.alibaba.cloud.nacos.registry.NacosServiceRegistry] De-registering from Nacos Server now...
[2021-12-28 16:45:55] [INFO] [com.alibaba.cloud.nacos.registry.NacosServiceRegistry] De-registration finished.
[2021-12-28 16:45:55] [INFO] [org.springframework.scheduling.concurrent.ThreadPoolTaskExecutor] Shutting down ExecutorService 'applicationTaskExecutor'
[2021-12-28 16:45:55] [INFO] [com.zaxxer.hikari.HikariDataSource] HikariPool-1 - Shutdown initiated...
[2021-12-28 16:45:55] [INFO] [com.zaxxer.hikari.HikariDataSource] HikariPool-1 - Shutdown completed.
[2021-12-28 17:05:57] [INFO] [com.ulisesbocchio.jasyptspringboot.configuration.EnableEncryptablePropertiesBeanFactoryPostProcessor] Post-processing PropertySource instances
[2021-12-28 17:05:57] [INFO] [com.ulisesbocchio.jasyptspringboot.EncryptablePropertySourceConverter] Converting PropertySource configurationProperties [org.springframework.boot.context.properties.source.ConfigurationPropertySourcesPropertySource] to AOP Proxy
[2021-12-28 17:05:57] [INFO] [com.ulisesbocchio.jasyptspringboot.EncryptablePropertySourceConverter] Converting PropertySource bootstrap [org.springframework.core.env.MapPropertySource] to EncryptableMapPropertySourceWrapper
[2021-12-28 17:05:57] [INFO] [com.ulisesbocchio.jasyptspringboot.EncryptablePropertySourceConverter] Converting PropertySource systemProperties [org.springframework.core.env.PropertiesPropertySource] to EncryptableMapPropertySourceWrapper
[2021-12-28 17:05:57] [INFO] [com.ulisesbocchio.jasyptspringboot.EncryptablePropertySourceConverter] Converting PropertySource systemEnvironment [org.springframework.boot.env.SystemEnvironmentPropertySourceEnvironmentPostProcessor$OriginAwareSystemEnvironmentPropertySource] to EncryptableSystemEnvironmentPropertySourceWrapper
[2021-12-28 17:05:57] [INFO] [com.ulisesbocchio.jasyptspringboot.EncryptablePropertySourceConverter] Converting PropertySource random [org.springframework.boot.env.RandomValuePropertySource] to EncryptablePropertySourceWrapper
[2021-12-28 17:05:57] [INFO] [com.ulisesbocchio.jasyptspringboot.EncryptablePropertySourceConverter] Converting PropertySource springCloudClientHostInfo [org.springframework.core.env.MapPropertySource] to EncryptableMapPropertySourceWrapper
[2021-12-28 17:05:57] [INFO] [org.springframework.context.support.PostProcessorRegistrationDelegate$BeanPostProcessorChecker] Bean 'org.springframework.cloud.autoconfigure.ConfigurationPropertiesRebinderAutoConfiguration' of type [org.springframework.cloud.autoconfigure.ConfigurationPropertiesRebinderAutoConfiguration] is not eligible for getting processed by all BeanPostProcessors (for example: not eligible for auto-proxying)
[2021-12-28 17:05:57] [INFO] [com.ulisesbocchio.jasyptspringboot.filter.DefaultLazyPropertyFilter] Property Filter custom Bean not found with name 'encryptablePropertyFilter'. Initializing Default Property Filter
[2021-12-28 17:05:57] [INFO] [com.ulisesbocchio.jasyptspringboot.resolver.DefaultLazyPropertyResolver] Property Resolver custom Bean not found with name 'encryptablePropertyResolver'. Initializing Default Property Resolver
[2021-12-28 17:05:57] [INFO] [com.ulisesbocchio.jasyptspringboot.detector.DefaultLazyPropertyDetector] Property Detector custom Bean not found with name 'encryptablePropertyDetector'. Initializing Default Property Detector
[2021-12-28 17:05:57] [INFO] [com.kangkang.FileProcessApplication] No active profile set, falling back to default profiles: default
[2021-12-28 17:05:58] [INFO] [org.springframework.data.repository.config.RepositoryConfigurationDelegate] Bootstrapping Spring Data Elasticsearch repositories in DEFAULT mode.
[2021-12-28 17:05:58] [INFO] [org.springframework.data.repository.config.RepositoryConfigurationDelegate] Finished Spring Data repository scanning in 31ms. Found 1 Elasticsearch repository interfaces.
[2021-12-28 17:05:58] [INFO] [org.springframework.data.repository.config.RepositoryConfigurationDelegate] Bootstrapping Spring Data Reactive Elasticsearch repositories in DEFAULT mode.
[2021-12-28 17:05:58] [INFO] [org.springframework.data.repository.config.RepositoryConfigurationDelegate] Finished Spring Data repository scanning in 3ms. Found 0 Reactive Elasticsearch repository interfaces.
[2021-12-28 17:05:58] [WARN] [org.mybatis.spring.mapper.ClassPathMapperScanner] Skipping MapperFactoryBean with name 'ESStoreVORepository' and 'com.kangkang.file.dao.esdao.ESStoreVORepository' mapperInterface. Bean already defined with the same name!
[2021-12-28 17:05:58] [INFO] [org.springframework.cloud.context.scope.GenericScope] BeanFactory id=4594f29b-ef7e-3e56-b28c-1392d93ca26a
[2021-12-28 17:05:58] [INFO] [com.ulisesbocchio.jasyptspringboot.configuration.EnableEncryptablePropertiesBeanFactoryPostProcessor] Post-processing PropertySource instances
[2021-12-28 17:05:58] [INFO] [com.ulisesbocchio.jasyptspringboot.EncryptablePropertySourceConverter] Converting PropertySource configurationProperties [org.springframework.boot.context.properties.source.ConfigurationPropertySourcesPropertySource] to AOP Proxy
[2021-12-28 17:05:58] [INFO] [com.ulisesbocchio.jasyptspringboot.EncryptablePropertySourceConverter] Converting PropertySource servletConfigInitParams [org.springframework.core.env.PropertySource$StubPropertySource] to EncryptablePropertySourceWrapper
[2021-12-28 17:05:58] [INFO] [com.ulisesbocchio.jasyptspringboot.EncryptablePropertySourceConverter] Converting PropertySource servletContextInitParams [org.springframework.core.env.PropertySource$StubPropertySource] to EncryptablePropertySourceWrapper
[2021-12-28 17:05:58] [INFO] [com.ulisesbocchio.jasyptspringboot.EncryptablePropertySourceConverter] Converting PropertySource systemProperties [org.springframework.core.env.PropertiesPropertySource] to EncryptableMapPropertySourceWrapper
[2021-12-28 17:05:58] [INFO] [com.ulisesbocchio.jasyptspringboot.EncryptablePropertySourceConverter] Converting PropertySource systemEnvironment [org.springframework.boot.env.SystemEnvironmentPropertySourceEnvironmentPostProcessor$OriginAwareSystemEnvironmentPropertySource] to EncryptableSystemEnvironmentPropertySourceWrapper
[2021-12-28 17:05:58] [INFO] [com.ulisesbocchio.jasyptspringboot.EncryptablePropertySourceConverter] Converting PropertySource random [org.springframework.boot.env.RandomValuePropertySource] to EncryptablePropertySourceWrapper
[2021-12-28 17:05:58] [INFO] [com.ulisesbocchio.jasyptspringboot.EncryptablePropertySourceConverter] Converting PropertySource springCloudClientHostInfo [org.springframework.core.env.MapPropertySource] to EncryptableMapPropertySourceWrapper
[2021-12-28 17:05:58] [INFO] [com.ulisesbocchio.jasyptspringboot.EncryptablePropertySourceConverter] Converting PropertySource applicationConfig: [classpath:/application.properties] [org.springframework.boot.env.OriginTrackedMapPropertySource] to EncryptableMapPropertySourceWrapper
[2021-12-28 17:05:58] [INFO] [com.ulisesbocchio.jasyptspringboot.EncryptablePropertySourceConverter] Converting PropertySource applicationConfig: [classpath:/application.yml] [org.springframework.boot.env.OriginTrackedMapPropertySource] to EncryptableMapPropertySourceWrapper
[2021-12-28 17:05:58] [INFO] [com.ulisesbocchio.jasyptspringboot.EncryptablePropertySourceConverter] Converting PropertySource springCloudDefaultProperties [org.springframework.core.env.MapPropertySource] to EncryptableMapPropertySourceWrapper
[2021-12-28 17:05:58] [INFO] [com.ulisesbocchio.jasyptspringboot.filter.DefaultLazyPropertyFilter] Property Filter custom Bean not found with name 'encryptablePropertyFilter'. Initializing Default Property Filter
[2021-12-28 17:05:58] [INFO] [org.springframework.context.support.PostProcessorRegistrationDelegate$BeanPostProcessorChecker] Bean 'org.springframework.transaction.annotation.ProxyTransactionManagementConfiguration' of type [org.springframework.transaction.annotation.ProxyTransactionManagementConfiguration] is not eligible for getting processed by all BeanPostProcessors (for example: not eligible for auto-proxying)
[2021-12-28 17:05:58] [INFO] [org.springframework.context.support.PostProcessorRegistrationDelegate$BeanPostProcessorChecker] Bean 'org.springframework.cloud.autoconfigure.ConfigurationPropertiesRebinderAutoConfiguration' of type [org.springframework.cloud.autoconfigure.ConfigurationPropertiesRebinderAutoConfiguration] is not eligible for getting processed by all BeanPostProcessors (for example: not eligible for auto-proxying)
[2021-12-28 17:05:58] [INFO] [org.springframework.boot.web.embedded.tomcat.TomcatWebServer] Tomcat initialized with port(s): 8084 (http)
[2021-12-28 17:05:58] [INFO] [org.apache.coyote.http11.Http11NioProtocol] Initializing ProtocolHandler ["http-nio-8084"]
[2021-12-28 17:05:58] [INFO] [org.apache.catalina.core.StandardService] Starting service [Tomcat]
[2021-12-28 17:05:58] [INFO] [org.apache.catalina.core.StandardEngine] Starting Servlet engine: [Apache Tomcat/9.0.29]
[2021-12-28 17:05:58] [INFO] [org.apache.catalina.core.ContainerBase.[Tomcat].[localhost].[/]] Initializing Spring embedded WebApplicationContext
[2021-12-28 17:05:58] [INFO] [org.springframework.web.context.ContextLoader] Root WebApplicationContext: initialization completed in 763 ms
[2021-12-28 17:05:58] [INFO] [com.ulisesbocchio.jasyptspringboot.resolver.DefaultLazyPropertyResolver] Property Resolver custom Bean not found with name 'encryptablePropertyResolver'. Initializing Default Property Resolver
[2021-12-28 17:05:58] [INFO] [com.ulisesbocchio.jasyptspringboot.detector.DefaultLazyPropertyDetector] Property Detector custom Bean not found with name 'encryptablePropertyDetector'. Initializing Default Property Detector
[2021-12-28 17:05:59] [WARN] [org.elasticsearch.client.RestClient] request [PUT http://101.43.21.125:9200/kangkang_store_info/_mapping/doc?master_timeout=30s&include_type_name=true&timeout=30s] returned 1 warnings: [299 Elasticsearch-7.4.2-2f90bbf7b93631e52bafb59b3b049cb44ec25e96 "[types removal] Using include_type_name in put mapping requests is deprecated. The parameter will be removed in the next major version."]
[2021-12-28 17:05:59] [ERROR] [org.springframework.data.elasticsearch.repository.support.AbstractElasticsearchRepository] failed to load elasticsearch nodes : org.elasticsearch.ElasticsearchStatusException: Elasticsearch exception [type=mapper_parsing_exception, reason=Mapping definition for [skuTitle] has unsupported parameters:  [analyzer : ik_max_word]]
[2021-12-28 17:05:59] [INFO] [com.kangkang.file.config.InitDataConfig] =========开始获取配置信息============
[2021-12-28 17:05:59] [INFO] [com.zaxxer.hikari.HikariDataSource] HikariPool-1 - Starting...
[2021-12-28 17:05:59] [INFO] [com.zaxxer.hikari.HikariDataSource] HikariPool-1 - Start completed.
[2021-12-28 17:05:59] [INFO] [com.kangkang.file.config.InitDataConfig] {confValue=bb, confKey=aa}
[2021-12-28 17:05:59] [INFO] [com.kangkang.file.config.InitDataConfig] 这里可以做一些属性的初始化的工作。。。。。
[2021-12-28 17:05:59] [WARN] [com.netflix.config.sources.URLConfigurationSource] No URLs will be polled as dynamic configuration sources.
[2021-12-28 17:05:59] [INFO] [com.netflix.config.sources.URLConfigurationSource] To enable URLs as dynamic configuration sources, define System property archaius.configurationSource.additionalUrls or make config.properties available on classpath.
[2021-12-28 17:05:59] [WARN] [com.netflix.config.sources.URLConfigurationSource] No URLs will be polled as dynamic configuration sources.
[2021-12-28 17:05:59] [INFO] [com.netflix.config.sources.URLConfigurationSource] To enable URLs as dynamic configuration sources, define System property archaius.configurationSource.additionalUrls or make config.properties available on classpath.
[2021-12-28 17:05:59] [INFO] [org.springframework.scheduling.concurrent.ThreadPoolTaskExecutor] Initializing ExecutorService 'applicationTaskExecutor'
[2021-12-28 17:05:59] [INFO] [org.springframework.scheduling.concurrent.ThreadPoolTaskScheduler] Initializing ExecutorService 'Nacso-Watch-Task-Scheduler'
[2021-12-28 17:05:59] [WARN] [org.springframework.boot.autoconfigure.freemarker.FreeMarkerAutoConfiguration] Cannot find template location(s): [classpath:/templates/] (please add some templates, check your FreeMarker configuration, or set spring.freemarker.checkTemplateLocation=false)
[2021-12-28 17:05:59] [INFO] [org.quartz.impl.StdSchedulerFactory] Using default implementation for ThreadExecutor
[2021-12-28 17:06:00] [INFO] [org.quartz.core.SchedulerSignalerImpl] Initialized Scheduler Signaller of type: class org.quartz.core.SchedulerSignalerImpl
[2021-12-28 17:06:00] [INFO] [org.quartz.core.QuartzScheduler] Quartz Scheduler v.2.3.2 created.
[2021-12-28 17:06:00] [INFO] [org.quartz.simpl.RAMJobStore] RAMJobStore initialized.
[2021-12-28 17:06:00] [INFO] [org.quartz.core.QuartzScheduler] Scheduler meta-data: Quartz Scheduler (v2.3.2) 'quartzScheduler' with instanceId 'NON_CLUSTERED'
  Scheduler class: 'org.quartz.core.QuartzScheduler' - running locally.
  NOT STARTED.
  Currently in standby mode.
  Number of jobs executed: 0
  Using thread pool 'org.quartz.simpl.SimpleThreadPool' - with 10 threads.
  Using job-store 'org.quartz.simpl.RAMJobStore' - which does not support persistence. and is not clustered.

[2021-12-28 17:06:00] [INFO] [org.quartz.impl.StdSchedulerFactory] Quartz scheduler 'quartzScheduler' initialized from an externally provided properties instance.
[2021-12-28 17:06:00] [INFO] [org.quartz.impl.StdSchedulerFactory] Quartz scheduler version: 2.3.2
[2021-12-28 17:06:00] [INFO] [org.quartz.core.QuartzScheduler] JobFactory set to: org.springframework.scheduling.quartz.SpringBeanJobFactory@35dcd032
[2021-12-28 17:06:00] [INFO] [org.springframework.scheduling.quartz.SchedulerFactoryBean] Starting Quartz Scheduler now
[2021-12-28 17:06:00] [INFO] [org.quartz.core.QuartzScheduler] Scheduler quartzScheduler_$_NON_CLUSTERED started.
[2021-12-28 17:06:00] [INFO] [org.apache.coyote.http11.Http11NioProtocol] Starting ProtocolHandler ["http-nio-8084"]
[2021-12-28 17:06:00] [INFO] [org.springframework.boot.web.embedded.tomcat.TomcatWebServer] Tomcat started on port(s): 8084 (http) with context path ''
[2021-12-28 17:06:00] [INFO] [com.alibaba.cloud.nacos.registry.NacosServiceRegistry] nacos registry, DEFAULT_GROUP kangkang-file-process 192.168.8.150:8084 register finished
[2021-12-28 17:06:00] [INFO] [com.kangkang.FileProcessApplication] Started FileProcessApplication in 2.909 seconds (JVM running for 3.593)
[2021-12-28 17:06:05] [INFO] [org.apache.catalina.core.ContainerBase.[Tomcat].[localhost].[/]] Initializing Spring DispatcherServlet 'dispatcherServlet'
[2021-12-28 17:06:05] [INFO] [org.springframework.web.servlet.DispatcherServlet] Initializing Servlet 'dispatcherServlet'
[2021-12-28 17:06:05] [INFO] [org.springframework.web.servlet.DispatcherServlet] Completed initialization in 5 ms
[2021-12-28 17:06:05] [WARN] [org.elasticsearch.client.RestClient] request [POST http://101.43.21.125:9200/kangkang_store_info/doc/_search?rest_total_hits_as_int=true&typed_keys=true&ignore_unavailable=false&expand_wildcards=open&allow_no_indices=true&ignore_throttled=true&search_type=dfs_query_then_fetch&batched_reduce_size=512] returned 1 warnings: [299 Elasticsearch-7.4.2-2f90bbf7b93631e52bafb59b3b049cb44ec25e96 "[types removal] Specifying types in search requests is deprecated."]
[2021-12-28 17:08:09] [INFO] [com.kangkang.quartz.impl.EsStoreInfoUpdateJob] =====数据库的数据更新到es开始执行====
[2021-12-28 17:08:09] [WARN] [com.zaxxer.hikari.pool.HikariPool] HikariPool-1 - Thread starvation or clock leap detected (housekeeper delta=2m9s907ms).
[2021-12-28 17:08:09] [INFO] [org.quartz.core.QuartzScheduler] Scheduler quartzScheduler_$_NON_CLUSTERED paused.
[2021-12-28 17:08:09] [INFO] [org.springframework.scheduling.quartz.SchedulerFactoryBean] Shutting down Quartz Scheduler
[2021-12-28 17:08:09] [INFO] [org.quartz.core.QuartzScheduler] Scheduler quartzScheduler_$_NON_CLUSTERED shutting down.
[2021-12-28 17:08:09] [INFO] [org.quartz.core.QuartzScheduler] Scheduler quartzScheduler_$_NON_CLUSTERED paused.
[2021-12-28 17:08:09] [INFO] [org.quartz.core.QuartzScheduler] Scheduler quartzScheduler_$_NON_CLUSTERED shutdown complete.
[2021-12-28 17:08:09] [INFO] [com.alibaba.cloud.nacos.registry.NacosServiceRegistry] De-registering from Nacos Server now...
[2021-12-28 17:08:09] [INFO] [com.alibaba.cloud.nacos.registry.NacosServiceRegistry] De-registration finished.
[2021-12-28 17:08:09] [INFO] [org.springframework.scheduling.concurrent.ThreadPoolTaskExecutor] Shutting down ExecutorService 'applicationTaskExecutor'
[2021-12-28 17:08:09] [INFO] [com.zaxxer.hikari.HikariDataSource] HikariPool-1 - Shutdown initiated...
[2021-12-28 17:08:09] [INFO] [com.zaxxer.hikari.HikariDataSource] HikariPool-1 - Shutdown completed.
