[2021-12-06 20:40:31] [INFO] [com.ulisesbocchio.jasyptspringboot.configuration.EnableEncryptablePropertiesBeanFactoryPostProcessor] Post-processing PropertySource instances
[2021-12-06 20:40:32] [INFO] [com.ulisesbocchio.jasyptspringboot.EncryptablePropertySourceConverter] Converting PropertySource configurationProperties [org.springframework.boot.context.properties.source.ConfigurationPropertySourcesPropertySource] to AOP Proxy
[2021-12-06 20:40:32] [INFO] [com.ulisesbocchio.jasyptspringboot.EncryptablePropertySourceConverter] Converting PropertySource bootstrap [org.springframework.core.env.MapPropertySource] to EncryptableMapPropertySourceWrapper
[2021-12-06 20:40:32] [INFO] [com.ulisesbocchio.jasyptspringboot.EncryptablePropertySourceConverter] Converting PropertySource systemProperties [org.springframework.core.env.PropertiesPropertySource] to EncryptableMapPropertySourceWrapper
[2021-12-06 20:40:32] [INFO] [com.ulisesbocchio.jasyptspringboot.EncryptablePropertySourceConverter] Converting PropertySource systemEnvironment [org.springframework.boot.env.SystemEnvironmentPropertySourceEnvironmentPostProcessor$OriginAwareSystemEnvironmentPropertySource] to EncryptableSystemEnvironmentPropertySourceWrapper
[2021-12-06 20:40:32] [INFO] [com.ulisesbocchio.jasyptspringboot.EncryptablePropertySourceConverter] Converting PropertySource random [org.springframework.boot.env.RandomValuePropertySource] to EncryptablePropertySourceWrapper
[2021-12-06 20:40:32] [INFO] [com.ulisesbocchio.jasyptspringboot.EncryptablePropertySourceConverter] Converting PropertySource springCloudClientHostInfo [org.springframework.core.env.MapPropertySource] to EncryptableMapPropertySourceWrapper
[2021-12-06 20:40:32] [INFO] [org.springframework.context.support.PostProcessorRegistrationDelegate$BeanPostProcessorChecker] Bean 'org.springframework.cloud.autoconfigure.ConfigurationPropertiesRebinderAutoConfiguration' of type [org.springframework.cloud.autoconfigure.ConfigurationPropertiesRebinderAutoConfiguration] is not eligible for getting processed by all BeanPostProcessors (for example: not eligible for auto-proxying)
[2021-12-06 20:40:32] [INFO] [com.ulisesbocchio.jasyptspringboot.filter.DefaultLazyPropertyFilter] Property Filter custom Bean not found with name 'encryptablePropertyFilter'. Initializing Default Property Filter
[2021-12-06 20:40:32] [INFO] [com.ulisesbocchio.jasyptspringboot.resolver.DefaultLazyPropertyResolver] Property Resolver custom Bean not found with name 'encryptablePropertyResolver'. Initializing Default Property Resolver
[2021-12-06 20:40:32] [INFO] [com.ulisesbocchio.jasyptspringboot.detector.DefaultLazyPropertyDetector] Property Detector custom Bean not found with name 'encryptablePropertyDetector'. Initializing Default Property Detector
[2021-12-06 20:40:32] [INFO] [com.kangkang.FileProcessApplication] No active profile set, falling back to default profiles: default
[2021-12-06 20:40:32] [INFO] [org.springframework.cloud.context.scope.GenericScope] BeanFactory id=cdb9c175-e261-3711-a476-565e29a3882e
[2021-12-06 20:40:32] [INFO] [com.ulisesbocchio.jasyptspringboot.configuration.EnableEncryptablePropertiesBeanFactoryPostProcessor] Post-processing PropertySource instances
[2021-12-06 20:40:32] [INFO] [com.ulisesbocchio.jasyptspringboot.EncryptablePropertySourceConverter] Converting PropertySource configurationProperties [org.springframework.boot.context.properties.source.ConfigurationPropertySourcesPropertySource] to AOP Proxy
[2021-12-06 20:40:32] [INFO] [com.ulisesbocchio.jasyptspringboot.EncryptablePropertySourceConverter] Converting PropertySource servletConfigInitParams [org.springframework.core.env.PropertySource$StubPropertySource] to EncryptablePropertySourceWrapper
[2021-12-06 20:40:32] [INFO] [com.ulisesbocchio.jasyptspringboot.EncryptablePropertySourceConverter] Converting PropertySource servletContextInitParams [org.springframework.core.env.PropertySource$StubPropertySource] to EncryptablePropertySourceWrapper
[2021-12-06 20:40:32] [INFO] [com.ulisesbocchio.jasyptspringboot.EncryptablePropertySourceConverter] Converting PropertySource systemProperties [org.springframework.core.env.PropertiesPropertySource] to EncryptableMapPropertySourceWrapper
[2021-12-06 20:40:32] [INFO] [com.ulisesbocchio.jasyptspringboot.EncryptablePropertySourceConverter] Converting PropertySource systemEnvironment [org.springframework.boot.env.SystemEnvironmentPropertySourceEnvironmentPostProcessor$OriginAwareSystemEnvironmentPropertySource] to EncryptableSystemEnvironmentPropertySourceWrapper
[2021-12-06 20:40:32] [INFO] [com.ulisesbocchio.jasyptspringboot.EncryptablePropertySourceConverter] Converting PropertySource random [org.springframework.boot.env.RandomValuePropertySource] to EncryptablePropertySourceWrapper
[2021-12-06 20:40:32] [INFO] [com.ulisesbocchio.jasyptspringboot.EncryptablePropertySourceConverter] Converting PropertySource springCloudClientHostInfo [org.springframework.core.env.MapPropertySource] to EncryptableMapPropertySourceWrapper
[2021-12-06 20:40:32] [INFO] [com.ulisesbocchio.jasyptspringboot.EncryptablePropertySourceConverter] Converting PropertySource applicationConfig: [classpath:/application.properties] [org.springframework.boot.env.OriginTrackedMapPropertySource] to EncryptableMapPropertySourceWrapper
[2021-12-06 20:40:32] [INFO] [com.ulisesbocchio.jasyptspringboot.EncryptablePropertySourceConverter] Converting PropertySource applicationConfig: [classpath:/application.yml] [org.springframework.boot.env.OriginTrackedMapPropertySource] to EncryptableMapPropertySourceWrapper
[2021-12-06 20:40:32] [INFO] [com.ulisesbocchio.jasyptspringboot.EncryptablePropertySourceConverter] Converting PropertySource springCloudDefaultProperties [org.springframework.core.env.MapPropertySource] to EncryptableMapPropertySourceWrapper
[2021-12-06 20:40:32] [INFO] [com.ulisesbocchio.jasyptspringboot.filter.DefaultLazyPropertyFilter] Property Filter custom Bean not found with name 'encryptablePropertyFilter'. Initializing Default Property Filter
[2021-12-06 20:40:32] [INFO] [org.springframework.context.support.PostProcessorRegistrationDelegate$BeanPostProcessorChecker] Bean 'org.springframework.transaction.annotation.ProxyTransactionManagementConfiguration' of type [org.springframework.transaction.annotation.ProxyTransactionManagementConfiguration] is not eligible for getting processed by all BeanPostProcessors (for example: not eligible for auto-proxying)
[2021-12-06 20:40:32] [INFO] [org.springframework.context.support.PostProcessorRegistrationDelegate$BeanPostProcessorChecker] Bean 'org.springframework.cloud.autoconfigure.ConfigurationPropertiesRebinderAutoConfiguration' of type [org.springframework.cloud.autoconfigure.ConfigurationPropertiesRebinderAutoConfiguration] is not eligible for getting processed by all BeanPostProcessors (for example: not eligible for auto-proxying)
[2021-12-06 20:40:32] [INFO] [org.springframework.boot.web.embedded.tomcat.TomcatWebServer] Tomcat initialized with port(s): 8084 (http)
[2021-12-06 20:40:32] [INFO] [org.apache.coyote.http11.Http11NioProtocol] Initializing ProtocolHandler ["http-nio-8084"]
[2021-12-06 20:40:32] [INFO] [org.apache.catalina.core.StandardService] Starting service [Tomcat]
[2021-12-06 20:40:32] [INFO] [org.apache.catalina.core.StandardEngine] Starting Servlet engine: [Apache Tomcat/9.0.29]
[2021-12-06 20:40:32] [INFO] [org.apache.catalina.core.ContainerBase.[Tomcat].[localhost].[/]] Initializing Spring embedded WebApplicationContext
[2021-12-06 20:40:32] [INFO] [org.springframework.web.context.ContextLoader] Root WebApplicationContext: initialization completed in 554 ms
[2021-12-06 20:40:32] [INFO] [com.ulisesbocchio.jasyptspringboot.resolver.DefaultLazyPropertyResolver] Property Resolver custom Bean not found with name 'encryptablePropertyResolver'. Initializing Default Property Resolver
[2021-12-06 20:40:32] [INFO] [com.ulisesbocchio.jasyptspringboot.detector.DefaultLazyPropertyDetector] Property Detector custom Bean not found with name 'encryptablePropertyDetector'. Initializing Default Property Detector
[2021-12-06 20:40:32] [INFO] [com.kangkang.file.config.InitDataConfig] =========开始获取配置信息============
[2021-12-06 20:40:32] [INFO] [com.zaxxer.hikari.HikariDataSource] HikariPool-1 - Starting...
[2021-12-06 20:40:33] [INFO] [com.zaxxer.hikari.HikariDataSource] HikariPool-1 - Start completed.
[2021-12-06 20:40:33] [INFO] [com.kangkang.file.config.InitDataConfig] {confValue=bb, confKey=aa}
[2021-12-06 20:40:33] [INFO] [com.kangkang.file.config.InitDataConfig] 这里可以做一些属性的初始化的工作。。。。。
[2021-12-06 20:40:33] [WARN] [com.netflix.config.sources.URLConfigurationSource] No URLs will be polled as dynamic configuration sources.
[2021-12-06 20:40:33] [INFO] [com.netflix.config.sources.URLConfigurationSource] To enable URLs as dynamic configuration sources, define System property archaius.configurationSource.additionalUrls or make config.properties available on classpath.
[2021-12-06 20:40:33] [WARN] [com.netflix.config.sources.URLConfigurationSource] No URLs will be polled as dynamic configuration sources.
[2021-12-06 20:40:33] [INFO] [com.netflix.config.sources.URLConfigurationSource] To enable URLs as dynamic configuration sources, define System property archaius.configurationSource.additionalUrls or make config.properties available on classpath.
[2021-12-06 20:40:33] [INFO] [org.springframework.scheduling.concurrent.ThreadPoolTaskExecutor] Initializing ExecutorService 'applicationTaskExecutor'
[2021-12-06 20:40:33] [INFO] [org.springframework.scheduling.concurrent.ThreadPoolTaskScheduler] Initializing ExecutorService 'Nacso-Watch-Task-Scheduler'
[2021-12-06 20:40:33] [WARN] [org.springframework.boot.autoconfigure.freemarker.FreeMarkerAutoConfiguration] Cannot find template location(s): [classpath:/templates/] (please add some templates, check your FreeMarker configuration, or set spring.freemarker.checkTemplateLocation=false)
[2021-12-06 20:40:33] [INFO] [org.quartz.impl.StdSchedulerFactory] Using default implementation for ThreadExecutor
[2021-12-06 20:40:33] [INFO] [org.quartz.core.SchedulerSignalerImpl] Initialized Scheduler Signaller of type: class org.quartz.core.SchedulerSignalerImpl
[2021-12-06 20:40:33] [INFO] [org.quartz.core.QuartzScheduler] Quartz Scheduler v.2.3.2 created.
[2021-12-06 20:40:33] [INFO] [org.quartz.simpl.RAMJobStore] RAMJobStore initialized.
[2021-12-06 20:40:33] [INFO] [org.quartz.core.QuartzScheduler] Scheduler meta-data: Quartz Scheduler (v2.3.2) 'quartzScheduler' with instanceId 'NON_CLUSTERED'
  Scheduler class: 'org.quartz.core.QuartzScheduler' - running locally.
  NOT STARTED.
  Currently in standby mode.
  Number of jobs executed: 0
  Using thread pool 'org.quartz.simpl.SimpleThreadPool' - with 10 threads.
  Using job-store 'org.quartz.simpl.RAMJobStore' - which does not support persistence. and is not clustered.

[2021-12-06 20:40:33] [INFO] [org.quartz.impl.StdSchedulerFactory] Quartz scheduler 'quartzScheduler' initialized from an externally provided properties instance.
[2021-12-06 20:40:33] [INFO] [org.quartz.impl.StdSchedulerFactory] Quartz scheduler version: 2.3.2
[2021-12-06 20:40:33] [INFO] [org.quartz.core.QuartzScheduler] JobFactory set to: org.springframework.scheduling.quartz.SpringBeanJobFactory@35bfa1bb
[2021-12-06 20:40:33] [INFO] [org.springframework.scheduling.quartz.SchedulerFactoryBean] Starting Quartz Scheduler now
[2021-12-06 20:40:33] [INFO] [org.quartz.core.QuartzScheduler] Scheduler quartzScheduler_$_NON_CLUSTERED started.
[2021-12-06 20:40:33] [INFO] [org.springframework.scheduling.annotation.ScheduledAnnotationBeanPostProcessor] No TaskScheduler/ScheduledExecutorService bean found for scheduled processing
[2021-12-06 20:40:33] [INFO] [org.apache.coyote.http11.Http11NioProtocol] Starting ProtocolHandler ["http-nio-8084"]
[2021-12-06 20:40:33] [INFO] [org.springframework.boot.web.embedded.tomcat.TomcatWebServer] Tomcat started on port(s): 8084 (http) with context path ''
[2021-12-06 20:40:33] [INFO] [com.alibaba.cloud.nacos.registry.NacosServiceRegistry] nacos registry, DEFAULT_GROUP kangkang-file-process 192.168.8.150:8084 register finished
[2021-12-06 20:40:33] [INFO] [com.kangkang.FileProcessApplication] Started FileProcessApplication in 2.31 seconds (JVM running for 2.938)
[2021-12-06 20:40:34] [INFO] [com.kangkang.quartz.impl.TestJob] -------定时任务正在执行--------
[2021-12-06 20:40:35] [INFO] [com.kangkang.quartz.impl.TestJob] -------定时任务正在执行--------
[2021-12-06 20:40:36] [INFO] [com.kangkang.quartz.impl.TestJob] -------定时任务正在执行--------
[2021-12-06 20:40:37] [INFO] [com.kangkang.quartz.impl.TestJob] -------定时任务正在执行--------
[2021-12-06 20:40:38] [INFO] [com.kangkang.quartz.impl.TestJob] -------定时任务正在执行--------
[2021-12-06 20:40:39] [INFO] [com.kangkang.quartz.impl.TestJob] -------定时任务正在执行--------
[2021-12-06 20:40:40] [INFO] [com.kangkang.quartz.impl.TestJob] -------定时任务正在执行--------
[2021-12-06 20:40:41] [INFO] [com.kangkang.quartz.impl.TestJob] -------定时任务正在执行--------
[2021-12-06 20:40:42] [INFO] [com.kangkang.quartz.impl.TestJob] -------定时任务正在执行--------
[2021-12-06 20:40:43] [INFO] [com.kangkang.quartz.impl.TestJob] -------定时任务正在执行--------
[2021-12-06 20:40:44] [INFO] [com.kangkang.quartz.impl.TestJob] -------定时任务正在执行--------
[2021-12-06 20:40:45] [INFO] [com.kangkang.quartz.impl.TestJob] -------定时任务正在执行--------
[2021-12-06 20:40:46] [INFO] [com.kangkang.quartz.impl.TestJob] -------定时任务正在执行--------
[2021-12-06 20:40:47] [INFO] [com.kangkang.quartz.impl.TestJob] -------定时任务正在执行--------
[2021-12-06 20:40:48] [INFO] [com.kangkang.quartz.impl.TestJob] -------定时任务正在执行--------
[2021-12-06 20:40:49] [INFO] [com.kangkang.quartz.impl.TestJob] -------定时任务正在执行--------
[2021-12-06 20:40:50] [INFO] [com.kangkang.quartz.impl.TestJob] -------定时任务正在执行--------
[2021-12-06 20:40:51] [INFO] [com.kangkang.quartz.impl.TestJob] -------定时任务正在执行--------
[2021-12-06 20:40:52] [INFO] [com.kangkang.quartz.impl.TestJob] -------定时任务正在执行--------
[2021-12-06 20:40:53] [INFO] [com.kangkang.quartz.impl.TestJob] -------定时任务正在执行--------
[2021-12-06 20:40:54] [INFO] [com.kangkang.quartz.impl.TestJob] -------定时任务正在执行--------
[2021-12-06 20:40:55] [INFO] [com.kangkang.quartz.impl.TestJob] -------定时任务正在执行--------
[2021-12-06 20:40:56] [INFO] [com.kangkang.quartz.impl.TestJob] -------定时任务正在执行--------
[2021-12-06 20:40:57] [INFO] [com.kangkang.quartz.impl.TestJob] -------定时任务正在执行--------
[2021-12-06 20:40:58] [INFO] [com.kangkang.quartz.impl.TestJob] -------定时任务正在执行--------
[2021-12-06 20:40:59] [INFO] [com.kangkang.quartz.impl.TestJob] -------定时任务正在执行--------
[2021-12-06 20:41:00] [INFO] [com.kangkang.quartz.impl.TestJob] -------定时任务正在执行--------
[2021-12-06 20:41:01] [INFO] [com.kangkang.quartz.impl.TestJob] -------定时任务正在执行--------
[2021-12-06 20:41:02] [INFO] [com.kangkang.quartz.impl.TestJob] -------定时任务正在执行--------
[2021-12-06 20:41:03] [INFO] [com.kangkang.quartz.impl.TestJob] -------定时任务正在执行--------
[2021-12-06 20:41:04] [INFO] [com.kangkang.quartz.impl.TestJob] -------定时任务正在执行--------
[2021-12-06 20:41:05] [INFO] [com.kangkang.quartz.impl.TestJob] -------定时任务正在执行--------
[2021-12-06 20:41:06] [INFO] [com.kangkang.quartz.impl.TestJob] -------定时任务正在执行--------
[2021-12-06 20:41:07] [INFO] [com.kangkang.quartz.impl.TestJob] -------定时任务正在执行--------
[2021-12-06 20:41:08] [INFO] [com.kangkang.quartz.impl.TestJob] -------定时任务正在执行--------
[2021-12-06 20:41:09] [INFO] [com.kangkang.quartz.impl.TestJob] -------定时任务正在执行--------
[2021-12-06 20:41:10] [INFO] [com.kangkang.quartz.impl.TestJob] -------定时任务正在执行--------
[2021-12-06 20:41:11] [INFO] [com.kangkang.quartz.impl.TestJob] -------定时任务正在执行--------
[2021-12-06 20:41:12] [INFO] [com.kangkang.quartz.impl.TestJob] -------定时任务正在执行--------
[2021-12-06 20:41:13] [INFO] [com.kangkang.quartz.impl.TestJob] -------定时任务正在执行--------
[2021-12-06 20:41:14] [INFO] [com.kangkang.quartz.impl.TestJob] -------定时任务正在执行--------
[2021-12-06 20:41:15] [INFO] [com.kangkang.quartz.impl.TestJob] -------定时任务正在执行--------
[2021-12-06 20:41:16] [INFO] [com.kangkang.quartz.impl.TestJob] -------定时任务正在执行--------
[2021-12-06 20:41:17] [INFO] [com.kangkang.quartz.impl.TestJob] -------定时任务正在执行--------
[2021-12-06 20:41:18] [INFO] [com.kangkang.quartz.impl.TestJob] -------定时任务正在执行--------
[2021-12-06 20:41:19] [INFO] [com.kangkang.quartz.impl.TestJob] -------定时任务正在执行--------
[2021-12-06 20:41:20] [INFO] [com.kangkang.quartz.impl.TestJob] -------定时任务正在执行--------
[2021-12-06 20:41:21] [INFO] [com.kangkang.quartz.impl.TestJob] -------定时任务正在执行--------
[2021-12-06 20:41:22] [INFO] [com.kangkang.quartz.impl.TestJob] -------定时任务正在执行--------
[2021-12-06 20:41:23] [INFO] [com.kangkang.quartz.impl.TestJob] -------定时任务正在执行--------
[2021-12-06 20:41:24] [INFO] [com.kangkang.quartz.impl.TestJob] -------定时任务正在执行--------
[2021-12-06 20:41:25] [INFO] [com.kangkang.quartz.impl.TestJob] -------定时任务正在执行--------
[2021-12-06 20:41:26] [INFO] [com.kangkang.quartz.impl.TestJob] -------定时任务正在执行--------
[2021-12-06 20:41:27] [INFO] [com.kangkang.quartz.impl.TestJob] -------定时任务正在执行--------
[2021-12-06 20:41:28] [INFO] [com.kangkang.quartz.impl.TestJob] -------定时任务正在执行--------
[2021-12-06 20:41:29] [INFO] [com.kangkang.quartz.impl.TestJob] -------定时任务正在执行--------
[2021-12-06 20:41:30] [INFO] [com.kangkang.quartz.impl.TestJob] -------定时任务正在执行--------
[2021-12-06 20:41:31] [INFO] [com.kangkang.quartz.impl.TestJob] -------定时任务正在执行--------
[2021-12-06 20:41:32] [INFO] [com.kangkang.quartz.impl.TestJob] -------定时任务正在执行--------
[2021-12-06 20:41:33] [INFO] [com.kangkang.quartz.impl.TestJob] -------定时任务正在执行--------
[2021-12-06 20:41:34] [INFO] [com.kangkang.quartz.impl.TestJob] -------定时任务正在执行--------
[2021-12-06 20:41:35] [INFO] [com.kangkang.quartz.impl.TestJob] -------定时任务正在执行--------
[2021-12-06 20:41:36] [INFO] [com.kangkang.quartz.impl.TestJob] -------定时任务正在执行--------
[2021-12-06 20:41:37] [INFO] [com.kangkang.quartz.impl.TestJob] -------定时任务正在执行--------
[2021-12-06 20:41:38] [INFO] [com.kangkang.quartz.impl.TestJob] -------定时任务正在执行--------
[2021-12-06 20:41:39] [INFO] [com.kangkang.quartz.impl.TestJob] -------定时任务正在执行--------
[2021-12-06 20:41:40] [INFO] [com.kangkang.quartz.impl.TestJob] -------定时任务正在执行--------
[2021-12-06 20:41:41] [INFO] [com.kangkang.quartz.impl.TestJob] -------定时任务正在执行--------
[2021-12-06 20:41:42] [INFO] [com.kangkang.quartz.impl.TestJob] -------定时任务正在执行--------
[2021-12-06 20:41:43] [INFO] [com.kangkang.quartz.impl.TestJob] -------定时任务正在执行--------
[2021-12-06 20:41:44] [INFO] [com.kangkang.quartz.impl.TestJob] -------定时任务正在执行--------
[2021-12-06 20:41:45] [INFO] [com.kangkang.quartz.impl.TestJob] -------定时任务正在执行--------
[2021-12-06 20:41:46] [INFO] [com.kangkang.quartz.impl.TestJob] -------定时任务正在执行--------
[2021-12-06 20:41:47] [INFO] [com.kangkang.quartz.impl.TestJob] -------定时任务正在执行--------
[2021-12-06 20:41:48] [INFO] [com.kangkang.quartz.impl.TestJob] -------定时任务正在执行--------
[2021-12-06 20:41:49] [INFO] [com.kangkang.quartz.impl.TestJob] -------定时任务正在执行--------
[2021-12-06 20:41:50] [INFO] [com.kangkang.quartz.impl.TestJob] -------定时任务正在执行--------
[2021-12-06 20:41:51] [INFO] [com.kangkang.quartz.impl.TestJob] -------定时任务正在执行--------
[2021-12-06 20:41:52] [INFO] [com.kangkang.quartz.impl.TestJob] -------定时任务正在执行--------
[2021-12-06 20:41:53] [INFO] [com.kangkang.quartz.impl.TestJob] -------定时任务正在执行--------
[2021-12-06 20:41:54] [INFO] [com.kangkang.quartz.impl.TestJob] -------定时任务正在执行--------
[2021-12-06 20:41:55] [INFO] [com.kangkang.quartz.impl.TestJob] -------定时任务正在执行--------
[2021-12-06 20:41:56] [INFO] [com.kangkang.quartz.impl.TestJob] -------定时任务正在执行--------
[2021-12-06 20:41:57] [INFO] [com.kangkang.quartz.impl.TestJob] -------定时任务正在执行--------
[2021-12-06 20:41:58] [INFO] [com.kangkang.quartz.impl.TestJob] -------定时任务正在执行--------
[2021-12-06 20:41:59] [INFO] [com.kangkang.quartz.impl.TestJob] -------定时任务正在执行--------
[2021-12-06 20:42:00] [INFO] [com.kangkang.quartz.impl.TestJob] -------定时任务正在执行--------
[2021-12-06 20:42:01] [INFO] [com.kangkang.quartz.impl.TestJob] -------定时任务正在执行--------
[2021-12-06 20:42:02] [INFO] [com.kangkang.quartz.impl.TestJob] -------定时任务正在执行--------
[2021-12-06 20:42:03] [INFO] [com.kangkang.quartz.impl.TestJob] -------定时任务正在执行--------
[2021-12-06 20:42:04] [INFO] [com.kangkang.quartz.impl.TestJob] -------定时任务正在执行--------
[2021-12-06 20:42:05] [INFO] [com.kangkang.quartz.impl.TestJob] -------定时任务正在执行--------
[2021-12-06 20:42:06] [INFO] [com.kangkang.quartz.impl.TestJob] -------定时任务正在执行--------
[2021-12-06 20:42:07] [INFO] [com.kangkang.quartz.impl.TestJob] -------定时任务正在执行--------
[2021-12-06 20:42:08] [INFO] [com.kangkang.quartz.impl.TestJob] -------定时任务正在执行--------
[2021-12-06 20:42:09] [INFO] [com.kangkang.quartz.impl.TestJob] -------定时任务正在执行--------
[2021-12-06 20:42:10] [INFO] [com.kangkang.quartz.impl.TestJob] -------定时任务正在执行--------
[2021-12-06 20:42:11] [INFO] [com.kangkang.quartz.impl.TestJob] -------定时任务正在执行--------
[2021-12-06 20:42:12] [INFO] [com.kangkang.quartz.impl.TestJob] -------定时任务正在执行--------
[2021-12-06 20:42:13] [INFO] [com.kangkang.quartz.impl.TestJob] -------定时任务正在执行--------
[2021-12-06 20:42:14] [INFO] [com.kangkang.quartz.impl.TestJob] -------定时任务正在执行--------
[2021-12-06 20:42:15] [INFO] [com.kangkang.quartz.impl.TestJob] -------定时任务正在执行--------
[2021-12-06 20:42:16] [INFO] [com.kangkang.quartz.impl.TestJob] -------定时任务正在执行--------
[2021-12-06 20:42:17] [INFO] [com.kangkang.quartz.impl.TestJob] -------定时任务正在执行--------
[2021-12-06 20:42:18] [INFO] [com.kangkang.quartz.impl.TestJob] -------定时任务正在执行--------
[2021-12-06 20:42:19] [INFO] [com.kangkang.quartz.impl.TestJob] -------定时任务正在执行--------
[2021-12-06 20:42:20] [INFO] [com.kangkang.quartz.impl.TestJob] -------定时任务正在执行--------
[2021-12-06 20:42:21] [INFO] [com.kangkang.quartz.impl.TestJob] -------定时任务正在执行--------
[2021-12-06 20:42:22] [INFO] [com.kangkang.quartz.impl.TestJob] -------定时任务正在执行--------
[2021-12-06 20:42:23] [INFO] [com.kangkang.quartz.impl.TestJob] -------定时任务正在执行--------
[2021-12-06 20:42:24] [INFO] [com.kangkang.quartz.impl.TestJob] -------定时任务正在执行--------
[2021-12-06 20:42:25] [INFO] [com.kangkang.quartz.impl.TestJob] -------定时任务正在执行--------
[2021-12-06 20:42:26] [INFO] [com.kangkang.quartz.impl.TestJob] -------定时任务正在执行--------
[2021-12-06 20:42:27] [INFO] [com.kangkang.quartz.impl.TestJob] -------定时任务正在执行--------
[2021-12-06 20:42:28] [INFO] [com.kangkang.quartz.impl.TestJob] -------定时任务正在执行--------
[2021-12-06 20:42:29] [INFO] [com.kangkang.quartz.impl.TestJob] -------定时任务正在执行--------
[2021-12-06 20:42:30] [INFO] [com.kangkang.quartz.impl.TestJob] -------定时任务正在执行--------
[2021-12-06 20:42:31] [INFO] [com.kangkang.quartz.impl.TestJob] -------定时任务正在执行--------
[2021-12-06 20:42:32] [INFO] [com.kangkang.quartz.impl.TestJob] -------定时任务正在执行--------
[2021-12-06 20:42:33] [INFO] [com.kangkang.quartz.impl.TestJob] -------定时任务正在执行--------
[2021-12-06 20:42:34] [INFO] [com.kangkang.quartz.impl.TestJob] -------定时任务正在执行--------
[2021-12-06 20:42:35] [INFO] [com.kangkang.quartz.impl.TestJob] -------定时任务正在执行--------
[2021-12-06 20:42:36] [INFO] [com.kangkang.quartz.impl.TestJob] -------定时任务正在执行--------
[2021-12-06 20:42:37] [INFO] [com.kangkang.quartz.impl.TestJob] -------定时任务正在执行--------
[2021-12-06 20:42:38] [INFO] [com.kangkang.quartz.impl.TestJob] -------定时任务正在执行--------
[2021-12-06 20:42:39] [INFO] [com.kangkang.quartz.impl.TestJob] -------定时任务正在执行--------
[2021-12-06 20:42:40] [INFO] [com.kangkang.quartz.impl.TestJob] -------定时任务正在执行--------
[2021-12-06 20:42:41] [INFO] [com.kangkang.quartz.impl.TestJob] -------定时任务正在执行--------
[2021-12-06 20:42:42] [INFO] [com.kangkang.quartz.impl.TestJob] -------定时任务正在执行--------
[2021-12-06 20:42:43] [INFO] [com.kangkang.quartz.impl.TestJob] -------定时任务正在执行--------
[2021-12-06 20:42:44] [INFO] [com.kangkang.quartz.impl.TestJob] -------定时任务正在执行--------
[2021-12-06 20:42:45] [INFO] [com.kangkang.quartz.impl.TestJob] -------定时任务正在执行--------
[2021-12-06 20:42:46] [INFO] [com.kangkang.quartz.impl.TestJob] -------定时任务正在执行--------
[2021-12-06 20:42:47] [INFO] [com.kangkang.quartz.impl.TestJob] -------定时任务正在执行--------
[2021-12-06 20:42:48] [INFO] [com.kangkang.quartz.impl.TestJob] -------定时任务正在执行--------
[2021-12-06 20:42:49] [INFO] [com.kangkang.quartz.impl.TestJob] -------定时任务正在执行--------
[2021-12-06 20:42:50] [INFO] [com.kangkang.quartz.impl.TestJob] -------定时任务正在执行--------
[2021-12-06 20:42:51] [INFO] [com.kangkang.quartz.impl.TestJob] -------定时任务正在执行--------
[2021-12-06 20:42:52] [INFO] [com.kangkang.quartz.impl.TestJob] -------定时任务正在执行--------
[2021-12-06 20:42:53] [INFO] [com.kangkang.quartz.impl.TestJob] -------定时任务正在执行--------
[2021-12-06 20:42:54] [INFO] [com.kangkang.quartz.impl.TestJob] -------定时任务正在执行--------
[2021-12-06 20:42:55] [INFO] [com.kangkang.quartz.impl.TestJob] -------定时任务正在执行--------
[2021-12-06 20:42:56] [INFO] [com.kangkang.quartz.impl.TestJob] -------定时任务正在执行--------
[2021-12-06 20:42:57] [INFO] [com.kangkang.quartz.impl.TestJob] -------定时任务正在执行--------
[2021-12-06 20:42:58] [INFO] [com.kangkang.quartz.impl.TestJob] -------定时任务正在执行--------
[2021-12-06 20:42:59] [INFO] [com.kangkang.quartz.impl.TestJob] -------定时任务正在执行--------
[2021-12-06 20:43:00] [INFO] [com.kangkang.quartz.impl.TestJob] -------定时任务正在执行--------
[2021-12-06 20:43:01] [INFO] [com.kangkang.quartz.impl.TestJob] -------定时任务正在执行--------
[2021-12-06 20:43:02] [INFO] [com.kangkang.quartz.impl.TestJob] -------定时任务正在执行--------
[2021-12-06 20:43:03] [INFO] [com.kangkang.quartz.impl.TestJob] -------定时任务正在执行--------
[2021-12-06 20:43:04] [INFO] [com.kangkang.quartz.impl.TestJob] -------定时任务正在执行--------
[2021-12-06 20:43:05] [INFO] [com.kangkang.quartz.impl.TestJob] -------定时任务正在执行--------
[2021-12-06 20:43:06] [INFO] [com.kangkang.quartz.impl.TestJob] -------定时任务正在执行--------
[2021-12-06 20:43:07] [INFO] [com.kangkang.quartz.impl.TestJob] -------定时任务正在执行--------
[2021-12-06 20:43:08] [INFO] [com.kangkang.quartz.impl.TestJob] -------定时任务正在执行--------
[2021-12-06 20:43:09] [INFO] [com.kangkang.quartz.impl.TestJob] -------定时任务正在执行--------
[2021-12-06 20:43:10] [INFO] [com.kangkang.quartz.impl.TestJob] -------定时任务正在执行--------
[2021-12-06 20:43:11] [INFO] [com.kangkang.quartz.impl.TestJob] -------定时任务正在执行--------
[2021-12-06 20:43:12] [INFO] [com.kangkang.quartz.impl.TestJob] -------定时任务正在执行--------
[2021-12-06 20:43:13] [INFO] [com.kangkang.quartz.impl.TestJob] -------定时任务正在执行--------
[2021-12-06 20:43:14] [INFO] [com.kangkang.quartz.impl.TestJob] -------定时任务正在执行--------
[2021-12-06 20:43:14] [INFO] [org.quartz.core.QuartzScheduler] Scheduler quartzScheduler_$_NON_CLUSTERED paused.
[2021-12-06 20:43:14] [INFO] [org.springframework.scheduling.quartz.SchedulerFactoryBean] Shutting down Quartz Scheduler
[2021-12-06 20:43:14] [INFO] [org.quartz.core.QuartzScheduler] Scheduler quartzScheduler_$_NON_CLUSTERED shutting down.
[2021-12-06 20:43:14] [INFO] [org.quartz.core.QuartzScheduler] Scheduler quartzScheduler_$_NON_CLUSTERED paused.
[2021-12-06 20:43:14] [INFO] [org.quartz.core.QuartzScheduler] Scheduler quartzScheduler_$_NON_CLUSTERED shutdown complete.
[2021-12-06 20:43:14] [INFO] [com.alibaba.cloud.nacos.registry.NacosServiceRegistry] De-registering from Nacos Server now...
[2021-12-06 20:43:14] [INFO] [com.alibaba.cloud.nacos.registry.NacosServiceRegistry] De-registration finished.
[2021-12-06 20:43:14] [INFO] [org.springframework.scheduling.concurrent.ThreadPoolTaskExecutor] Shutting down ExecutorService 'applicationTaskExecutor'
[2021-12-06 20:43:14] [INFO] [com.zaxxer.hikari.HikariDataSource] HikariPool-1 - Shutdown initiated...
[2021-12-06 20:43:14] [INFO] [com.zaxxer.hikari.HikariDataSource] HikariPool-1 - Shutdown completed.
[2021-12-06 20:56:42] [INFO] [com.ulisesbocchio.jasyptspringboot.configuration.EnableEncryptablePropertiesBeanFactoryPostProcessor] Post-processing PropertySource instances
[2021-12-06 20:56:42] [INFO] [com.ulisesbocchio.jasyptspringboot.EncryptablePropertySourceConverter] Converting PropertySource configurationProperties [org.springframework.boot.context.properties.source.ConfigurationPropertySourcesPropertySource] to AOP Proxy
[2021-12-06 20:56:42] [INFO] [com.ulisesbocchio.jasyptspringboot.EncryptablePropertySourceConverter] Converting PropertySource bootstrap [org.springframework.core.env.MapPropertySource] to EncryptableMapPropertySourceWrapper
[2021-12-06 20:56:42] [INFO] [com.ulisesbocchio.jasyptspringboot.EncryptablePropertySourceConverter] Converting PropertySource systemProperties [org.springframework.core.env.PropertiesPropertySource] to EncryptableMapPropertySourceWrapper
[2021-12-06 20:56:42] [INFO] [com.ulisesbocchio.jasyptspringboot.EncryptablePropertySourceConverter] Converting PropertySource systemEnvironment [org.springframework.boot.env.SystemEnvironmentPropertySourceEnvironmentPostProcessor$OriginAwareSystemEnvironmentPropertySource] to EncryptableSystemEnvironmentPropertySourceWrapper
[2021-12-06 20:56:42] [INFO] [com.ulisesbocchio.jasyptspringboot.EncryptablePropertySourceConverter] Converting PropertySource random [org.springframework.boot.env.RandomValuePropertySource] to EncryptablePropertySourceWrapper
[2021-12-06 20:56:42] [INFO] [com.ulisesbocchio.jasyptspringboot.EncryptablePropertySourceConverter] Converting PropertySource springCloudClientHostInfo [org.springframework.core.env.MapPropertySource] to EncryptableMapPropertySourceWrapper
[2021-12-06 20:56:42] [INFO] [org.springframework.context.support.PostProcessorRegistrationDelegate$BeanPostProcessorChecker] Bean 'org.springframework.cloud.autoconfigure.ConfigurationPropertiesRebinderAutoConfiguration' of type [org.springframework.cloud.autoconfigure.ConfigurationPropertiesRebinderAutoConfiguration] is not eligible for getting processed by all BeanPostProcessors (for example: not eligible for auto-proxying)
[2021-12-06 20:56:42] [INFO] [com.ulisesbocchio.jasyptspringboot.filter.DefaultLazyPropertyFilter] Property Filter custom Bean not found with name 'encryptablePropertyFilter'. Initializing Default Property Filter
[2021-12-06 20:56:42] [INFO] [com.ulisesbocchio.jasyptspringboot.resolver.DefaultLazyPropertyResolver] Property Resolver custom Bean not found with name 'encryptablePropertyResolver'. Initializing Default Property Resolver
[2021-12-06 20:56:42] [INFO] [com.ulisesbocchio.jasyptspringboot.detector.DefaultLazyPropertyDetector] Property Detector custom Bean not found with name 'encryptablePropertyDetector'. Initializing Default Property Detector
[2021-12-06 20:56:42] [INFO] [com.kangkang.FileProcessApplication] No active profile set, falling back to default profiles: default
[2021-12-06 20:56:42] [INFO] [org.springframework.cloud.context.scope.GenericScope] BeanFactory id=cdb9c175-e261-3711-a476-565e29a3882e
[2021-12-06 20:56:42] [INFO] [com.ulisesbocchio.jasyptspringboot.configuration.EnableEncryptablePropertiesBeanFactoryPostProcessor] Post-processing PropertySource instances
[2021-12-06 20:56:42] [INFO] [com.ulisesbocchio.jasyptspringboot.EncryptablePropertySourceConverter] Converting PropertySource configurationProperties [org.springframework.boot.context.properties.source.ConfigurationPropertySourcesPropertySource] to AOP Proxy
[2021-12-06 20:56:42] [INFO] [com.ulisesbocchio.jasyptspringboot.EncryptablePropertySourceConverter] Converting PropertySource servletConfigInitParams [org.springframework.core.env.PropertySource$StubPropertySource] to EncryptablePropertySourceWrapper
[2021-12-06 20:56:42] [INFO] [com.ulisesbocchio.jasyptspringboot.EncryptablePropertySourceConverter] Converting PropertySource servletContextInitParams [org.springframework.core.env.PropertySource$StubPropertySource] to EncryptablePropertySourceWrapper
[2021-12-06 20:56:42] [INFO] [com.ulisesbocchio.jasyptspringboot.EncryptablePropertySourceConverter] Converting PropertySource systemProperties [org.springframework.core.env.PropertiesPropertySource] to EncryptableMapPropertySourceWrapper
[2021-12-06 20:56:42] [INFO] [com.ulisesbocchio.jasyptspringboot.EncryptablePropertySourceConverter] Converting PropertySource systemEnvironment [org.springframework.boot.env.SystemEnvironmentPropertySourceEnvironmentPostProcessor$OriginAwareSystemEnvironmentPropertySource] to EncryptableSystemEnvironmentPropertySourceWrapper
[2021-12-06 20:56:42] [INFO] [com.ulisesbocchio.jasyptspringboot.EncryptablePropertySourceConverter] Converting PropertySource random [org.springframework.boot.env.RandomValuePropertySource] to EncryptablePropertySourceWrapper
[2021-12-06 20:56:42] [INFO] [com.ulisesbocchio.jasyptspringboot.EncryptablePropertySourceConverter] Converting PropertySource springCloudClientHostInfo [org.springframework.core.env.MapPropertySource] to EncryptableMapPropertySourceWrapper
[2021-12-06 20:56:42] [INFO] [com.ulisesbocchio.jasyptspringboot.EncryptablePropertySourceConverter] Converting PropertySource applicationConfig: [classpath:/application.properties] [org.springframework.boot.env.OriginTrackedMapPropertySource] to EncryptableMapPropertySourceWrapper
[2021-12-06 20:56:42] [INFO] [com.ulisesbocchio.jasyptspringboot.EncryptablePropertySourceConverter] Converting PropertySource applicationConfig: [classpath:/application.yml] [org.springframework.boot.env.OriginTrackedMapPropertySource] to EncryptableMapPropertySourceWrapper
[2021-12-06 20:56:42] [INFO] [com.ulisesbocchio.jasyptspringboot.EncryptablePropertySourceConverter] Converting PropertySource springCloudDefaultProperties [org.springframework.core.env.MapPropertySource] to EncryptableMapPropertySourceWrapper
[2021-12-06 20:56:42] [INFO] [com.ulisesbocchio.jasyptspringboot.filter.DefaultLazyPropertyFilter] Property Filter custom Bean not found with name 'encryptablePropertyFilter'. Initializing Default Property Filter
[2021-12-06 20:56:42] [INFO] [org.springframework.context.support.PostProcessorRegistrationDelegate$BeanPostProcessorChecker] Bean 'org.springframework.transaction.annotation.ProxyTransactionManagementConfiguration' of type [org.springframework.transaction.annotation.ProxyTransactionManagementConfiguration] is not eligible for getting processed by all BeanPostProcessors (for example: not eligible for auto-proxying)
[2021-12-06 20:56:42] [INFO] [org.springframework.context.support.PostProcessorRegistrationDelegate$BeanPostProcessorChecker] Bean 'org.springframework.cloud.autoconfigure.ConfigurationPropertiesRebinderAutoConfiguration' of type [org.springframework.cloud.autoconfigure.ConfigurationPropertiesRebinderAutoConfiguration] is not eligible for getting processed by all BeanPostProcessors (for example: not eligible for auto-proxying)
[2021-12-06 20:56:42] [INFO] [org.springframework.boot.web.embedded.tomcat.TomcatWebServer] Tomcat initialized with port(s): 8084 (http)
[2021-12-06 20:56:42] [INFO] [org.apache.coyote.http11.Http11NioProtocol] Initializing ProtocolHandler ["http-nio-8084"]
[2021-12-06 20:56:42] [INFO] [org.apache.catalina.core.StandardService] Starting service [Tomcat]
[2021-12-06 20:56:42] [INFO] [org.apache.catalina.core.StandardEngine] Starting Servlet engine: [Apache Tomcat/9.0.29]
[2021-12-06 20:56:42] [INFO] [org.apache.catalina.core.ContainerBase.[Tomcat].[localhost].[/]] Initializing Spring embedded WebApplicationContext
[2021-12-06 20:56:42] [INFO] [org.springframework.web.context.ContextLoader] Root WebApplicationContext: initialization completed in 554 ms
[2021-12-06 20:56:42] [INFO] [com.ulisesbocchio.jasyptspringboot.resolver.DefaultLazyPropertyResolver] Property Resolver custom Bean not found with name 'encryptablePropertyResolver'. Initializing Default Property Resolver
[2021-12-06 20:56:42] [INFO] [com.ulisesbocchio.jasyptspringboot.detector.DefaultLazyPropertyDetector] Property Detector custom Bean not found with name 'encryptablePropertyDetector'. Initializing Default Property Detector
[2021-12-06 20:56:43] [INFO] [com.kangkang.file.config.InitDataConfig] =========开始获取配置信息============
[2021-12-06 20:56:43] [INFO] [com.zaxxer.hikari.HikariDataSource] HikariPool-1 - Starting...
[2021-12-06 20:56:43] [INFO] [com.zaxxer.hikari.HikariDataSource] HikariPool-1 - Start completed.
[2021-12-06 20:56:43] [INFO] [com.kangkang.file.config.InitDataConfig] {confValue=bb, confKey=aa}
[2021-12-06 20:56:43] [INFO] [com.kangkang.file.config.InitDataConfig] 这里可以做一些属性的初始化的工作。。。。。
[2021-12-06 20:56:43] [WARN] [com.netflix.config.sources.URLConfigurationSource] No URLs will be polled as dynamic configuration sources.
[2021-12-06 20:56:43] [INFO] [com.netflix.config.sources.URLConfigurationSource] To enable URLs as dynamic configuration sources, define System property archaius.configurationSource.additionalUrls or make config.properties available on classpath.
[2021-12-06 20:56:43] [WARN] [com.netflix.config.sources.URLConfigurationSource] No URLs will be polled as dynamic configuration sources.
[2021-12-06 20:56:43] [INFO] [com.netflix.config.sources.URLConfigurationSource] To enable URLs as dynamic configuration sources, define System property archaius.configurationSource.additionalUrls or make config.properties available on classpath.
[2021-12-06 20:56:43] [INFO] [org.springframework.scheduling.concurrent.ThreadPoolTaskExecutor] Initializing ExecutorService 'applicationTaskExecutor'
[2021-12-06 20:56:43] [INFO] [org.springframework.scheduling.concurrent.ThreadPoolTaskScheduler] Initializing ExecutorService 'Nacso-Watch-Task-Scheduler'
[2021-12-06 20:56:43] [WARN] [org.springframework.boot.autoconfigure.freemarker.FreeMarkerAutoConfiguration] Cannot find template location(s): [classpath:/templates/] (please add some templates, check your FreeMarker configuration, or set spring.freemarker.checkTemplateLocation=false)
[2021-12-06 20:56:43] [INFO] [org.quartz.impl.StdSchedulerFactory] Using default implementation for ThreadExecutor
[2021-12-06 20:56:43] [INFO] [org.quartz.core.SchedulerSignalerImpl] Initialized Scheduler Signaller of type: class org.quartz.core.SchedulerSignalerImpl
[2021-12-06 20:56:43] [INFO] [org.quartz.core.QuartzScheduler] Quartz Scheduler v.2.3.2 created.
[2021-12-06 20:56:43] [INFO] [org.quartz.simpl.RAMJobStore] RAMJobStore initialized.
[2021-12-06 20:56:43] [INFO] [org.quartz.core.QuartzScheduler] Scheduler meta-data: Quartz Scheduler (v2.3.2) 'quartzScheduler' with instanceId 'NON_CLUSTERED'
  Scheduler class: 'org.quartz.core.QuartzScheduler' - running locally.
  NOT STARTED.
  Currently in standby mode.
  Number of jobs executed: 0
  Using thread pool 'org.quartz.simpl.SimpleThreadPool' - with 10 threads.
  Using job-store 'org.quartz.simpl.RAMJobStore' - which does not support persistence. and is not clustered.

[2021-12-06 20:56:43] [INFO] [org.quartz.impl.StdSchedulerFactory] Quartz scheduler 'quartzScheduler' initialized from an externally provided properties instance.
[2021-12-06 20:56:43] [INFO] [org.quartz.impl.StdSchedulerFactory] Quartz scheduler version: 2.3.2
[2021-12-06 20:56:43] [INFO] [org.quartz.core.QuartzScheduler] JobFactory set to: org.springframework.scheduling.quartz.SpringBeanJobFactory@53747c4a
[2021-12-06 20:56:43] [INFO] [org.springframework.scheduling.quartz.SchedulerFactoryBean] Starting Quartz Scheduler now
[2021-12-06 20:56:43] [INFO] [org.quartz.core.QuartzScheduler] Scheduler quartzScheduler_$_NON_CLUSTERED started.
[2021-12-06 20:56:43] [INFO] [org.springframework.scheduling.annotation.ScheduledAnnotationBeanPostProcessor] No TaskScheduler/ScheduledExecutorService bean found for scheduled processing
[2021-12-06 20:56:43] [INFO] [org.apache.coyote.http11.Http11NioProtocol] Starting ProtocolHandler ["http-nio-8084"]
[2021-12-06 20:56:43] [INFO] [org.springframework.boot.web.embedded.tomcat.TomcatWebServer] Tomcat started on port(s): 8084 (http) with context path ''
[2021-12-06 20:56:44] [INFO] [com.kangkang.quartz.impl.TestJob] -------定时任务正在执行--------
[2021-12-06 20:56:44] [INFO] [com.alibaba.cloud.nacos.registry.NacosServiceRegistry] nacos registry, DEFAULT_GROUP kangkang-file-process 192.168.8.150:8084 register finished
[2021-12-06 20:56:44] [INFO] [com.kangkang.FileProcessApplication] Started FileProcessApplication in 2.142 seconds (JVM running for 2.944)
[2021-12-06 20:56:45] [INFO] [com.kangkang.quartz.impl.TestJob] -------定时任务正在执行--------
[2021-12-06 20:56:46] [INFO] [com.kangkang.quartz.impl.TestJob] -------定时任务正在执行--------
[2021-12-06 20:56:47] [INFO] [com.kangkang.quartz.impl.TestJob] -------定时任务正在执行--------
[2021-12-06 20:56:48] [INFO] [com.kangkang.quartz.impl.TestJob] -------定时任务正在执行--------
[2021-12-06 20:56:49] [INFO] [com.kangkang.quartz.impl.TestJob] -------定时任务正在执行--------
[2021-12-06 20:56:50] [INFO] [com.kangkang.quartz.impl.TestJob] -------定时任务正在执行--------
[2021-12-06 20:56:51] [INFO] [com.kangkang.quartz.impl.TestJob] -------定时任务正在执行--------
[2021-12-06 20:56:52] [INFO] [com.kangkang.quartz.impl.TestJob] -------定时任务正在执行--------
[2021-12-06 20:56:53] [INFO] [com.kangkang.quartz.impl.TestJob] -------定时任务正在执行--------
[2021-12-06 20:56:54] [INFO] [com.kangkang.quartz.impl.TestJob] -------定时任务正在执行--------
[2021-12-06 20:56:55] [INFO] [com.kangkang.quartz.impl.TestJob] -------定时任务正在执行--------
[2021-12-06 20:56:56] [INFO] [com.kangkang.quartz.impl.TestJob] -------定时任务正在执行--------
[2021-12-06 20:56:57] [INFO] [com.kangkang.quartz.impl.TestJob] -------定时任务正在执行--------
[2021-12-06 20:56:58] [INFO] [com.kangkang.quartz.impl.TestJob] -------定时任务正在执行--------
[2021-12-06 20:56:59] [INFO] [com.kangkang.quartz.impl.TestJob] -------定时任务正在执行--------
[2021-12-06 20:57:00] [INFO] [com.kangkang.quartz.impl.TestJob] -------定时任务正在执行--------
[2021-12-06 20:57:01] [INFO] [com.kangkang.quartz.impl.TestJob] -------定时任务正在执行--------
[2021-12-06 20:57:02] [INFO] [com.kangkang.quartz.impl.TestJob] -------定时任务正在执行--------
[2021-12-06 20:57:03] [INFO] [com.kangkang.quartz.impl.TestJob] -------定时任务正在执行--------
[2021-12-06 20:57:04] [INFO] [com.kangkang.quartz.impl.TestJob] -------定时任务正在执行--------
[2021-12-06 20:57:05] [INFO] [com.kangkang.quartz.impl.TestJob] -------定时任务正在执行--------
[2021-12-06 20:57:06] [INFO] [com.kangkang.quartz.impl.TestJob] -------定时任务正在执行--------
[2021-12-06 20:57:07] [INFO] [com.kangkang.quartz.impl.TestJob] -------定时任务正在执行--------
[2021-12-06 20:57:08] [INFO] [com.kangkang.quartz.impl.TestJob] -------定时任务正在执行--------
[2021-12-06 20:57:09] [INFO] [com.kangkang.quartz.impl.TestJob] -------定时任务正在执行--------
[2021-12-06 20:57:10] [INFO] [com.kangkang.quartz.impl.TestJob] -------定时任务正在执行--------
[2021-12-06 20:57:11] [INFO] [com.kangkang.quartz.impl.TestJob] -------定时任务正在执行--------
[2021-12-06 20:57:12] [INFO] [com.kangkang.quartz.impl.TestJob] -------定时任务正在执行--------
[2021-12-06 20:57:13] [INFO] [com.kangkang.quartz.impl.TestJob] -------定时任务正在执行--------
[2021-12-06 20:57:14] [INFO] [com.kangkang.quartz.impl.TestJob] -------定时任务正在执行--------
[2021-12-06 20:57:15] [INFO] [com.kangkang.quartz.impl.TestJob] -------定时任务正在执行--------
[2021-12-06 20:57:16] [INFO] [com.kangkang.quartz.impl.TestJob] -------定时任务正在执行--------
[2021-12-06 20:57:17] [INFO] [com.kangkang.quartz.impl.TestJob] -------定时任务正在执行--------
[2021-12-06 20:57:18] [INFO] [com.kangkang.quartz.impl.TestJob] -------定时任务正在执行--------
[2021-12-06 20:57:19] [INFO] [com.kangkang.quartz.impl.TestJob] -------定时任务正在执行--------
[2021-12-06 20:57:20] [INFO] [com.kangkang.quartz.impl.TestJob] -------定时任务正在执行--------
[2021-12-06 20:57:21] [INFO] [com.kangkang.quartz.impl.TestJob] -------定时任务正在执行--------
[2021-12-06 20:57:22] [INFO] [com.kangkang.quartz.impl.TestJob] -------定时任务正在执行--------
[2021-12-06 20:57:23] [INFO] [com.kangkang.quartz.impl.TestJob] -------定时任务正在执行--------
[2021-12-06 20:57:24] [INFO] [com.kangkang.quartz.impl.TestJob] -------定时任务正在执行--------
[2021-12-06 20:57:25] [INFO] [com.kangkang.quartz.impl.TestJob] -------定时任务正在执行--------
[2021-12-06 20:57:26] [INFO] [com.kangkang.quartz.impl.TestJob] -------定时任务正在执行--------
[2021-12-06 20:57:27] [INFO] [com.kangkang.quartz.impl.TestJob] -------定时任务正在执行--------
[2021-12-06 20:57:28] [INFO] [com.kangkang.quartz.impl.TestJob] -------定时任务正在执行--------
[2021-12-06 20:57:29] [INFO] [com.kangkang.quartz.impl.TestJob] -------定时任务正在执行--------
[2021-12-06 20:57:30] [INFO] [com.kangkang.quartz.impl.TestJob] -------定时任务正在执行--------
[2021-12-06 20:57:31] [INFO] [com.kangkang.quartz.impl.TestJob] -------定时任务正在执行--------
[2021-12-06 20:57:32] [INFO] [com.kangkang.quartz.impl.TestJob] -------定时任务正在执行--------
[2021-12-06 20:57:33] [INFO] [com.kangkang.quartz.impl.TestJob] -------定时任务正在执行--------
[2021-12-06 20:57:34] [INFO] [com.kangkang.quartz.impl.TestJob] -------定时任务正在执行--------
[2021-12-06 20:57:35] [INFO] [com.kangkang.quartz.impl.TestJob] -------定时任务正在执行--------
[2021-12-06 20:57:36] [INFO] [com.kangkang.quartz.impl.TestJob] -------定时任务正在执行--------
[2021-12-06 20:57:37] [INFO] [com.kangkang.quartz.impl.TestJob] -------定时任务正在执行--------
[2021-12-06 20:57:38] [INFO] [com.kangkang.quartz.impl.TestJob] -------定时任务正在执行--------
[2021-12-06 20:57:39] [INFO] [com.kangkang.quartz.impl.TestJob] -------定时任务正在执行--------
[2021-12-06 20:57:40] [INFO] [com.kangkang.quartz.impl.TestJob] -------定时任务正在执行--------
[2021-12-06 20:57:41] [INFO] [com.kangkang.quartz.impl.TestJob] -------定时任务正在执行--------
[2021-12-06 20:57:42] [INFO] [com.kangkang.quartz.impl.TestJob] -------定时任务正在执行--------
[2021-12-06 20:57:43] [INFO] [com.kangkang.quartz.impl.TestJob] -------定时任务正在执行--------
[2021-12-06 20:57:44] [INFO] [com.kangkang.quartz.impl.TestJob] -------定时任务正在执行--------
[2021-12-06 20:57:45] [INFO] [com.kangkang.quartz.impl.TestJob] -------定时任务正在执行--------
[2021-12-06 20:57:46] [INFO] [com.kangkang.quartz.impl.TestJob] -------定时任务正在执行--------
[2021-12-06 20:57:47] [INFO] [com.kangkang.quartz.impl.TestJob] -------定时任务正在执行--------
[2021-12-06 20:57:48] [INFO] [com.kangkang.quartz.impl.TestJob] -------定时任务正在执行--------
[2021-12-06 20:57:49] [INFO] [com.kangkang.quartz.impl.TestJob] -------定时任务正在执行--------
[2021-12-06 20:57:50] [INFO] [com.kangkang.quartz.impl.TestJob] -------定时任务正在执行--------
[2021-12-06 20:57:51] [INFO] [com.kangkang.quartz.impl.TestJob] -------定时任务正在执行--------
[2021-12-06 20:57:52] [INFO] [com.kangkang.quartz.impl.TestJob] -------定时任务正在执行--------
[2021-12-06 20:57:53] [INFO] [com.kangkang.quartz.impl.TestJob] -------定时任务正在执行--------
[2021-12-06 20:57:54] [INFO] [com.kangkang.quartz.impl.TestJob] -------定时任务正在执行--------
[2021-12-06 20:57:55] [INFO] [com.kangkang.quartz.impl.TestJob] -------定时任务正在执行--------
[2021-12-06 20:57:56] [INFO] [com.kangkang.quartz.impl.TestJob] -------定时任务正在执行--------
[2021-12-06 20:57:57] [INFO] [com.kangkang.quartz.impl.TestJob] -------定时任务正在执行--------
[2021-12-06 20:57:58] [INFO] [com.kangkang.quartz.impl.TestJob] -------定时任务正在执行--------
[2021-12-06 20:57:59] [INFO] [com.kangkang.quartz.impl.TestJob] -------定时任务正在执行--------
[2021-12-06 20:58:00] [INFO] [com.kangkang.quartz.impl.TestJob] -------定时任务正在执行--------
[2021-12-06 20:58:01] [INFO] [com.kangkang.quartz.impl.TestJob] -------定时任务正在执行--------
[2021-12-06 20:58:02] [INFO] [com.kangkang.quartz.impl.TestJob] -------定时任务正在执行--------
[2021-12-06 20:58:03] [INFO] [com.kangkang.quartz.impl.TestJob] -------定时任务正在执行--------
[2021-12-06 20:58:04] [INFO] [com.kangkang.quartz.impl.TestJob] -------定时任务正在执行--------
[2021-12-06 20:58:05] [INFO] [com.kangkang.quartz.impl.TestJob] -------定时任务正在执行--------
[2021-12-06 20:58:06] [INFO] [com.kangkang.quartz.impl.TestJob] -------定时任务正在执行--------
[2021-12-06 20:58:07] [INFO] [com.kangkang.quartz.impl.TestJob] -------定时任务正在执行--------
[2021-12-06 20:58:08] [INFO] [com.kangkang.quartz.impl.TestJob] -------定时任务正在执行--------
[2021-12-06 20:58:09] [INFO] [com.kangkang.quartz.impl.TestJob] -------定时任务正在执行--------
[2021-12-06 20:58:10] [INFO] [com.kangkang.quartz.impl.TestJob] -------定时任务正在执行--------
[2021-12-06 20:58:11] [INFO] [com.kangkang.quartz.impl.TestJob] -------定时任务正在执行--------
[2021-12-06 20:58:12] [INFO] [com.kangkang.quartz.impl.TestJob] -------定时任务正在执行--------
[2021-12-06 20:58:13] [INFO] [com.kangkang.quartz.impl.TestJob] -------定时任务正在执行--------
[2021-12-06 20:58:14] [INFO] [com.kangkang.quartz.impl.TestJob] -------定时任务正在执行--------
[2021-12-06 20:58:15] [INFO] [com.kangkang.quartz.impl.TestJob] -------定时任务正在执行--------
[2021-12-06 20:58:16] [INFO] [com.kangkang.quartz.impl.TestJob] -------定时任务正在执行--------
[2021-12-06 20:58:17] [INFO] [com.kangkang.quartz.impl.TestJob] -------定时任务正在执行--------
[2021-12-06 20:58:18] [INFO] [com.kangkang.quartz.impl.TestJob] -------定时任务正在执行--------
[2021-12-06 20:58:19] [INFO] [com.kangkang.quartz.impl.TestJob] -------定时任务正在执行--------
[2021-12-06 20:58:20] [INFO] [com.kangkang.quartz.impl.TestJob] -------定时任务正在执行--------
[2021-12-06 20:58:21] [INFO] [com.kangkang.quartz.impl.TestJob] -------定时任务正在执行--------
[2021-12-06 20:58:22] [INFO] [com.kangkang.quartz.impl.TestJob] -------定时任务正在执行--------
[2021-12-06 20:58:23] [INFO] [com.kangkang.quartz.impl.TestJob] -------定时任务正在执行--------
[2021-12-06 20:58:24] [INFO] [com.kangkang.quartz.impl.TestJob] -------定时任务正在执行--------
[2021-12-06 20:58:25] [INFO] [com.kangkang.quartz.impl.TestJob] -------定时任务正在执行--------
[2021-12-06 20:58:26] [INFO] [com.kangkang.quartz.impl.TestJob] -------定时任务正在执行--------
[2021-12-06 20:58:27] [INFO] [com.kangkang.quartz.impl.TestJob] -------定时任务正在执行--------
[2021-12-06 20:58:28] [INFO] [com.kangkang.quartz.impl.TestJob] -------定时任务正在执行--------
[2021-12-06 20:58:29] [INFO] [com.kangkang.quartz.impl.TestJob] -------定时任务正在执行--------
[2021-12-06 20:58:30] [INFO] [com.kangkang.quartz.impl.TestJob] -------定时任务正在执行--------
[2021-12-06 20:58:31] [INFO] [com.kangkang.quartz.impl.TestJob] -------定时任务正在执行--------
[2021-12-06 20:58:32] [INFO] [com.kangkang.quartz.impl.TestJob] -------定时任务正在执行--------
[2021-12-06 20:58:33] [INFO] [com.kangkang.quartz.impl.TestJob] -------定时任务正在执行--------
[2021-12-06 20:58:34] [INFO] [com.kangkang.quartz.impl.TestJob] -------定时任务正在执行--------
[2021-12-06 20:58:35] [INFO] [com.kangkang.quartz.impl.TestJob] -------定时任务正在执行--------
[2021-12-06 20:58:36] [INFO] [com.kangkang.quartz.impl.TestJob] -------定时任务正在执行--------
[2021-12-06 20:58:37] [INFO] [com.kangkang.quartz.impl.TestJob] -------定时任务正在执行--------
[2021-12-06 20:58:38] [INFO] [com.kangkang.quartz.impl.TestJob] -------定时任务正在执行--------
[2021-12-06 20:58:39] [INFO] [com.kangkang.quartz.impl.TestJob] -------定时任务正在执行--------
[2021-12-06 20:58:40] [INFO] [com.kangkang.quartz.impl.TestJob] -------定时任务正在执行--------
[2021-12-06 20:58:41] [INFO] [com.kangkang.quartz.impl.TestJob] -------定时任务正在执行--------
[2021-12-06 20:58:42] [INFO] [com.kangkang.quartz.impl.TestJob] -------定时任务正在执行--------
[2021-12-06 20:58:43] [INFO] [com.kangkang.quartz.impl.TestJob] -------定时任务正在执行--------
[2021-12-06 20:58:44] [INFO] [com.kangkang.quartz.impl.TestJob] -------定时任务正在执行--------
[2021-12-06 20:58:45] [INFO] [com.kangkang.quartz.impl.TestJob] -------定时任务正在执行--------
[2021-12-06 20:58:46] [INFO] [com.kangkang.quartz.impl.TestJob] -------定时任务正在执行--------
[2021-12-06 20:58:47] [INFO] [com.kangkang.quartz.impl.TestJob] -------定时任务正在执行--------
[2021-12-06 20:58:48] [INFO] [com.kangkang.quartz.impl.TestJob] -------定时任务正在执行--------
[2021-12-06 20:58:49] [INFO] [com.kangkang.quartz.impl.TestJob] -------定时任务正在执行--------
[2021-12-06 20:58:50] [INFO] [com.kangkang.quartz.impl.TestJob] -------定时任务正在执行--------
[2021-12-06 20:58:51] [INFO] [com.kangkang.quartz.impl.TestJob] -------定时任务正在执行--------
[2021-12-06 20:58:52] [INFO] [com.kangkang.quartz.impl.TestJob] -------定时任务正在执行--------
[2021-12-06 20:58:53] [INFO] [com.kangkang.quartz.impl.TestJob] -------定时任务正在执行--------
[2021-12-06 20:58:54] [INFO] [com.kangkang.quartz.impl.TestJob] -------定时任务正在执行--------
[2021-12-06 20:58:55] [INFO] [com.kangkang.quartz.impl.TestJob] -------定时任务正在执行--------
[2021-12-06 20:58:56] [INFO] [com.kangkang.quartz.impl.TestJob] -------定时任务正在执行--------
[2021-12-06 20:58:57] [INFO] [com.kangkang.quartz.impl.TestJob] -------定时任务正在执行--------
[2021-12-06 20:58:58] [INFO] [com.kangkang.quartz.impl.TestJob] -------定时任务正在执行--------
[2021-12-06 20:58:59] [INFO] [com.kangkang.quartz.impl.TestJob] -------定时任务正在执行--------
[2021-12-06 20:59:00] [INFO] [com.kangkang.quartz.impl.TestJob] -------定时任务正在执行--------
[2021-12-06 20:59:01] [INFO] [com.kangkang.quartz.impl.TestJob] -------定时任务正在执行--------
[2021-12-06 20:59:02] [INFO] [com.kangkang.quartz.impl.TestJob] -------定时任务正在执行--------
[2021-12-06 20:59:03] [INFO] [com.kangkang.quartz.impl.TestJob] -------定时任务正在执行--------
[2021-12-06 20:59:04] [INFO] [com.kangkang.quartz.impl.TestJob] -------定时任务正在执行--------
[2021-12-06 20:59:05] [INFO] [com.kangkang.quartz.impl.TestJob] -------定时任务正在执行--------
[2021-12-06 20:59:06] [INFO] [com.kangkang.quartz.impl.TestJob] -------定时任务正在执行--------
[2021-12-06 20:59:07] [INFO] [com.kangkang.quartz.impl.TestJob] -------定时任务正在执行--------
[2021-12-06 20:59:08] [INFO] [com.kangkang.quartz.impl.TestJob] -------定时任务正在执行--------
[2021-12-06 20:59:09] [INFO] [com.kangkang.quartz.impl.TestJob] -------定时任务正在执行--------
[2021-12-06 20:59:10] [INFO] [com.kangkang.quartz.impl.TestJob] -------定时任务正在执行--------
[2021-12-06 20:59:11] [INFO] [com.kangkang.quartz.impl.TestJob] -------定时任务正在执行--------
[2021-12-06 20:59:12] [INFO] [com.kangkang.quartz.impl.TestJob] -------定时任务正在执行--------
[2021-12-06 20:59:13] [INFO] [com.kangkang.quartz.impl.TestJob] -------定时任务正在执行--------
[2021-12-06 20:59:14] [INFO] [com.kangkang.quartz.impl.TestJob] -------定时任务正在执行--------
[2021-12-06 20:59:15] [INFO] [com.kangkang.quartz.impl.TestJob] -------定时任务正在执行--------
[2021-12-06 20:59:16] [INFO] [com.kangkang.quartz.impl.TestJob] -------定时任务正在执行--------
[2021-12-06 20:59:17] [INFO] [com.kangkang.quartz.impl.TestJob] -------定时任务正在执行--------
[2021-12-06 20:59:18] [INFO] [com.kangkang.quartz.impl.TestJob] -------定时任务正在执行--------
[2021-12-06 20:59:19] [INFO] [com.kangkang.quartz.impl.TestJob] -------定时任务正在执行--------
[2021-12-06 20:59:20] [INFO] [com.kangkang.quartz.impl.TestJob] -------定时任务正在执行--------
[2021-12-06 20:59:21] [INFO] [com.kangkang.quartz.impl.TestJob] -------定时任务正在执行--------
[2021-12-06 20:59:22] [INFO] [com.kangkang.quartz.impl.TestJob] -------定时任务正在执行--------
[2021-12-06 20:59:23] [INFO] [com.kangkang.quartz.impl.TestJob] -------定时任务正在执行--------
[2021-12-06 20:59:24] [INFO] [com.kangkang.quartz.impl.TestJob] -------定时任务正在执行--------
[2021-12-06 20:59:25] [INFO] [com.kangkang.quartz.impl.TestJob] -------定时任务正在执行--------
[2021-12-06 20:59:26] [INFO] [com.kangkang.quartz.impl.TestJob] -------定时任务正在执行--------
[2021-12-06 20:59:27] [INFO] [com.kangkang.quartz.impl.TestJob] -------定时任务正在执行--------
[2021-12-06 20:59:28] [INFO] [com.kangkang.quartz.impl.TestJob] -------定时任务正在执行--------
[2021-12-06 20:59:29] [INFO] [com.kangkang.quartz.impl.TestJob] -------定时任务正在执行--------
[2021-12-06 20:59:30] [INFO] [com.kangkang.quartz.impl.TestJob] -------定时任务正在执行--------
[2021-12-06 20:59:31] [INFO] [com.kangkang.quartz.impl.TestJob] -------定时任务正在执行--------
[2021-12-06 20:59:32] [INFO] [com.kangkang.quartz.impl.TestJob] -------定时任务正在执行--------
[2021-12-06 20:59:33] [INFO] [com.kangkang.quartz.impl.TestJob] -------定时任务正在执行--------
[2021-12-06 20:59:34] [INFO] [com.kangkang.quartz.impl.TestJob] -------定时任务正在执行--------
[2021-12-06 20:59:35] [INFO] [com.kangkang.quartz.impl.TestJob] -------定时任务正在执行--------
[2021-12-06 20:59:36] [INFO] [com.kangkang.quartz.impl.TestJob] -------定时任务正在执行--------
[2021-12-06 20:59:37] [INFO] [com.kangkang.quartz.impl.TestJob] -------定时任务正在执行--------
[2021-12-06 20:59:38] [INFO] [com.kangkang.quartz.impl.TestJob] -------定时任务正在执行--------
[2021-12-06 20:59:39] [INFO] [com.kangkang.quartz.impl.TestJob] -------定时任务正在执行--------
[2021-12-06 20:59:40] [INFO] [com.kangkang.quartz.impl.TestJob] -------定时任务正在执行--------
[2021-12-06 20:59:41] [INFO] [com.kangkang.quartz.impl.TestJob] -------定时任务正在执行--------
[2021-12-06 20:59:42] [INFO] [com.kangkang.quartz.impl.TestJob] -------定时任务正在执行--------
[2021-12-06 20:59:43] [INFO] [com.kangkang.quartz.impl.TestJob] -------定时任务正在执行--------
[2021-12-06 20:59:44] [INFO] [com.kangkang.quartz.impl.TestJob] -------定时任务正在执行--------
[2021-12-06 20:59:45] [INFO] [com.kangkang.quartz.impl.TestJob] -------定时任务正在执行--------
[2021-12-06 20:59:46] [INFO] [com.kangkang.quartz.impl.TestJob] -------定时任务正在执行--------
[2021-12-06 20:59:47] [INFO] [com.kangkang.quartz.impl.TestJob] -------定时任务正在执行--------
[2021-12-06 20:59:48] [INFO] [com.kangkang.quartz.impl.TestJob] -------定时任务正在执行--------
[2021-12-06 20:59:49] [INFO] [com.kangkang.quartz.impl.TestJob] -------定时任务正在执行--------
[2021-12-06 20:59:50] [INFO] [com.kangkang.quartz.impl.TestJob] -------定时任务正在执行--------
[2021-12-06 20:59:51] [INFO] [com.kangkang.quartz.impl.TestJob] -------定时任务正在执行--------
[2021-12-06 20:59:52] [INFO] [com.kangkang.quartz.impl.TestJob] -------定时任务正在执行--------
[2021-12-06 20:59:52] [INFO] [org.quartz.core.QuartzScheduler] Scheduler quartzScheduler_$_NON_CLUSTERED paused.
[2021-12-06 20:59:52] [INFO] [org.springframework.scheduling.quartz.SchedulerFactoryBean] Shutting down Quartz Scheduler
[2021-12-06 20:59:52] [INFO] [org.quartz.core.QuartzScheduler] Scheduler quartzScheduler_$_NON_CLUSTERED shutting down.
[2021-12-06 20:59:52] [INFO] [org.quartz.core.QuartzScheduler] Scheduler quartzScheduler_$_NON_CLUSTERED paused.
[2021-12-06 20:59:52] [INFO] [org.quartz.core.QuartzScheduler] Scheduler quartzScheduler_$_NON_CLUSTERED shutdown complete.
[2021-12-06 20:59:52] [INFO] [com.alibaba.cloud.nacos.registry.NacosServiceRegistry] De-registering from Nacos Server now...
[2021-12-06 20:59:52] [INFO] [com.alibaba.cloud.nacos.registry.NacosServiceRegistry] De-registration finished.
[2021-12-06 20:59:52] [INFO] [org.springframework.scheduling.concurrent.ThreadPoolTaskExecutor] Shutting down ExecutorService 'applicationTaskExecutor'
[2021-12-06 20:59:52] [INFO] [com.zaxxer.hikari.HikariDataSource] HikariPool-1 - Shutdown initiated...
[2021-12-06 20:59:52] [INFO] [com.zaxxer.hikari.HikariDataSource] HikariPool-1 - Shutdown completed.
[2021-12-06 21:01:05] [INFO] [com.ulisesbocchio.jasyptspringboot.configuration.EnableEncryptablePropertiesBeanFactoryPostProcessor] Post-processing PropertySource instances
[2021-12-06 21:01:05] [INFO] [com.ulisesbocchio.jasyptspringboot.EncryptablePropertySourceConverter] Converting PropertySource configurationProperties [org.springframework.boot.context.properties.source.ConfigurationPropertySourcesPropertySource] to AOP Proxy
[2021-12-06 21:01:05] [INFO] [com.ulisesbocchio.jasyptspringboot.EncryptablePropertySourceConverter] Converting PropertySource bootstrap [org.springframework.core.env.MapPropertySource] to EncryptableMapPropertySourceWrapper
[2021-12-06 21:01:05] [INFO] [com.ulisesbocchio.jasyptspringboot.EncryptablePropertySourceConverter] Converting PropertySource systemProperties [org.springframework.core.env.PropertiesPropertySource] to EncryptableMapPropertySourceWrapper
[2021-12-06 21:01:05] [INFO] [com.ulisesbocchio.jasyptspringboot.EncryptablePropertySourceConverter] Converting PropertySource systemEnvironment [org.springframework.boot.env.SystemEnvironmentPropertySourceEnvironmentPostProcessor$OriginAwareSystemEnvironmentPropertySource] to EncryptableSystemEnvironmentPropertySourceWrapper
[2021-12-06 21:01:05] [INFO] [com.ulisesbocchio.jasyptspringboot.EncryptablePropertySourceConverter] Converting PropertySource random [org.springframework.boot.env.RandomValuePropertySource] to EncryptablePropertySourceWrapper
[2021-12-06 21:01:05] [INFO] [com.ulisesbocchio.jasyptspringboot.EncryptablePropertySourceConverter] Converting PropertySource springCloudClientHostInfo [org.springframework.core.env.MapPropertySource] to EncryptableMapPropertySourceWrapper
[2021-12-06 21:01:05] [INFO] [org.springframework.context.support.PostProcessorRegistrationDelegate$BeanPostProcessorChecker] Bean 'org.springframework.cloud.autoconfigure.ConfigurationPropertiesRebinderAutoConfiguration' of type [org.springframework.cloud.autoconfigure.ConfigurationPropertiesRebinderAutoConfiguration] is not eligible for getting processed by all BeanPostProcessors (for example: not eligible for auto-proxying)
[2021-12-06 21:01:05] [INFO] [com.ulisesbocchio.jasyptspringboot.filter.DefaultLazyPropertyFilter] Property Filter custom Bean not found with name 'encryptablePropertyFilter'. Initializing Default Property Filter
[2021-12-06 21:01:05] [INFO] [com.ulisesbocchio.jasyptspringboot.resolver.DefaultLazyPropertyResolver] Property Resolver custom Bean not found with name 'encryptablePropertyResolver'. Initializing Default Property Resolver
[2021-12-06 21:01:05] [INFO] [com.ulisesbocchio.jasyptspringboot.detector.DefaultLazyPropertyDetector] Property Detector custom Bean not found with name 'encryptablePropertyDetector'. Initializing Default Property Detector
[2021-12-06 21:01:05] [INFO] [com.kangkang.FileProcessApplication] No active profile set, falling back to default profiles: default
[2021-12-06 21:01:05] [INFO] [org.springframework.cloud.context.scope.GenericScope] BeanFactory id=cdb9c175-e261-3711-a476-565e29a3882e
[2021-12-06 21:01:05] [INFO] [com.ulisesbocchio.jasyptspringboot.configuration.EnableEncryptablePropertiesBeanFactoryPostProcessor] Post-processing PropertySource instances
[2021-12-06 21:01:05] [INFO] [com.ulisesbocchio.jasyptspringboot.EncryptablePropertySourceConverter] Converting PropertySource configurationProperties [org.springframework.boot.context.properties.source.ConfigurationPropertySourcesPropertySource] to AOP Proxy
[2021-12-06 21:01:05] [INFO] [com.ulisesbocchio.jasyptspringboot.EncryptablePropertySourceConverter] Converting PropertySource servletConfigInitParams [org.springframework.core.env.PropertySource$StubPropertySource] to EncryptablePropertySourceWrapper
[2021-12-06 21:01:05] [INFO] [com.ulisesbocchio.jasyptspringboot.EncryptablePropertySourceConverter] Converting PropertySource servletContextInitParams [org.springframework.core.env.PropertySource$StubPropertySource] to EncryptablePropertySourceWrapper
[2021-12-06 21:01:05] [INFO] [com.ulisesbocchio.jasyptspringboot.EncryptablePropertySourceConverter] Converting PropertySource systemProperties [org.springframework.core.env.PropertiesPropertySource] to EncryptableMapPropertySourceWrapper
[2021-12-06 21:01:05] [INFO] [com.ulisesbocchio.jasyptspringboot.EncryptablePropertySourceConverter] Converting PropertySource systemEnvironment [org.springframework.boot.env.SystemEnvironmentPropertySourceEnvironmentPostProcessor$OriginAwareSystemEnvironmentPropertySource] to EncryptableSystemEnvironmentPropertySourceWrapper
[2021-12-06 21:01:05] [INFO] [com.ulisesbocchio.jasyptspringboot.EncryptablePropertySourceConverter] Converting PropertySource random [org.springframework.boot.env.RandomValuePropertySource] to EncryptablePropertySourceWrapper
[2021-12-06 21:01:05] [INFO] [com.ulisesbocchio.jasyptspringboot.EncryptablePropertySourceConverter] Converting PropertySource springCloudClientHostInfo [org.springframework.core.env.MapPropertySource] to EncryptableMapPropertySourceWrapper
[2021-12-06 21:01:05] [INFO] [com.ulisesbocchio.jasyptspringboot.EncryptablePropertySourceConverter] Converting PropertySource applicationConfig: [classpath:/application.properties] [org.springframework.boot.env.OriginTrackedMapPropertySource] to EncryptableMapPropertySourceWrapper
[2021-12-06 21:01:05] [INFO] [com.ulisesbocchio.jasyptspringboot.EncryptablePropertySourceConverter] Converting PropertySource applicationConfig: [classpath:/application.yml] [org.springframework.boot.env.OriginTrackedMapPropertySource] to EncryptableMapPropertySourceWrapper
[2021-12-06 21:01:05] [INFO] [com.ulisesbocchio.jasyptspringboot.EncryptablePropertySourceConverter] Converting PropertySource springCloudDefaultProperties [org.springframework.core.env.MapPropertySource] to EncryptableMapPropertySourceWrapper
[2021-12-06 21:01:05] [INFO] [com.ulisesbocchio.jasyptspringboot.filter.DefaultLazyPropertyFilter] Property Filter custom Bean not found with name 'encryptablePropertyFilter'. Initializing Default Property Filter
[2021-12-06 21:01:05] [INFO] [org.springframework.context.support.PostProcessorRegistrationDelegate$BeanPostProcessorChecker] Bean 'org.springframework.transaction.annotation.ProxyTransactionManagementConfiguration' of type [org.springframework.transaction.annotation.ProxyTransactionManagementConfiguration] is not eligible for getting processed by all BeanPostProcessors (for example: not eligible for auto-proxying)
[2021-12-06 21:01:05] [INFO] [org.springframework.context.support.PostProcessorRegistrationDelegate$BeanPostProcessorChecker] Bean 'org.springframework.cloud.autoconfigure.ConfigurationPropertiesRebinderAutoConfiguration' of type [org.springframework.cloud.autoconfigure.ConfigurationPropertiesRebinderAutoConfiguration] is not eligible for getting processed by all BeanPostProcessors (for example: not eligible for auto-proxying)
[2021-12-06 21:01:05] [INFO] [org.springframework.boot.web.embedded.tomcat.TomcatWebServer] Tomcat initialized with port(s): 8084 (http)
[2021-12-06 21:01:05] [INFO] [org.apache.coyote.http11.Http11NioProtocol] Initializing ProtocolHandler ["http-nio-8084"]
[2021-12-06 21:01:05] [INFO] [org.apache.catalina.core.StandardService] Starting service [Tomcat]
[2021-12-06 21:01:05] [INFO] [org.apache.catalina.core.StandardEngine] Starting Servlet engine: [Apache Tomcat/9.0.29]
[2021-12-06 21:01:05] [INFO] [org.apache.catalina.core.ContainerBase.[Tomcat].[localhost].[/]] Initializing Spring embedded WebApplicationContext
[2021-12-06 21:01:05] [INFO] [org.springframework.web.context.ContextLoader] Root WebApplicationContext: initialization completed in 568 ms
[2021-12-06 21:01:05] [INFO] [com.ulisesbocchio.jasyptspringboot.resolver.DefaultLazyPropertyResolver] Property Resolver custom Bean not found with name 'encryptablePropertyResolver'. Initializing Default Property Resolver
[2021-12-06 21:01:05] [INFO] [com.ulisesbocchio.jasyptspringboot.detector.DefaultLazyPropertyDetector] Property Detector custom Bean not found with name 'encryptablePropertyDetector'. Initializing Default Property Detector
[2021-12-06 21:01:06] [INFO] [com.kangkang.file.config.InitDataConfig] =========开始获取配置信息============
[2021-12-06 21:01:06] [INFO] [com.zaxxer.hikari.HikariDataSource] HikariPool-1 - Starting...
[2021-12-06 21:01:06] [INFO] [com.zaxxer.hikari.HikariDataSource] HikariPool-1 - Start completed.
[2021-12-06 21:01:06] [INFO] [com.kangkang.file.config.InitDataConfig] {confValue=bb, confKey=aa}
[2021-12-06 21:01:06] [INFO] [com.kangkang.file.config.InitDataConfig] 这里可以做一些属性的初始化的工作。。。。。
[2021-12-06 21:01:06] [WARN] [com.netflix.config.sources.URLConfigurationSource] No URLs will be polled as dynamic configuration sources.
[2021-12-06 21:01:06] [INFO] [com.netflix.config.sources.URLConfigurationSource] To enable URLs as dynamic configuration sources, define System property archaius.configurationSource.additionalUrls or make config.properties available on classpath.
[2021-12-06 21:01:06] [WARN] [com.netflix.config.sources.URLConfigurationSource] No URLs will be polled as dynamic configuration sources.
[2021-12-06 21:01:06] [INFO] [com.netflix.config.sources.URLConfigurationSource] To enable URLs as dynamic configuration sources, define System property archaius.configurationSource.additionalUrls or make config.properties available on classpath.
[2021-12-06 21:01:06] [INFO] [org.springframework.scheduling.concurrent.ThreadPoolTaskExecutor] Initializing ExecutorService 'applicationTaskExecutor'
[2021-12-06 21:01:06] [INFO] [org.springframework.scheduling.concurrent.ThreadPoolTaskScheduler] Initializing ExecutorService 'Nacso-Watch-Task-Scheduler'
[2021-12-06 21:01:06] [WARN] [org.springframework.boot.autoconfigure.freemarker.FreeMarkerAutoConfiguration] Cannot find template location(s): [classpath:/templates/] (please add some templates, check your FreeMarker configuration, or set spring.freemarker.checkTemplateLocation=false)
[2021-12-06 21:01:06] [INFO] [org.quartz.impl.StdSchedulerFactory] Using default implementation for ThreadExecutor
[2021-12-06 21:01:06] [INFO] [org.quartz.core.SchedulerSignalerImpl] Initialized Scheduler Signaller of type: class org.quartz.core.SchedulerSignalerImpl
[2021-12-06 21:01:06] [INFO] [org.quartz.core.QuartzScheduler] Quartz Scheduler v.2.3.2 created.
[2021-12-06 21:01:06] [INFO] [org.quartz.simpl.RAMJobStore] RAMJobStore initialized.
[2021-12-06 21:01:06] [INFO] [org.quartz.core.QuartzScheduler] Scheduler meta-data: Quartz Scheduler (v2.3.2) 'quartzScheduler' with instanceId 'NON_CLUSTERED'
  Scheduler class: 'org.quartz.core.QuartzScheduler' - running locally.
  NOT STARTED.
  Currently in standby mode.
  Number of jobs executed: 0
  Using thread pool 'org.quartz.simpl.SimpleThreadPool' - with 10 threads.
  Using job-store 'org.quartz.simpl.RAMJobStore' - which does not support persistence. and is not clustered.

[2021-12-06 21:01:06] [INFO] [org.quartz.impl.StdSchedulerFactory] Quartz scheduler 'quartzScheduler' initialized from an externally provided properties instance.
[2021-12-06 21:01:06] [INFO] [org.quartz.impl.StdSchedulerFactory] Quartz scheduler version: 2.3.2
[2021-12-06 21:01:06] [INFO] [org.quartz.core.QuartzScheduler] JobFactory set to: org.springframework.scheduling.quartz.SpringBeanJobFactory@7069f076
[2021-12-06 21:01:06] [INFO] [org.springframework.scheduling.quartz.SchedulerFactoryBean] Starting Quartz Scheduler now
[2021-12-06 21:01:06] [INFO] [org.quartz.core.QuartzScheduler] Scheduler quartzScheduler_$_NON_CLUSTERED started.
[2021-12-06 21:01:06] [INFO] [org.springframework.scheduling.annotation.ScheduledAnnotationBeanPostProcessor] No TaskScheduler/ScheduledExecutorService bean found for scheduled processing
[2021-12-06 21:01:06] [INFO] [org.apache.coyote.http11.Http11NioProtocol] Starting ProtocolHandler ["http-nio-8084"]
[2021-12-06 21:01:06] [INFO] [org.springframework.boot.web.embedded.tomcat.TomcatWebServer] Tomcat started on port(s): 8084 (http) with context path ''
[2021-12-06 21:01:06] [INFO] [com.alibaba.cloud.nacos.registry.NacosServiceRegistry] nacos registry, DEFAULT_GROUP kangkang-file-process 192.168.8.150:8084 register finished
[2021-12-06 21:01:06] [INFO] [com.kangkang.FileProcessApplication] Started FileProcessApplication in 2.266 seconds (JVM running for 3.05)
[2021-12-06 21:01:07] [INFO] [com.kangkang.quartz.impl.TestJob] -------定时任务正在执行--------
[2021-12-06 21:01:08] [INFO] [com.kangkang.quartz.impl.TestJob] -------定时任务正在执行--------
[2021-12-06 21:01:09] [INFO] [com.kangkang.quartz.impl.TestJob] -------定时任务正在执行--------
[2021-12-06 21:01:10] [INFO] [com.kangkang.quartz.impl.TestJob] -------定时任务正在执行--------
[2021-12-06 21:01:11] [INFO] [com.kangkang.quartz.impl.TestJob] -------定时任务正在执行--------
[2021-12-06 21:01:12] [INFO] [com.kangkang.quartz.impl.TestJob] -------定时任务正在执行--------
[2021-12-06 21:01:13] [INFO] [com.kangkang.quartz.impl.TestJob] -------定时任务正在执行--------
[2021-12-06 21:01:14] [INFO] [com.kangkang.quartz.impl.TestJob] -------定时任务正在执行--------
[2021-12-06 21:01:15] [INFO] [com.kangkang.quartz.impl.TestJob] -------定时任务正在执行--------
[2021-12-06 21:01:16] [INFO] [com.kangkang.quartz.impl.TestJob] -------定时任务正在执行--------
[2021-12-06 21:01:17] [INFO] [com.kangkang.quartz.impl.TestJob] -------定时任务正在执行--------
[2021-12-06 21:01:18] [INFO] [com.kangkang.quartz.impl.TestJob] -------定时任务正在执行--------
[2021-12-06 21:01:19] [INFO] [com.kangkang.quartz.impl.TestJob] -------定时任务正在执行--------
[2021-12-06 21:01:20] [INFO] [com.kangkang.quartz.impl.TestJob] -------定时任务正在执行--------
[2021-12-06 21:01:21] [INFO] [com.kangkang.quartz.impl.TestJob] -------定时任务正在执行--------
[2021-12-06 21:01:22] [INFO] [com.kangkang.quartz.impl.TestJob] -------定时任务正在执行--------
[2021-12-06 21:01:23] [INFO] [com.kangkang.quartz.impl.TestJob] -------定时任务正在执行--------
[2021-12-06 21:01:24] [INFO] [com.kangkang.quartz.impl.TestJob] -------定时任务正在执行--------
[2021-12-06 21:01:25] [INFO] [com.kangkang.quartz.impl.TestJob] -------定时任务正在执行--------
[2021-12-06 21:01:26] [INFO] [com.kangkang.quartz.impl.TestJob] -------定时任务正在执行--------
[2021-12-06 21:01:27] [INFO] [com.kangkang.quartz.impl.TestJob] -------定时任务正在执行--------
[2021-12-06 21:01:28] [INFO] [com.kangkang.quartz.impl.TestJob] -------定时任务正在执行--------
[2021-12-06 21:01:29] [INFO] [com.kangkang.quartz.impl.TestJob] -------定时任务正在执行--------
[2021-12-06 21:01:30] [INFO] [com.kangkang.quartz.impl.TestJob] -------定时任务正在执行--------
[2021-12-06 21:01:31] [INFO] [com.kangkang.quartz.impl.TestJob] -------定时任务正在执行--------
[2021-12-06 21:01:32] [INFO] [com.kangkang.quartz.impl.TestJob] -------定时任务正在执行--------
[2021-12-06 21:01:33] [INFO] [com.kangkang.quartz.impl.TestJob] -------定时任务正在执行--------
[2021-12-06 21:01:34] [INFO] [com.kangkang.quartz.impl.TestJob] -------定时任务正在执行--------
[2021-12-06 21:01:35] [INFO] [com.kangkang.quartz.impl.TestJob] -------定时任务正在执行--------
[2021-12-06 21:01:36] [INFO] [com.kangkang.quartz.impl.TestJob] -------定时任务正在执行--------
[2021-12-06 21:01:37] [INFO] [com.kangkang.quartz.impl.TestJob] -------定时任务正在执行--------
[2021-12-06 21:01:38] [INFO] [com.kangkang.quartz.impl.TestJob] -------定时任务正在执行--------
[2021-12-06 21:01:39] [INFO] [com.kangkang.quartz.impl.TestJob] -------定时任务正在执行--------
[2021-12-06 21:01:40] [INFO] [com.kangkang.quartz.impl.TestJob] -------定时任务正在执行--------
[2021-12-06 21:01:41] [INFO] [com.kangkang.quartz.impl.TestJob] -------定时任务正在执行--------
[2021-12-06 21:01:42] [INFO] [com.kangkang.quartz.impl.TestJob] -------定时任务正在执行--------
[2021-12-06 21:01:43] [INFO] [com.kangkang.quartz.impl.TestJob] -------定时任务正在执行--------
[2021-12-06 21:01:44] [INFO] [com.kangkang.quartz.impl.TestJob] -------定时任务正在执行--------
[2021-12-06 21:01:45] [INFO] [com.kangkang.quartz.impl.TestJob] -------定时任务正在执行--------
[2021-12-06 21:01:46] [INFO] [com.kangkang.quartz.impl.TestJob] -------定时任务正在执行--------
[2021-12-06 21:01:47] [INFO] [com.kangkang.quartz.impl.TestJob] -------定时任务正在执行--------
[2021-12-06 21:01:48] [INFO] [com.kangkang.quartz.impl.TestJob] -------定时任务正在执行--------
[2021-12-06 21:01:49] [INFO] [com.kangkang.quartz.impl.TestJob] -------定时任务正在执行--------
[2021-12-06 21:01:50] [INFO] [com.kangkang.quartz.impl.TestJob] -------定时任务正在执行--------
[2021-12-06 21:01:51] [INFO] [com.kangkang.quartz.impl.TestJob] -------定时任务正在执行--------
[2021-12-06 21:01:52] [INFO] [com.kangkang.quartz.impl.TestJob] -------定时任务正在执行--------
[2021-12-06 21:01:53] [INFO] [com.kangkang.quartz.impl.TestJob] -------定时任务正在执行--------
[2021-12-06 21:01:54] [INFO] [com.kangkang.quartz.impl.TestJob] -------定时任务正在执行--------
[2021-12-06 21:01:55] [INFO] [com.kangkang.quartz.impl.TestJob] -------定时任务正在执行--------
[2021-12-06 21:01:56] [INFO] [com.kangkang.quartz.impl.TestJob] -------定时任务正在执行--------
[2021-12-06 21:01:57] [INFO] [com.kangkang.quartz.impl.TestJob] -------定时任务正在执行--------
[2021-12-06 21:01:58] [INFO] [com.kangkang.quartz.impl.TestJob] -------定时任务正在执行--------
[2021-12-06 21:01:59] [INFO] [com.kangkang.quartz.impl.TestJob] -------定时任务正在执行--------
[2021-12-06 21:02:00] [INFO] [com.kangkang.quartz.impl.TestJob] -------定时任务正在执行--------
[2021-12-06 21:02:01] [INFO] [com.kangkang.quartz.impl.TestJob] -------定时任务正在执行--------
[2021-12-06 21:02:02] [INFO] [com.kangkang.quartz.impl.TestJob] -------定时任务正在执行--------
[2021-12-06 21:02:03] [INFO] [com.kangkang.quartz.impl.TestJob] -------定时任务正在执行--------
[2021-12-06 21:02:04] [INFO] [com.kangkang.quartz.impl.TestJob] -------定时任务正在执行--------
[2021-12-06 21:02:05] [INFO] [com.kangkang.quartz.impl.TestJob] -------定时任务正在执行--------
[2021-12-06 21:02:06] [INFO] [com.kangkang.quartz.impl.TestJob] -------定时任务正在执行--------
[2021-12-06 21:02:06] [INFO] [org.quartz.core.QuartzScheduler] Scheduler quartzScheduler_$_NON_CLUSTERED paused.
[2021-12-06 21:02:06] [INFO] [org.springframework.scheduling.quartz.SchedulerFactoryBean] Shutting down Quartz Scheduler
[2021-12-06 21:02:06] [INFO] [org.quartz.core.QuartzScheduler] Scheduler quartzScheduler_$_NON_CLUSTERED shutting down.
[2021-12-06 21:02:06] [INFO] [org.quartz.core.QuartzScheduler] Scheduler quartzScheduler_$_NON_CLUSTERED paused.
[2021-12-06 21:02:06] [INFO] [org.quartz.core.QuartzScheduler] Scheduler quartzScheduler_$_NON_CLUSTERED shutdown complete.
[2021-12-06 21:02:06] [INFO] [com.alibaba.cloud.nacos.registry.NacosServiceRegistry] De-registering from Nacos Server now...
[2021-12-06 21:02:06] [INFO] [com.alibaba.cloud.nacos.registry.NacosServiceRegistry] De-registration finished.
[2021-12-06 21:02:06] [INFO] [org.springframework.scheduling.concurrent.ThreadPoolTaskExecutor] Shutting down ExecutorService 'applicationTaskExecutor'
[2021-12-06 21:02:06] [INFO] [com.zaxxer.hikari.HikariDataSource] HikariPool-1 - Shutdown initiated...
[2021-12-06 21:02:06] [INFO] [com.zaxxer.hikari.HikariDataSource] HikariPool-1 - Shutdown completed.
[2021-12-06 21:02:38] [INFO] [com.ulisesbocchio.jasyptspringboot.configuration.EnableEncryptablePropertiesBeanFactoryPostProcessor] Post-processing PropertySource instances
[2021-12-06 21:02:38] [INFO] [com.ulisesbocchio.jasyptspringboot.EncryptablePropertySourceConverter] Converting PropertySource configurationProperties [org.springframework.boot.context.properties.source.ConfigurationPropertySourcesPropertySource] to AOP Proxy
[2021-12-06 21:02:38] [INFO] [com.ulisesbocchio.jasyptspringboot.EncryptablePropertySourceConverter] Converting PropertySource bootstrap [org.springframework.core.env.MapPropertySource] to EncryptableMapPropertySourceWrapper
[2021-12-06 21:02:38] [INFO] [com.ulisesbocchio.jasyptspringboot.EncryptablePropertySourceConverter] Converting PropertySource systemProperties [org.springframework.core.env.PropertiesPropertySource] to EncryptableMapPropertySourceWrapper
[2021-12-06 21:02:38] [INFO] [com.ulisesbocchio.jasyptspringboot.EncryptablePropertySourceConverter] Converting PropertySource systemEnvironment [org.springframework.boot.env.SystemEnvironmentPropertySourceEnvironmentPostProcessor$OriginAwareSystemEnvironmentPropertySource] to EncryptableSystemEnvironmentPropertySourceWrapper
[2021-12-06 21:02:38] [INFO] [com.ulisesbocchio.jasyptspringboot.EncryptablePropertySourceConverter] Converting PropertySource random [org.springframework.boot.env.RandomValuePropertySource] to EncryptablePropertySourceWrapper
[2021-12-06 21:02:38] [INFO] [com.ulisesbocchio.jasyptspringboot.EncryptablePropertySourceConverter] Converting PropertySource springCloudClientHostInfo [org.springframework.core.env.MapPropertySource] to EncryptableMapPropertySourceWrapper
[2021-12-06 21:02:38] [INFO] [org.springframework.context.support.PostProcessorRegistrationDelegate$BeanPostProcessorChecker] Bean 'org.springframework.cloud.autoconfigure.ConfigurationPropertiesRebinderAutoConfiguration' of type [org.springframework.cloud.autoconfigure.ConfigurationPropertiesRebinderAutoConfiguration] is not eligible for getting processed by all BeanPostProcessors (for example: not eligible for auto-proxying)
[2021-12-06 21:02:38] [INFO] [com.ulisesbocchio.jasyptspringboot.filter.DefaultLazyPropertyFilter] Property Filter custom Bean not found with name 'encryptablePropertyFilter'. Initializing Default Property Filter
[2021-12-06 21:02:38] [INFO] [com.ulisesbocchio.jasyptspringboot.resolver.DefaultLazyPropertyResolver] Property Resolver custom Bean not found with name 'encryptablePropertyResolver'. Initializing Default Property Resolver
[2021-12-06 21:02:38] [INFO] [com.ulisesbocchio.jasyptspringboot.detector.DefaultLazyPropertyDetector] Property Detector custom Bean not found with name 'encryptablePropertyDetector'. Initializing Default Property Detector
[2021-12-06 21:02:38] [INFO] [com.kangkang.FileProcessApplication] No active profile set, falling back to default profiles: default
[2021-12-06 21:02:38] [INFO] [org.springframework.cloud.context.scope.GenericScope] BeanFactory id=cdb9c175-e261-3711-a476-565e29a3882e
[2021-12-06 21:02:38] [INFO] [com.ulisesbocchio.jasyptspringboot.configuration.EnableEncryptablePropertiesBeanFactoryPostProcessor] Post-processing PropertySource instances
[2021-12-06 21:02:38] [INFO] [com.ulisesbocchio.jasyptspringboot.EncryptablePropertySourceConverter] Converting PropertySource configurationProperties [org.springframework.boot.context.properties.source.ConfigurationPropertySourcesPropertySource] to AOP Proxy
[2021-12-06 21:02:38] [INFO] [com.ulisesbocchio.jasyptspringboot.EncryptablePropertySourceConverter] Converting PropertySource servletConfigInitParams [org.springframework.core.env.PropertySource$StubPropertySource] to EncryptablePropertySourceWrapper
[2021-12-06 21:02:38] [INFO] [com.ulisesbocchio.jasyptspringboot.EncryptablePropertySourceConverter] Converting PropertySource servletContextInitParams [org.springframework.core.env.PropertySource$StubPropertySource] to EncryptablePropertySourceWrapper
[2021-12-06 21:02:38] [INFO] [com.ulisesbocchio.jasyptspringboot.EncryptablePropertySourceConverter] Converting PropertySource systemProperties [org.springframework.core.env.PropertiesPropertySource] to EncryptableMapPropertySourceWrapper
[2021-12-06 21:02:38] [INFO] [com.ulisesbocchio.jasyptspringboot.EncryptablePropertySourceConverter] Converting PropertySource systemEnvironment [org.springframework.boot.env.SystemEnvironmentPropertySourceEnvironmentPostProcessor$OriginAwareSystemEnvironmentPropertySource] to EncryptableSystemEnvironmentPropertySourceWrapper
[2021-12-06 21:02:38] [INFO] [com.ulisesbocchio.jasyptspringboot.EncryptablePropertySourceConverter] Converting PropertySource random [org.springframework.boot.env.RandomValuePropertySource] to EncryptablePropertySourceWrapper
[2021-12-06 21:02:38] [INFO] [com.ulisesbocchio.jasyptspringboot.EncryptablePropertySourceConverter] Converting PropertySource springCloudClientHostInfo [org.springframework.core.env.MapPropertySource] to EncryptableMapPropertySourceWrapper
[2021-12-06 21:02:38] [INFO] [com.ulisesbocchio.jasyptspringboot.EncryptablePropertySourceConverter] Converting PropertySource applicationConfig: [classpath:/application.properties] [org.springframework.boot.env.OriginTrackedMapPropertySource] to EncryptableMapPropertySourceWrapper
[2021-12-06 21:02:38] [INFO] [com.ulisesbocchio.jasyptspringboot.EncryptablePropertySourceConverter] Converting PropertySource applicationConfig: [classpath:/application.yml] [org.springframework.boot.env.OriginTrackedMapPropertySource] to EncryptableMapPropertySourceWrapper
[2021-12-06 21:02:38] [INFO] [com.ulisesbocchio.jasyptspringboot.EncryptablePropertySourceConverter] Converting PropertySource springCloudDefaultProperties [org.springframework.core.env.MapPropertySource] to EncryptableMapPropertySourceWrapper
[2021-12-06 21:02:38] [INFO] [com.ulisesbocchio.jasyptspringboot.filter.DefaultLazyPropertyFilter] Property Filter custom Bean not found with name 'encryptablePropertyFilter'. Initializing Default Property Filter
[2021-12-06 21:02:38] [INFO] [org.springframework.context.support.PostProcessorRegistrationDelegate$BeanPostProcessorChecker] Bean 'org.springframework.transaction.annotation.ProxyTransactionManagementConfiguration' of type [org.springframework.transaction.annotation.ProxyTransactionManagementConfiguration] is not eligible for getting processed by all BeanPostProcessors (for example: not eligible for auto-proxying)
[2021-12-06 21:02:38] [INFO] [org.springframework.context.support.PostProcessorRegistrationDelegate$BeanPostProcessorChecker] Bean 'org.springframework.cloud.autoconfigure.ConfigurationPropertiesRebinderAutoConfiguration' of type [org.springframework.cloud.autoconfigure.ConfigurationPropertiesRebinderAutoConfiguration] is not eligible for getting processed by all BeanPostProcessors (for example: not eligible for auto-proxying)
[2021-12-06 21:02:39] [INFO] [org.springframework.boot.web.embedded.tomcat.TomcatWebServer] Tomcat initialized with port(s): 8084 (http)
[2021-12-06 21:02:39] [INFO] [org.apache.coyote.http11.Http11NioProtocol] Initializing ProtocolHandler ["http-nio-8084"]
[2021-12-06 21:02:39] [INFO] [org.apache.catalina.core.StandardService] Starting service [Tomcat]
[2021-12-06 21:02:39] [INFO] [org.apache.catalina.core.StandardEngine] Starting Servlet engine: [Apache Tomcat/9.0.29]
[2021-12-06 21:02:39] [INFO] [org.apache.catalina.core.ContainerBase.[Tomcat].[localhost].[/]] Initializing Spring embedded WebApplicationContext
[2021-12-06 21:02:39] [INFO] [org.springframework.web.context.ContextLoader] Root WebApplicationContext: initialization completed in 523 ms
[2021-12-06 21:02:39] [INFO] [com.ulisesbocchio.jasyptspringboot.resolver.DefaultLazyPropertyResolver] Property Resolver custom Bean not found with name 'encryptablePropertyResolver'. Initializing Default Property Resolver
[2021-12-06 21:02:39] [INFO] [com.ulisesbocchio.jasyptspringboot.detector.DefaultLazyPropertyDetector] Property Detector custom Bean not found with name 'encryptablePropertyDetector'. Initializing Default Property Detector
[2021-12-06 21:02:39] [INFO] [com.kangkang.file.config.InitDataConfig] =========开始获取配置信息============
[2021-12-06 21:02:39] [INFO] [com.zaxxer.hikari.HikariDataSource] HikariPool-1 - Starting...
[2021-12-06 21:02:39] [INFO] [com.zaxxer.hikari.HikariDataSource] HikariPool-1 - Start completed.
[2021-12-06 21:02:39] [INFO] [com.kangkang.file.config.InitDataConfig] {confValue=bb, confKey=aa}
[2021-12-06 21:02:39] [INFO] [com.kangkang.file.config.InitDataConfig] 这里可以做一些属性的初始化的工作。。。。。
[2021-12-06 21:02:39] [WARN] [com.netflix.config.sources.URLConfigurationSource] No URLs will be polled as dynamic configuration sources.
[2021-12-06 21:02:39] [INFO] [com.netflix.config.sources.URLConfigurationSource] To enable URLs as dynamic configuration sources, define System property archaius.configurationSource.additionalUrls or make config.properties available on classpath.
[2021-12-06 21:02:39] [WARN] [com.netflix.config.sources.URLConfigurationSource] No URLs will be polled as dynamic configuration sources.
[2021-12-06 21:02:39] [INFO] [com.netflix.config.sources.URLConfigurationSource] To enable URLs as dynamic configuration sources, define System property archaius.configurationSource.additionalUrls or make config.properties available on classpath.
[2021-12-06 21:02:39] [INFO] [org.springframework.scheduling.concurrent.ThreadPoolTaskExecutor] Initializing ExecutorService 'applicationTaskExecutor'
[2021-12-06 21:02:39] [INFO] [org.springframework.scheduling.concurrent.ThreadPoolTaskScheduler] Initializing ExecutorService 'Nacso-Watch-Task-Scheduler'
[2021-12-06 21:02:40] [WARN] [org.springframework.boot.autoconfigure.freemarker.FreeMarkerAutoConfiguration] Cannot find template location(s): [classpath:/templates/] (please add some templates, check your FreeMarker configuration, or set spring.freemarker.checkTemplateLocation=false)
[2021-12-06 21:02:40] [INFO] [org.quartz.impl.StdSchedulerFactory] Using default implementation for ThreadExecutor
[2021-12-06 21:02:40] [INFO] [org.quartz.core.SchedulerSignalerImpl] Initialized Scheduler Signaller of type: class org.quartz.core.SchedulerSignalerImpl
[2021-12-06 21:02:40] [INFO] [org.quartz.core.QuartzScheduler] Quartz Scheduler v.2.3.2 created.
[2021-12-06 21:02:40] [INFO] [org.quartz.simpl.RAMJobStore] RAMJobStore initialized.
[2021-12-06 21:02:40] [INFO] [org.quartz.core.QuartzScheduler] Scheduler meta-data: Quartz Scheduler (v2.3.2) 'quartzScheduler' with instanceId 'NON_CLUSTERED'
  Scheduler class: 'org.quartz.core.QuartzScheduler' - running locally.
  NOT STARTED.
  Currently in standby mode.
  Number of jobs executed: 0
  Using thread pool 'org.quartz.simpl.SimpleThreadPool' - with 10 threads.
  Using job-store 'org.quartz.simpl.RAMJobStore' - which does not support persistence. and is not clustered.

[2021-12-06 21:02:40] [INFO] [org.quartz.impl.StdSchedulerFactory] Quartz scheduler 'quartzScheduler' initialized from an externally provided properties instance.
[2021-12-06 21:02:40] [INFO] [org.quartz.impl.StdSchedulerFactory] Quartz scheduler version: 2.3.2
[2021-12-06 21:02:40] [INFO] [org.quartz.core.QuartzScheduler] JobFactory set to: org.springframework.scheduling.quartz.SpringBeanJobFactory@e7b265e
[2021-12-06 21:02:40] [INFO] [org.springframework.scheduling.quartz.SchedulerFactoryBean] Starting Quartz Scheduler now
[2021-12-06 21:02:40] [INFO] [org.quartz.core.QuartzScheduler] Scheduler quartzScheduler_$_NON_CLUSTERED started.
[2021-12-06 21:02:40] [INFO] [org.springframework.scheduling.annotation.ScheduledAnnotationBeanPostProcessor] No TaskScheduler/ScheduledExecutorService bean found for scheduled processing
[2021-12-06 21:02:40] [INFO] [org.apache.coyote.http11.Http11NioProtocol] Starting ProtocolHandler ["http-nio-8084"]
[2021-12-06 21:02:40] [INFO] [org.springframework.boot.web.embedded.tomcat.TomcatWebServer] Tomcat started on port(s): 8084 (http) with context path ''
[2021-12-06 21:02:40] [INFO] [com.alibaba.cloud.nacos.registry.NacosServiceRegistry] nacos registry, DEFAULT_GROUP kangkang-file-process 192.168.8.150:8084 register finished
[2021-12-06 21:02:40] [INFO] [com.kangkang.FileProcessApplication] Started FileProcessApplication in 2.176 seconds (JVM running for 2.801)
[2021-12-06 21:02:41] [INFO] [com.kangkang.quartz.impl.TestJob] -------定时任务正在执行--------
[2021-12-06 21:02:42] [INFO] [com.kangkang.quartz.impl.TestJob] -------定时任务正在执行--------
[2021-12-06 21:02:43] [INFO] [com.kangkang.quartz.impl.TestJob] -------定时任务正在执行--------
[2021-12-06 21:02:44] [INFO] [com.kangkang.quartz.impl.TestJob] -------定时任务正在执行--------
[2021-12-06 21:02:45] [INFO] [com.kangkang.quartz.impl.TestJob] -------定时任务正在执行--------
[2021-12-06 21:02:46] [INFO] [com.kangkang.quartz.impl.TestJob] -------定时任务正在执行--------
[2021-12-06 21:02:47] [INFO] [com.kangkang.quartz.impl.TestJob] -------定时任务正在执行--------
[2021-12-06 21:02:48] [INFO] [com.kangkang.quartz.impl.TestJob] -------定时任务正在执行--------
[2021-12-06 21:02:49] [INFO] [com.kangkang.quartz.impl.TestJob] -------定时任务正在执行--------
[2021-12-06 21:02:50] [INFO] [com.kangkang.quartz.impl.TestJob] -------定时任务正在执行--------
[2021-12-06 21:02:51] [INFO] [com.kangkang.quartz.impl.TestJob] -------定时任务正在执行--------
[2021-12-06 21:02:52] [INFO] [com.kangkang.quartz.impl.TestJob] -------定时任务正在执行--------
[2021-12-06 21:02:53] [INFO] [com.kangkang.quartz.impl.TestJob] -------定时任务正在执行--------
[2021-12-06 21:02:54] [INFO] [com.kangkang.quartz.impl.TestJob] -------定时任务正在执行--------
[2021-12-06 21:02:55] [INFO] [com.kangkang.quartz.impl.TestJob] -------定时任务正在执行--------
[2021-12-06 21:02:56] [INFO] [com.kangkang.quartz.impl.TestJob] -------定时任务正在执行--------
[2021-12-06 21:02:57] [INFO] [com.kangkang.quartz.impl.TestJob] -------定时任务正在执行--------
[2021-12-06 21:02:58] [INFO] [com.kangkang.quartz.impl.TestJob] -------定时任务正在执行--------
[2021-12-06 21:02:59] [INFO] [com.kangkang.quartz.impl.TestJob] -------定时任务正在执行--------
[2021-12-06 21:03:00] [INFO] [com.kangkang.quartz.impl.TestJob] -------定时任务正在执行--------
[2021-12-06 21:03:01] [INFO] [com.kangkang.quartz.impl.TestJob] -------定时任务正在执行--------
[2021-12-06 21:03:02] [INFO] [com.kangkang.quartz.impl.TestJob] -------定时任务正在执行--------
[2021-12-06 21:03:03] [INFO] [com.kangkang.quartz.impl.TestJob] -------定时任务正在执行--------
[2021-12-06 21:03:04] [INFO] [com.kangkang.quartz.impl.TestJob] -------定时任务正在执行--------
[2021-12-06 21:03:05] [INFO] [com.kangkang.quartz.impl.TestJob] -------定时任务正在执行--------
[2021-12-06 21:03:06] [INFO] [com.kangkang.quartz.impl.TestJob] -------定时任务正在执行--------
[2021-12-06 21:03:07] [INFO] [com.kangkang.quartz.impl.TestJob] -------定时任务正在执行--------
[2021-12-06 21:03:07] [INFO] [org.quartz.core.QuartzScheduler] Scheduler quartzScheduler_$_NON_CLUSTERED paused.
[2021-12-06 21:03:07] [INFO] [org.springframework.scheduling.quartz.SchedulerFactoryBean] Shutting down Quartz Scheduler
[2021-12-06 21:03:07] [INFO] [org.quartz.core.QuartzScheduler] Scheduler quartzScheduler_$_NON_CLUSTERED shutting down.
[2021-12-06 21:03:07] [INFO] [org.quartz.core.QuartzScheduler] Scheduler quartzScheduler_$_NON_CLUSTERED paused.
[2021-12-06 21:03:07] [INFO] [org.quartz.core.QuartzScheduler] Scheduler quartzScheduler_$_NON_CLUSTERED shutdown complete.
[2021-12-06 21:03:07] [INFO] [com.alibaba.cloud.nacos.registry.NacosServiceRegistry] De-registering from Nacos Server now...
[2021-12-06 21:03:07] [INFO] [com.alibaba.cloud.nacos.registry.NacosServiceRegistry] De-registration finished.
[2021-12-06 21:03:07] [INFO] [org.springframework.scheduling.concurrent.ThreadPoolTaskExecutor] Shutting down ExecutorService 'applicationTaskExecutor'
[2021-12-06 21:03:07] [INFO] [com.zaxxer.hikari.HikariDataSource] HikariPool-1 - Shutdown initiated...
[2021-12-06 21:03:07] [INFO] [com.zaxxer.hikari.HikariDataSource] HikariPool-1 - Shutdown completed.
