[2022-03-19 19:54:48] [INFO] [com.ulisesbocchio.jasyptspringboot.configuration.EnableEncryptablePropertiesBeanFactoryPostProcessor] Post-processing PropertySource instances
[2022-03-19 19:54:48] [INFO] [com.ulisesbocchio.jasyptspringboot.EncryptablePropertySourceConverter] Converting PropertySource configurationProperties [org.springframework.boot.context.properties.source.ConfigurationPropertySourcesPropertySource] to AOP Proxy
[2022-03-19 19:54:48] [INFO] [com.ulisesbocchio.jasyptspringboot.EncryptablePropertySourceConverter] Converting PropertySource bootstrap [org.springframework.core.env.MapPropertySource] to EncryptableMapPropertySourceWrapper
[2022-03-19 19:54:48] [INFO] [com.ulisesbocchio.jasyptspringboot.EncryptablePropertySourceConverter] Converting PropertySource systemProperties [org.springframework.core.env.PropertiesPropertySource] to EncryptableMapPropertySourceWrapper
[2022-03-19 19:54:48] [INFO] [com.ulisesbocchio.jasyptspringboot.EncryptablePropertySourceConverter] Converting PropertySource systemEnvironment [org.springframework.boot.env.SystemEnvironmentPropertySourceEnvironmentPostProcessor$OriginAwareSystemEnvironmentPropertySource] to EncryptableSystemEnvironmentPropertySourceWrapper
[2022-03-19 19:54:48] [INFO] [com.ulisesbocchio.jasyptspringboot.EncryptablePropertySourceConverter] Converting PropertySource random [org.springframework.boot.env.RandomValuePropertySource] to EncryptablePropertySourceWrapper
[2022-03-19 19:54:48] [INFO] [com.ulisesbocchio.jasyptspringboot.EncryptablePropertySourceConverter] Converting PropertySource springCloudClientHostInfo [org.springframework.core.env.MapPropertySource] to EncryptableMapPropertySourceWrapper
[2022-03-19 19:54:48] [INFO] [org.springframework.context.support.PostProcessorRegistrationDelegate$BeanPostProcessorChecker] Bean 'org.springframework.cloud.autoconfigure.ConfigurationPropertiesRebinderAutoConfiguration' of type [org.springframework.cloud.autoconfigure.ConfigurationPropertiesRebinderAutoConfiguration] is not eligible for getting processed by all BeanPostProcessors (for example: not eligible for auto-proxying)
[2022-03-19 19:54:48] [INFO] [com.ulisesbocchio.jasyptspringboot.filter.DefaultLazyPropertyFilter] Property Filter custom Bean not found with name 'encryptablePropertyFilter'. Initializing Default Property Filter
[2022-03-19 19:54:48] [INFO] [com.ulisesbocchio.jasyptspringboot.resolver.DefaultLazyPropertyResolver] Property Resolver custom Bean not found with name 'encryptablePropertyResolver'. Initializing Default Property Resolver
[2022-03-19 19:54:48] [INFO] [com.ulisesbocchio.jasyptspringboot.detector.DefaultLazyPropertyDetector] Property Detector custom Bean not found with name 'encryptablePropertyDetector'. Initializing Default Property Detector
[2022-03-19 19:54:48] [INFO] [com.kangkang.FileProcessApplication] No active profile set, falling back to default profiles: default
[2022-03-19 19:54:48] [INFO] [org.springframework.data.repository.config.RepositoryConfigurationDelegate] Bootstrapping Spring Data repositories in DEFAULT mode.
[2022-03-19 19:54:48] [INFO] [org.springframework.data.repository.config.RepositoryConfigurationDelegate] Finished Spring Data repository scanning in 35ms. Found 2 repository interfaces.
[2022-03-19 19:54:48] [INFO] [org.springframework.data.repository.config.RepositoryConfigurationDelegate] Bootstrapping Spring Data repositories in DEFAULT mode.
[2022-03-19 19:54:48] [INFO] [org.springframework.data.repository.config.RepositoryConfigurationDelegate] Finished Spring Data repository scanning in 4ms. Found 0 repository interfaces.
[2022-03-19 19:54:48] [WARN] [org.mybatis.spring.mapper.ClassPathMapperScanner] Skipping MapperFactoryBean with name 'ESStoreVORepository' and 'com.kangkang.file.dao.esdao.ESStoreVORepository' mapperInterface. Bean already defined with the same name!
[2022-03-19 19:54:48] [WARN] [org.mybatis.spring.mapper.ClassPathMapperScanner] Skipping MapperFactoryBean with name 'esStoreStatisRepository' and 'com.kangkang.file.dao.esdao.EsStoreStatisRepository' mapperInterface. Bean already defined with the same name!
[2022-03-19 19:54:48] [INFO] [org.springframework.cloud.context.scope.GenericScope] BeanFactory id=d251b092-6698-3a7f-ad26-5c40b4b2dbce
[2022-03-19 19:54:48] [INFO] [com.ulisesbocchio.jasyptspringboot.configuration.EnableEncryptablePropertiesBeanFactoryPostProcessor] Post-processing PropertySource instances
[2022-03-19 19:54:48] [INFO] [com.ulisesbocchio.jasyptspringboot.EncryptablePropertySourceConverter] Converting PropertySource configurationProperties [org.springframework.boot.context.properties.source.ConfigurationPropertySourcesPropertySource] to AOP Proxy
[2022-03-19 19:54:48] [INFO] [com.ulisesbocchio.jasyptspringboot.EncryptablePropertySourceConverter] Converting PropertySource servletConfigInitParams [org.springframework.core.env.PropertySource$StubPropertySource] to EncryptablePropertySourceWrapper
[2022-03-19 19:54:48] [INFO] [com.ulisesbocchio.jasyptspringboot.EncryptablePropertySourceConverter] Converting PropertySource servletContextInitParams [org.springframework.core.env.PropertySource$StubPropertySource] to EncryptablePropertySourceWrapper
[2022-03-19 19:54:48] [INFO] [com.ulisesbocchio.jasyptspringboot.EncryptablePropertySourceConverter] Converting PropertySource systemProperties [org.springframework.core.env.PropertiesPropertySource] to EncryptableMapPropertySourceWrapper
[2022-03-19 19:54:48] [INFO] [com.ulisesbocchio.jasyptspringboot.EncryptablePropertySourceConverter] Converting PropertySource systemEnvironment [org.springframework.boot.env.SystemEnvironmentPropertySourceEnvironmentPostProcessor$OriginAwareSystemEnvironmentPropertySource] to EncryptableSystemEnvironmentPropertySourceWrapper
[2022-03-19 19:54:48] [INFO] [com.ulisesbocchio.jasyptspringboot.EncryptablePropertySourceConverter] Converting PropertySource random [org.springframework.boot.env.RandomValuePropertySource] to EncryptablePropertySourceWrapper
[2022-03-19 19:54:48] [INFO] [com.ulisesbocchio.jasyptspringboot.EncryptablePropertySourceConverter] Converting PropertySource springCloudClientHostInfo [org.springframework.core.env.MapPropertySource] to EncryptableMapPropertySourceWrapper
[2022-03-19 19:54:48] [INFO] [com.ulisesbocchio.jasyptspringboot.EncryptablePropertySourceConverter] Converting PropertySource applicationConfig: [classpath:/application.properties] [org.springframework.boot.env.OriginTrackedMapPropertySource] to EncryptableMapPropertySourceWrapper
[2022-03-19 19:54:48] [INFO] [com.ulisesbocchio.jasyptspringboot.EncryptablePropertySourceConverter] Converting PropertySource applicationConfig: [classpath:/application.yml] [org.springframework.boot.env.OriginTrackedMapPropertySource] to EncryptableMapPropertySourceWrapper
[2022-03-19 19:54:48] [INFO] [com.ulisesbocchio.jasyptspringboot.EncryptablePropertySourceConverter] Converting PropertySource springCloudDefaultProperties [org.springframework.core.env.MapPropertySource] to EncryptableMapPropertySourceWrapper
[2022-03-19 19:54:48] [INFO] [com.ulisesbocchio.jasyptspringboot.EncryptablePropertySourceConverter] Converting PropertySource class path resource [properties/conf_pro.properties] [org.springframework.core.io.support.ResourcePropertySource] to EncryptableMapPropertySourceWrapper
[2022-03-19 19:54:48] [INFO] [com.ulisesbocchio.jasyptspringboot.filter.DefaultLazyPropertyFilter] Property Filter custom Bean not found with name 'encryptablePropertyFilter'. Initializing Default Property Filter
[2022-03-19 19:54:49] [INFO] [org.springframework.context.support.PostProcessorRegistrationDelegate$BeanPostProcessorChecker] Bean 'org.springframework.transaction.annotation.ProxyTransactionManagementConfiguration' of type [org.springframework.transaction.annotation.ProxyTransactionManagementConfiguration] is not eligible for getting processed by all BeanPostProcessors (for example: not eligible for auto-proxying)
[2022-03-19 19:54:49] [INFO] [org.springframework.context.support.PostProcessorRegistrationDelegate$BeanPostProcessorChecker] Bean 'org.springframework.cloud.autoconfigure.ConfigurationPropertiesRebinderAutoConfiguration' of type [org.springframework.cloud.autoconfigure.ConfigurationPropertiesRebinderAutoConfiguration] is not eligible for getting processed by all BeanPostProcessors (for example: not eligible for auto-proxying)
[2022-03-19 19:54:49] [INFO] [org.springframework.boot.web.embedded.tomcat.TomcatWebServer] Tomcat initialized with port(s): 8084 (http)
[2022-03-19 19:54:49] [INFO] [org.apache.coyote.http11.Http11NioProtocol] Initializing ProtocolHandler ["http-nio-8084"]
[2022-03-19 19:54:49] [INFO] [org.apache.catalina.core.StandardService] Starting service [Tomcat]
[2022-03-19 19:54:49] [INFO] [org.apache.catalina.core.StandardEngine] Starting Servlet engine: [Apache Tomcat/9.0.27]
[2022-03-19 19:54:49] [INFO] [org.apache.catalina.core.ContainerBase.[Tomcat].[localhost].[/]] Initializing Spring embedded WebApplicationContext
[2022-03-19 19:54:49] [INFO] [org.springframework.web.context.ContextLoader] Root WebApplicationContext: initialization completed in 795 ms
[2022-03-19 19:54:49] [INFO] [com.ulisesbocchio.jasyptspringboot.resolver.DefaultLazyPropertyResolver] Property Resolver custom Bean not found with name 'encryptablePropertyResolver'. Initializing Default Property Resolver
[2022-03-19 19:54:49] [INFO] [com.ulisesbocchio.jasyptspringboot.detector.DefaultLazyPropertyDetector] Property Detector custom Bean not found with name 'encryptablePropertyDetector'. Initializing Default Property Detector
[2022-03-19 19:54:49] [INFO] [com.kangkang.fileLoad.channel.DownLoadChannel] =================正在将创建的任务更新为处理中=================
[2022-03-19 19:54:49] [INFO] [com.kangkang.fileLoad.channel.DownLoadChannel] ============================我要写数据了============================
[2022-03-19 19:54:49] [INFO] [com.kangkang.fileLoad.channel.DownLoadChannel] =================获取任务=================
[2022-03-19 19:54:49] [INFO] [com.zaxxer.hikari.HikariDataSource] HikariPool-1 - Starting...
[2022-03-19 19:54:57] [INFO] [com.zaxxer.hikari.HikariDataSource] HikariPool-1 - Start completed.
[2022-03-19 19:54:57] [INFO] [com.kangkang.fileLoad.channel.DownLoadChannel] =================任务为=================：[]
[2022-03-19 19:54:57] [INFO] [com.kangkang.fileLoad.channel.DownLoadChannel] =========没有需要执行的excel任务=============
