[2022-02-10 17:35:06] [INFO] [com.ulisesbocchio.jasyptspringboot.configuration.EnableEncryptablePropertiesBeanFactoryPostProcessor] Post-processing PropertySource instances
[2022-02-10 17:35:06] [INFO] [com.ulisesbocchio.jasyptspringboot.EncryptablePropertySourceConverter] Converting PropertySource configurationProperties [org.springframework.boot.context.properties.source.ConfigurationPropertySourcesPropertySource] to AOP Proxy
[2022-02-10 17:35:06] [INFO] [com.ulisesbocchio.jasyptspringboot.EncryptablePropertySourceConverter] Converting PropertySource bootstrap [org.springframework.core.env.MapPropertySource] to EncryptableMapPropertySourceWrapper
[2022-02-10 17:35:06] [INFO] [com.ulisesbocchio.jasyptspringboot.EncryptablePropertySourceConverter] Converting PropertySource systemProperties [org.springframework.core.env.PropertiesPropertySource] to EncryptableMapPropertySourceWrapper
[2022-02-10 17:35:06] [INFO] [com.ulisesbocchio.jasyptspringboot.EncryptablePropertySourceConverter] Converting PropertySource systemEnvironment [org.springframework.boot.env.SystemEnvironmentPropertySourceEnvironmentPostProcessor$OriginAwareSystemEnvironmentPropertySource] to EncryptableSystemEnvironmentPropertySourceWrapper
[2022-02-10 17:35:06] [INFO] [com.ulisesbocchio.jasyptspringboot.EncryptablePropertySourceConverter] Converting PropertySource random [org.springframework.boot.env.RandomValuePropertySource] to EncryptablePropertySourceWrapper
[2022-02-10 17:35:06] [INFO] [com.ulisesbocchio.jasyptspringboot.EncryptablePropertySourceConverter] Converting PropertySource springCloudClientHostInfo [org.springframework.core.env.MapPropertySource] to EncryptableMapPropertySourceWrapper
[2022-02-10 17:35:06] [INFO] [org.springframework.context.support.PostProcessorRegistrationDelegate$BeanPostProcessorChecker] Bean 'org.springframework.cloud.autoconfigure.ConfigurationPropertiesRebinderAutoConfiguration' of type [org.springframework.cloud.autoconfigure.ConfigurationPropertiesRebinderAutoConfiguration] is not eligible for getting processed by all BeanPostProcessors (for example: not eligible for auto-proxying)
[2022-02-10 17:35:06] [INFO] [com.ulisesbocchio.jasyptspringboot.filter.DefaultLazyPropertyFilter] Property Filter custom Bean not found with name 'encryptablePropertyFilter'. Initializing Default Property Filter
[2022-02-10 17:35:06] [INFO] [com.ulisesbocchio.jasyptspringboot.resolver.DefaultLazyPropertyResolver] Property Resolver custom Bean not found with name 'encryptablePropertyResolver'. Initializing Default Property Resolver
[2022-02-10 17:35:06] [INFO] [com.ulisesbocchio.jasyptspringboot.detector.DefaultLazyPropertyDetector] Property Detector custom Bean not found with name 'encryptablePropertyDetector'. Initializing Default Property Detector
[2022-02-10 17:35:06] [INFO] [com.kangkang.FileProcessApplication] No active profile set, falling back to default profiles: default
[2022-02-10 17:35:07] [INFO] [org.springframework.data.repository.config.RepositoryConfigurationDelegate] Bootstrapping Spring Data Elasticsearch repositories in DEFAULT mode.
[2022-02-10 17:35:07] [INFO] [org.springframework.data.repository.config.RepositoryConfigurationDelegate] Finished Spring Data repository scanning in 38ms. Found 2 Elasticsearch repository interfaces.
[2022-02-10 17:35:07] [INFO] [org.springframework.data.repository.config.RepositoryConfigurationDelegate] Bootstrapping Spring Data Reactive Elasticsearch repositories in DEFAULT mode.
[2022-02-10 17:35:07] [INFO] [org.springframework.data.repository.config.RepositoryConfigurationDelegate] Finished Spring Data repository scanning in 4ms. Found 0 Reactive Elasticsearch repository interfaces.
[2022-02-10 17:35:07] [WARN] [org.mybatis.spring.mapper.ClassPathMapperScanner] Skipping MapperFactoryBean with name 'ESStoreVORepository' and 'com.kangkang.file.dao.esdao.ESStoreVORepository' mapperInterface. Bean already defined with the same name!
[2022-02-10 17:35:07] [WARN] [org.mybatis.spring.mapper.ClassPathMapperScanner] Skipping MapperFactoryBean with name 'esStoreStatisRepository' and 'com.kangkang.file.dao.esdao.EsStoreStatisRepository' mapperInterface. Bean already defined with the same name!
[2022-02-10 17:35:07] [INFO] [org.springframework.cloud.context.scope.GenericScope] BeanFactory id=f815dcd8-0eb2-3935-bce7-c550a454ee46
[2022-02-10 17:35:07] [INFO] [com.ulisesbocchio.jasyptspringboot.configuration.EnableEncryptablePropertiesBeanFactoryPostProcessor] Post-processing PropertySource instances
[2022-02-10 17:35:07] [INFO] [com.ulisesbocchio.jasyptspringboot.EncryptablePropertySourceConverter] Converting PropertySource configurationProperties [org.springframework.boot.context.properties.source.ConfigurationPropertySourcesPropertySource] to AOP Proxy
[2022-02-10 17:35:07] [INFO] [com.ulisesbocchio.jasyptspringboot.EncryptablePropertySourceConverter] Converting PropertySource servletConfigInitParams [org.springframework.core.env.PropertySource$StubPropertySource] to EncryptablePropertySourceWrapper
[2022-02-10 17:35:07] [INFO] [com.ulisesbocchio.jasyptspringboot.EncryptablePropertySourceConverter] Converting PropertySource servletContextInitParams [org.springframework.core.env.PropertySource$StubPropertySource] to EncryptablePropertySourceWrapper
[2022-02-10 17:35:07] [INFO] [com.ulisesbocchio.jasyptspringboot.EncryptablePropertySourceConverter] Converting PropertySource systemProperties [org.springframework.core.env.PropertiesPropertySource] to EncryptableMapPropertySourceWrapper
[2022-02-10 17:35:07] [INFO] [com.ulisesbocchio.jasyptspringboot.EncryptablePropertySourceConverter] Converting PropertySource systemEnvironment [org.springframework.boot.env.SystemEnvironmentPropertySourceEnvironmentPostProcessor$OriginAwareSystemEnvironmentPropertySource] to EncryptableSystemEnvironmentPropertySourceWrapper
[2022-02-10 17:35:07] [INFO] [com.ulisesbocchio.jasyptspringboot.EncryptablePropertySourceConverter] Converting PropertySource random [org.springframework.boot.env.RandomValuePropertySource] to EncryptablePropertySourceWrapper
[2022-02-10 17:35:07] [INFO] [com.ulisesbocchio.jasyptspringboot.EncryptablePropertySourceConverter] Converting PropertySource springCloudClientHostInfo [org.springframework.core.env.MapPropertySource] to EncryptableMapPropertySourceWrapper
[2022-02-10 17:35:07] [INFO] [com.ulisesbocchio.jasyptspringboot.EncryptablePropertySourceConverter] Converting PropertySource applicationConfig: [classpath:/application.properties] [org.springframework.boot.env.OriginTrackedMapPropertySource] to EncryptableMapPropertySourceWrapper
[2022-02-10 17:35:07] [INFO] [com.ulisesbocchio.jasyptspringboot.EncryptablePropertySourceConverter] Converting PropertySource applicationConfig: [classpath:/application.yml] [org.springframework.boot.env.OriginTrackedMapPropertySource] to EncryptableMapPropertySourceWrapper
[2022-02-10 17:35:07] [INFO] [com.ulisesbocchio.jasyptspringboot.EncryptablePropertySourceConverter] Converting PropertySource springCloudDefaultProperties [org.springframework.core.env.MapPropertySource] to EncryptableMapPropertySourceWrapper
[2022-02-10 17:35:07] [INFO] [com.ulisesbocchio.jasyptspringboot.filter.DefaultLazyPropertyFilter] Property Filter custom Bean not found with name 'encryptablePropertyFilter'. Initializing Default Property Filter
[2022-02-10 17:35:07] [INFO] [org.springframework.context.support.PostProcessorRegistrationDelegate$BeanPostProcessorChecker] Bean 'org.springframework.transaction.annotation.ProxyTransactionManagementConfiguration' of type [org.springframework.transaction.annotation.ProxyTransactionManagementConfiguration] is not eligible for getting processed by all BeanPostProcessors (for example: not eligible for auto-proxying)
[2022-02-10 17:35:07] [INFO] [org.springframework.context.support.PostProcessorRegistrationDelegate$BeanPostProcessorChecker] Bean 'org.springframework.cloud.autoconfigure.ConfigurationPropertiesRebinderAutoConfiguration' of type [org.springframework.cloud.autoconfigure.ConfigurationPropertiesRebinderAutoConfiguration] is not eligible for getting processed by all BeanPostProcessors (for example: not eligible for auto-proxying)
[2022-02-10 17:35:07] [INFO] [org.springframework.boot.web.embedded.tomcat.TomcatWebServer] Tomcat initialized with port(s): 8084 (http)
[2022-02-10 17:35:07] [INFO] [org.apache.coyote.http11.Http11NioProtocol] Initializing ProtocolHandler ["http-nio-8084"]
[2022-02-10 17:35:07] [INFO] [org.apache.catalina.core.StandardService] Starting service [Tomcat]
[2022-02-10 17:35:07] [INFO] [org.apache.catalina.core.StandardEngine] Starting Servlet engine: [Apache Tomcat/9.0.29]
[2022-02-10 17:35:07] [INFO] [org.apache.catalina.core.ContainerBase.[Tomcat].[localhost].[/]] Initializing Spring embedded WebApplicationContext
[2022-02-10 17:35:07] [INFO] [org.springframework.web.context.ContextLoader] Root WebApplicationContext: initialization completed in 867 ms
[2022-02-10 17:35:07] [INFO] [com.ulisesbocchio.jasyptspringboot.resolver.DefaultLazyPropertyResolver] Property Resolver custom Bean not found with name 'encryptablePropertyResolver'. Initializing Default Property Resolver
[2022-02-10 17:35:07] [INFO] [com.ulisesbocchio.jasyptspringboot.detector.DefaultLazyPropertyDetector] Property Detector custom Bean not found with name 'encryptablePropertyDetector'. Initializing Default Property Detector
[2022-02-10 17:35:08] [INFO] [com.kangkang.file.config.InitDataConfig] =========开始获取配置信息============
[2022-02-10 17:35:08] [INFO] [com.zaxxer.hikari.HikariDataSource] HikariPool-1 - Starting...
[2022-02-10 17:35:09] [INFO] [com.zaxxer.hikari.HikariDataSource] HikariPool-1 - Start completed.
[2022-02-10 17:35:09] [INFO] [com.kangkang.file.config.InitDataConfig] {confValue=bb, confKey=aa}
[2022-02-10 17:35:09] [INFO] [com.kangkang.file.config.InitDataConfig] 这里可以做一些属性的初始化的工作。。。。。
[2022-02-10 17:35:10] [WARN] [org.elasticsearch.client.RestClient] request [PUT http://101.43.21.125:9200/kangkang_store_info/_mapping/doc?master_timeout=30s&include_type_name=true&timeout=30s] returned 1 warnings: [299 Elasticsearch-7.4.2-2f90bbf7b93631e52bafb59b3b049cb44ec25e96 "[types removal] Using include_type_name in put mapping requests is deprecated. The parameter will be removed in the next major version."]
[2022-02-10 17:35:10] [ERROR] [org.springframework.data.elasticsearch.repository.support.AbstractElasticsearchRepository] failed to load elasticsearch nodes : org.elasticsearch.ElasticsearchStatusException: Elasticsearch exception [type=mapper_parsing_exception, reason=Mapping definition for [skuTitle] has unsupported parameters:  [analyzer : ik_max_word]]
[2022-02-10 17:35:10] [WARN] [org.elasticsearch.client.RestClient] request [PUT http://101.43.21.125:9200/kangkang_store_statis_info?master_timeout=30s&include_type_name=true&timeout=30s] returned 1 warnings: [299 Elasticsearch-7.4.2-2f90bbf7b93631e52bafb59b3b049cb44ec25e96 "[types removal] Using include_type_name in create index requests is deprecated. The parameter will be removed in the next major version."]
[2022-02-10 17:35:11] [WARN] [org.elasticsearch.client.RestClient] request [PUT http://101.43.21.125:9200/kangkang_store_statis_info/_mapping/doc?master_timeout=30s&include_type_name=true&timeout=30s] returned 1 warnings: [299 Elasticsearch-7.4.2-2f90bbf7b93631e52bafb59b3b049cb44ec25e96 "[types removal] Using include_type_name in put mapping requests is deprecated. The parameter will be removed in the next major version."]
[2022-02-10 17:35:14] [WARN] [org.springframework.boot.web.servlet.context.AnnotationConfigServletWebServerApplicationContext] Exception encountered during context initialization - cancelling refresh attempt: org.springframework.beans.factory.BeanCreationException: Error creating bean with name 'defaultMQPushConsumer' defined in class path resource [com/kangkang/config/RocketmqConsumerConfig.class]: Bean instantiation via factory method failed; nested exception is org.springframework.beans.BeanInstantiationException: Failed to instantiate [org.apache.rocketmq.client.consumer.DefaultMQPushConsumer]: Factory method 'defaultMQPushConsumer' threw exception; nested exception is java.lang.IllegalStateException: org.apache.rocketmq.remoting.exception.RemotingConnectException: connect to [42.192.79.7:9876] failed
[2022-02-10 17:35:14] [INFO] [com.zaxxer.hikari.HikariDataSource] HikariPool-1 - Shutdown initiated...
[2022-02-10 17:35:14] [INFO] [com.zaxxer.hikari.HikariDataSource] HikariPool-1 - Shutdown completed.
[2022-02-10 17:35:14] [INFO] [org.apache.catalina.core.StandardService] Stopping service [Tomcat]
[2022-02-10 17:35:14] [INFO] [org.springframework.boot.autoconfigure.logging.ConditionEvaluationReportLoggingListener] 

Error starting ApplicationContext. To display the conditions report re-run your application with 'debug' enabled.
[2022-02-10 17:35:14] [ERROR] [org.springframework.boot.SpringApplication] Application run failed
org.springframework.beans.factory.BeanCreationException: Error creating bean with name 'defaultMQPushConsumer' defined in class path resource [com/kangkang/config/RocketmqConsumerConfig.class]: Bean instantiation via factory method failed; nested exception is org.springframework.beans.BeanInstantiationException: Failed to instantiate [org.apache.rocketmq.client.consumer.DefaultMQPushConsumer]: Factory method 'defaultMQPushConsumer' threw exception; nested exception is java.lang.IllegalStateException: org.apache.rocketmq.remoting.exception.RemotingConnectException: connect to [42.192.79.7:9876] failed
	at org.springframework.beans.factory.support.ConstructorResolver.instantiate(ConstructorResolver.java:656)
	at org.springframework.beans.factory.support.ConstructorResolver.instantiateUsingFactoryMethod(ConstructorResolver.java:484)
	at org.springframework.beans.factory.support.AbstractAutowireCapableBeanFactory.instantiateUsingFactoryMethod(AbstractAutowireCapableBeanFactory.java:1338)
	at org.springframework.beans.factory.support.AbstractAutowireCapableBeanFactory.createBeanInstance(AbstractAutowireCapableBeanFactory.java:1177)
	at org.springframework.beans.factory.support.AbstractAutowireCapableBeanFactory.doCreateBean(AbstractAutowireCapableBeanFactory.java:557)
	at org.springframework.beans.factory.support.AbstractAutowireCapableBeanFactory.createBean(AbstractAutowireCapableBeanFactory.java:517)
	at org.springframework.beans.factory.support.AbstractBeanFactory.lambda$doGetBean$0(AbstractBeanFactory.java:323)
	at org.springframework.beans.factory.support.DefaultSingletonBeanRegistry.getSingleton(DefaultSingletonBeanRegistry.java:222)
	at org.springframework.beans.factory.support.AbstractBeanFactory.doGetBean(AbstractBeanFactory.java:321)
	at org.springframework.beans.factory.support.AbstractBeanFactory.getBean(AbstractBeanFactory.java:202)
	at org.springframework.beans.factory.support.DefaultListableBeanFactory.preInstantiateSingletons(DefaultListableBeanFactory.java:879)
	at org.springframework.context.support.AbstractApplicationContext.finishBeanFactoryInitialization(AbstractApplicationContext.java:878)
	at org.springframework.context.support.AbstractApplicationContext.refresh(AbstractApplicationContext.java:550)
	at org.springframework.boot.web.servlet.context.ServletWebServerApplicationContext.refresh(ServletWebServerApplicationContext.java:141)
	at org.springframework.boot.SpringApplication.refresh(SpringApplication.java:747)
	at org.springframework.boot.SpringApplication.refreshContext(SpringApplication.java:397)
	at org.springframework.boot.SpringApplication.run(SpringApplication.java:315)
	at org.springframework.boot.SpringApplication.run(SpringApplication.java:1226)
	at org.springframework.boot.SpringApplication.run(SpringApplication.java:1215)
	at com.kangkang.FileProcessApplication.main(FileProcessApplication.java:23)
Caused by: org.springframework.beans.BeanInstantiationException: Failed to instantiate [org.apache.rocketmq.client.consumer.DefaultMQPushConsumer]: Factory method 'defaultMQPushConsumer' threw exception; nested exception is java.lang.IllegalStateException: org.apache.rocketmq.remoting.exception.RemotingConnectException: connect to [42.192.79.7:9876] failed
	at org.springframework.beans.factory.support.SimpleInstantiationStrategy.instantiate(SimpleInstantiationStrategy.java:185)
	at org.springframework.beans.factory.support.ConstructorResolver.instantiate(ConstructorResolver.java:651)
	... 19 common frames omitted
Caused by: java.lang.IllegalStateException: org.apache.rocketmq.remoting.exception.RemotingConnectException: connect to [42.192.79.7:9876] failed
	at org.apache.rocketmq.client.impl.factory.MQClientInstance.updateTopicRouteInfoFromNameServer(MQClientInstance.java:679)
	at org.apache.rocketmq.client.impl.factory.MQClientInstance.updateTopicRouteInfoFromNameServer(MQClientInstance.java:509)
	at org.apache.rocketmq.client.impl.consumer.DefaultMQPushConsumerImpl.updateTopicSubscribeInfoWhenSubscriptionChanged(DefaultMQPushConsumerImpl.java:872)
	at org.apache.rocketmq.client.impl.consumer.DefaultMQPushConsumerImpl.start(DefaultMQPushConsumerImpl.java:653)
	at org.apache.rocketmq.client.consumer.DefaultMQPushConsumer.start(DefaultMQPushConsumer.java:698)
	at com.kangkang.config.RocketmqConsumerConfig.defaultMQPushConsumer(RocketmqConsumerConfig.java:72)
	at com.kangkang.config.RocketmqConsumerConfig$$EnhancerBySpringCGLIB$$5b31b8c9.CGLIB$defaultMQPushConsumer$3(<generated>)
	at com.kangkang.config.RocketmqConsumerConfig$$EnhancerBySpringCGLIB$$5b31b8c9$$FastClassBySpringCGLIB$$ff66317.invoke(<generated>)
	at org.springframework.cglib.proxy.MethodProxy.invokeSuper(MethodProxy.java:244)
	at org.springframework.context.annotation.ConfigurationClassEnhancer$BeanMethodInterceptor.intercept(ConfigurationClassEnhancer.java:363)
	at com.kangkang.config.RocketmqConsumerConfig$$EnhancerBySpringCGLIB$$5b31b8c9.defaultMQPushConsumer(<generated>)
	at sun.reflect.NativeMethodAccessorImpl.invoke0(Native Method)
	at sun.reflect.NativeMethodAccessorImpl.invoke(NativeMethodAccessorImpl.java:62)
	at sun.reflect.DelegatingMethodAccessorImpl.invoke(DelegatingMethodAccessorImpl.java:43)
	at java.lang.reflect.Method.invoke(Method.java:498)
	at org.springframework.beans.factory.support.SimpleInstantiationStrategy.instantiate(SimpleInstantiationStrategy.java:154)
	... 20 common frames omitted
Caused by: org.apache.rocketmq.remoting.exception.RemotingConnectException: connect to [42.192.79.7:9876] failed
	at org.apache.rocketmq.remoting.netty.NettyRemotingClient.getAndCreateNameserverChannel(NettyRemotingClient.java:445)
	at org.apache.rocketmq.remoting.netty.NettyRemotingClient.getAndCreateChannel(NettyRemotingClient.java:400)
	at org.apache.rocketmq.remoting.netty.NettyRemotingClient.invokeSync(NettyRemotingClient.java:369)
	at org.apache.rocketmq.client.impl.MQClientAPIImpl.getTopicRouteInfoFromNameServer(MQClientAPIImpl.java:1363)
	at org.apache.rocketmq.client.impl.MQClientAPIImpl.getTopicRouteInfoFromNameServer(MQClientAPIImpl.java:1353)
	at org.apache.rocketmq.client.impl.factory.MQClientInstance.updateTopicRouteInfoFromNameServer(MQClientInstance.java:622)
	... 35 common frames omitted
