[2022-04-20 23:18:03] [INFO] [com.ulisesbocchio.jasyptspringboot.configuration.EnableEncryptablePropertiesBeanFactoryPostProcessor] Post-processing PropertySource instances
[2022-04-20 23:18:03] [INFO] [com.ulisesbocchio.jasyptspringboot.EncryptablePropertySourceConverter] Converting PropertySource configurationProperties [org.springframework.boot.context.properties.source.ConfigurationPropertySourcesPropertySource] to AOP Proxy
[2022-04-20 23:18:03] [INFO] [com.ulisesbocchio.jasyptspringboot.EncryptablePropertySourceConverter] Converting PropertySource bootstrap [org.springframework.core.env.MapPropertySource] to EncryptableMapPropertySourceWrapper
[2022-04-20 23:18:03] [INFO] [com.ulisesbocchio.jasyptspringboot.EncryptablePropertySourceConverter] Converting PropertySource systemProperties [org.springframework.core.env.PropertiesPropertySource] to EncryptableMapPropertySourceWrapper
[2022-04-20 23:18:03] [INFO] [com.ulisesbocchio.jasyptspringboot.EncryptablePropertySourceConverter] Converting PropertySource systemEnvironment [org.springframework.boot.env.SystemEnvironmentPropertySourceEnvironmentPostProcessor$OriginAwareSystemEnvironmentPropertySource] to EncryptableSystemEnvironmentPropertySourceWrapper
[2022-04-20 23:18:03] [INFO] [com.ulisesbocchio.jasyptspringboot.EncryptablePropertySourceConverter] Converting PropertySource random [org.springframework.boot.env.RandomValuePropertySource] to EncryptablePropertySourceWrapper
[2022-04-20 23:18:03] [INFO] [com.ulisesbocchio.jasyptspringboot.EncryptablePropertySourceConverter] Converting PropertySource springCloudClientHostInfo [org.springframework.core.env.MapPropertySource] to EncryptableMapPropertySourceWrapper
[2022-04-20 23:18:03] [INFO] [org.springframework.context.support.PostProcessorRegistrationDelegate$BeanPostProcessorChecker] Bean 'org.springframework.cloud.autoconfigure.ConfigurationPropertiesRebinderAutoConfiguration' of type [org.springframework.cloud.autoconfigure.ConfigurationPropertiesRebinderAutoConfiguration] is not eligible for getting processed by all BeanPostProcessors (for example: not eligible for auto-proxying)
[2022-04-20 23:18:03] [INFO] [com.ulisesbocchio.jasyptspringboot.filter.DefaultLazyPropertyFilter] Property Filter custom Bean not found with name 'encryptablePropertyFilter'. Initializing Default Property Filter
[2022-04-20 23:18:03] [INFO] [com.ulisesbocchio.jasyptspringboot.resolver.DefaultLazyPropertyResolver] Property Resolver custom Bean not found with name 'encryptablePropertyResolver'. Initializing Default Property Resolver
[2022-04-20 23:18:03] [INFO] [com.ulisesbocchio.jasyptspringboot.detector.DefaultLazyPropertyDetector] Property Detector custom Bean not found with name 'encryptablePropertyDetector'. Initializing Default Property Detector
[2022-04-20 23:18:03] [INFO] [com.kangkang.ERPApplication] No active profile set, falling back to default profiles: default
[2022-04-20 23:18:03] [INFO] [org.springframework.data.repository.config.RepositoryConfigurationDelegate] Multiple Spring Data modules found, entering strict repository configuration mode!
[2022-04-20 23:18:03] [INFO] [org.springframework.data.repository.config.RepositoryConfigurationDelegate] Bootstrapping Spring Data repositories in DEFAULT mode.
[2022-04-20 23:18:03] [INFO] [org.springframework.data.repository.config.RepositoryConfigurationDelegate] Finished Spring Data repository scanning in 10ms. Found 0 repository interfaces.
[2022-04-20 23:18:03] [INFO] [org.springframework.data.repository.config.RepositoryConfigurationDelegate] Multiple Spring Data modules found, entering strict repository configuration mode!
[2022-04-20 23:18:03] [INFO] [org.springframework.data.repository.config.RepositoryConfigurationDelegate] Bootstrapping Spring Data repositories in DEFAULT mode.
[2022-04-20 23:18:03] [INFO] [org.springframework.data.repository.config.RepositoryConfigurationDelegate] Finished Spring Data repository scanning in 3ms. Found 0 repository interfaces.
[2022-04-20 23:18:03] [INFO] [org.springframework.data.repository.config.RepositoryConfigurationDelegate] Multiple Spring Data modules found, entering strict repository configuration mode!
[2022-04-20 23:18:03] [INFO] [org.springframework.data.repository.config.RepositoryConfigurationDelegate] Bootstrapping Spring Data repositories in DEFAULT mode.
[2022-04-20 23:18:03] [INFO] [org.springframework.data.repository.config.RepositoryConfigurationDelegate] Finished Spring Data repository scanning in 2ms. Found 0 repository interfaces.
[2022-04-20 23:18:04] [INFO] [org.springframework.cloud.context.scope.GenericScope] BeanFactory id=0661934e-cf32-35f8-8ebf-9742a8f9fb18
[2022-04-20 23:18:04] [INFO] [com.ulisesbocchio.jasyptspringboot.configuration.EnableEncryptablePropertiesBeanFactoryPostProcessor] Post-processing PropertySource instances
[2022-04-20 23:18:04] [INFO] [com.ulisesbocchio.jasyptspringboot.EncryptablePropertySourceConverter] Converting PropertySource configurationProperties [org.springframework.boot.context.properties.source.ConfigurationPropertySourcesPropertySource] to AOP Proxy
[2022-04-20 23:18:04] [INFO] [com.ulisesbocchio.jasyptspringboot.EncryptablePropertySourceConverter] Converting PropertySource servletConfigInitParams [org.springframework.core.env.PropertySource$StubPropertySource] to EncryptablePropertySourceWrapper
[2022-04-20 23:18:04] [INFO] [com.ulisesbocchio.jasyptspringboot.EncryptablePropertySourceConverter] Converting PropertySource servletContextInitParams [org.springframework.core.env.PropertySource$StubPropertySource] to EncryptablePropertySourceWrapper
[2022-04-20 23:18:04] [INFO] [com.ulisesbocchio.jasyptspringboot.EncryptablePropertySourceConverter] Converting PropertySource systemProperties [org.springframework.core.env.PropertiesPropertySource] to EncryptableMapPropertySourceWrapper
[2022-04-20 23:18:04] [INFO] [com.ulisesbocchio.jasyptspringboot.EncryptablePropertySourceConverter] Converting PropertySource systemEnvironment [org.springframework.boot.env.SystemEnvironmentPropertySourceEnvironmentPostProcessor$OriginAwareSystemEnvironmentPropertySource] to EncryptableSystemEnvironmentPropertySourceWrapper
[2022-04-20 23:18:04] [INFO] [com.ulisesbocchio.jasyptspringboot.EncryptablePropertySourceConverter] Converting PropertySource random [org.springframework.boot.env.RandomValuePropertySource] to EncryptablePropertySourceWrapper
[2022-04-20 23:18:04] [INFO] [com.ulisesbocchio.jasyptspringboot.EncryptablePropertySourceConverter] Converting PropertySource springCloudClientHostInfo [org.springframework.core.env.MapPropertySource] to EncryptableMapPropertySourceWrapper
[2022-04-20 23:18:04] [INFO] [com.ulisesbocchio.jasyptspringboot.EncryptablePropertySourceConverter] Converting PropertySource applicationConfig: [classpath:/application.properties] [org.springframework.boot.env.OriginTrackedMapPropertySource] to EncryptableMapPropertySourceWrapper
[2022-04-20 23:18:04] [INFO] [com.ulisesbocchio.jasyptspringboot.EncryptablePropertySourceConverter] Converting PropertySource springCloudDefaultProperties [org.springframework.core.env.MapPropertySource] to EncryptableMapPropertySourceWrapper
[2022-04-20 23:18:04] [INFO] [com.ulisesbocchio.jasyptspringboot.filter.DefaultLazyPropertyFilter] Property Filter custom Bean not found with name 'encryptablePropertyFilter'. Initializing Default Property Filter
[2022-04-20 23:18:04] [INFO] [org.springframework.context.support.PostProcessorRegistrationDelegate$BeanPostProcessorChecker] Bean 'org.springframework.cloud.autoconfigure.ConfigurationPropertiesRebinderAutoConfiguration' of type [org.springframework.cloud.autoconfigure.ConfigurationPropertiesRebinderAutoConfiguration] is not eligible for getting processed by all BeanPostProcessors (for example: not eligible for auto-proxying)
[2022-04-20 23:18:04] [INFO] [com.ulisesbocchio.jasyptspringboot.resolver.DefaultLazyPropertyResolver] Property Resolver custom Bean not found with name 'encryptablePropertyResolver'. Initializing Default Property Resolver
[2022-04-20 23:18:04] [INFO] [com.ulisesbocchio.jasyptspringboot.detector.DefaultLazyPropertyDetector] Property Detector custom Bean not found with name 'encryptablePropertyDetector'. Initializing Default Property Detector
[2022-04-20 23:18:04] [INFO] [org.springframework.boot.web.embedded.tomcat.TomcatWebServer] Tomcat initialized with port(s): 8085 (http)
[2022-04-20 23:18:04] [INFO] [org.apache.coyote.http11.Http11NioProtocol] Initializing ProtocolHandler ["http-nio-8085"]
[2022-04-20 23:18:04] [INFO] [org.apache.catalina.core.StandardService] Starting service [Tomcat]
[2022-04-20 23:18:04] [INFO] [org.apache.catalina.core.StandardEngine] Starting Servlet engine: [Apache Tomcat/9.0.27]
[2022-04-20 23:18:04] [INFO] [org.apache.catalina.core.ContainerBase.[Tomcat].[localhost].[/]] Initializing Spring embedded WebApplicationContext
[2022-04-20 23:18:04] [INFO] [org.springframework.web.context.ContextLoader] Root WebApplicationContext: initialization completed in 774 ms
[2022-04-20 23:18:04] [INFO] [io.lettuce.core.EpollProvider] Starting without optional epoll library
[2022-04-20 23:18:04] [INFO] [io.lettuce.core.KqueueProvider] Starting without optional kqueue library
[2022-04-20 23:18:04] [WARN] [com.netflix.config.sources.URLConfigurationSource] No URLs will be polled as dynamic configuration sources.
[2022-04-20 23:18:04] [INFO] [com.netflix.config.sources.URLConfigurationSource] To enable URLs as dynamic configuration sources, define System property archaius.configurationSource.additionalUrls or make config.properties available on classpath.
[2022-04-20 23:18:04] [WARN] [com.netflix.config.sources.URLConfigurationSource] No URLs will be polled as dynamic configuration sources.
[2022-04-20 23:18:04] [INFO] [com.netflix.config.sources.URLConfigurationSource] To enable URLs as dynamic configuration sources, define System property archaius.configurationSource.additionalUrls or make config.properties available on classpath.
[2022-04-20 23:18:04] [INFO] [org.springframework.scheduling.concurrent.ThreadPoolTaskExecutor] Initializing ExecutorService 'applicationTaskExecutor'
[2022-04-20 23:18:05] [INFO] [org.springframework.scheduling.concurrent.ThreadPoolTaskScheduler] Initializing ExecutorService 'Nacso-Watch-Task-Scheduler'
[2022-04-20 23:18:05] [WARN] [org.springframework.boot.autoconfigure.freemarker.FreeMarkerAutoConfiguration] Cannot find template location(s): [classpath:/templates/] (please add some templates, check your FreeMarker configuration, or set spring.freemarker.checkTemplateLocation=false)
[2022-04-20 23:18:05] [INFO] [org.apache.coyote.http11.Http11NioProtocol] Starting ProtocolHandler ["http-nio-8085"]
[2022-04-20 23:18:05] [INFO] [org.springframework.boot.web.embedded.tomcat.TomcatWebServer] Tomcat started on port(s): 8085 (http) with context path ''
[2022-04-20 23:18:05] [INFO] [com.alibaba.cloud.nacos.registry.NacosServiceRegistry] nacos registry, DEFAULT_GROUP ERP-service 192.168.110.198:8085 register finished
[2022-04-20 23:18:05] [INFO] [com.kangkang.ERPApplication] Started ERPApplication in 2.59 seconds (JVM running for 3.018)
[2022-04-20 23:18:57] [INFO] [org.apache.catalina.core.ContainerBase.[Tomcat].[localhost].[/]] Initializing Spring DispatcherServlet 'dispatcherServlet'
[2022-04-20 23:18:57] [INFO] [org.springframework.web.servlet.DispatcherServlet] Initializing Servlet 'dispatcherServlet'
[2022-04-20 23:18:57] [INFO] [org.springframework.web.servlet.DispatcherServlet] Completed initialization in 5 ms
[2022-04-20 23:18:57] [INFO] [com.kangkang.ERP.aop.ParamsAspect] =========进入参数校验==========
[2022-04-20 23:18:57] [INFO] [com.kangkang.ERP.aop.ParamsAspect] =========接口路径为:{/api/ERPLogin}==========
[2022-04-20 23:18:57] [INFO] [com.kangkang.ERP.aop.ParamsAspect] ======校验的总参数为：[{"loginType":"0","password":"Sy93OjPDF5vwNrkTfL9AyA==","username":"sch4612"}]
[2022-04-20 23:18:57] [INFO] [com.kangkang.ERP.login.controller.UserLoginController] ===康康后台管理系统登录====,传入的参数为：{"loginType":"0","password":"Sy93OjPDF5vwNrkTfL9AyA==","username":"sch4612"}
[2022-04-20 23:18:57] [INFO] [com.netflix.loadbalancer.BaseLoadBalancer] Client: kangkang-ERP-impl instantiated a LoadBalancer: DynamicServerListLoadBalancer:{NFLoadBalancer:name=kangkang-ERP-impl,current list of Servers=[],Load balancer stats=Zone stats: {},Server stats: []}ServerList:null
[2022-04-20 23:18:57] [INFO] [com.netflix.loadbalancer.DynamicServerListLoadBalancer] Using serverListUpdater PollingServerListUpdater
[2022-04-20 23:18:57] [INFO] [com.netflix.loadbalancer.DynamicServerListLoadBalancer] DynamicServerListLoadBalancer for client kangkang-ERP-impl initialized: DynamicServerListLoadBalancer:{NFLoadBalancer:name=kangkang-ERP-impl,current list of Servers=[192.168.110.198:9005],Load balancer stats=Zone stats: {unknown=[Zone:unknown;	Instance count:1;	Active connections count: 0;	Circuit breaker tripped count: 0;	Active connections per server: 0.0;]
},Server stats: [[Server:192.168.110.198:9005;	Zone:UNKNOWN;	Total Requests:0;	Successive connection failure:0;	Total blackout seconds:0;	Last connection made:Thu Jan 01 08:00:00 CST 1970;	First connection made: Thu Jan 01 08:00:00 CST 1970;	Active Connections:0;	total failure count in last (1000) msecs:0;	average resp time:0.0;	90 percentile resp time:0.0;	95 percentile resp time:0.0;	min resp time:0.0;	max resp time:0.0;	stddev resp time:0.0]
]}ServerList:com.alibaba.cloud.nacos.ribbon.NacosServerList@3cf7530d
[2022-04-20 23:18:57] [ERROR] [com.kangkang.ERP.login.controller.UserLoginController] =====登录异常======
feign.FeignException$InternalServerError: status 500 reading ERPUserService#erpLogin(TbErpUserVO)
	at feign.FeignException.serverErrorStatus(FeignException.java:195)
	at feign.FeignException.errorStatus(FeignException.java:144)
	at feign.FeignException.errorStatus(FeignException.java:133)
	at feign.codec.ErrorDecoder$Default.decode(ErrorDecoder.java:92)
	at feign.SynchronousMethodHandler.executeAndDecode(SynchronousMethodHandler.java:151)
	at feign.SynchronousMethodHandler.invoke(SynchronousMethodHandler.java:80)
	at feign.ReflectiveFeign$FeignInvocationHandler.invoke(ReflectiveFeign.java:103)
	at com.sun.proxy.$Proxy101.erpLogin(Unknown Source)
	at com.kangkang.ERP.login.controller.UserLoginController.erpLogin(UserLoginController.java:134)
	at com.kangkang.ERP.login.controller.UserLoginController$$FastClassBySpringCGLIB$$83b2793b.invoke(<generated>)
	at org.springframework.cglib.proxy.MethodProxy.invoke(MethodProxy.java:218)
	at org.springframework.aop.framework.CglibAopProxy$CglibMethodInvocation.invokeJoinpoint(CglibAopProxy.java:769)
	at org.springframework.aop.framework.ReflectiveMethodInvocation.proceed(ReflectiveMethodInvocation.java:163)
	at org.springframework.aop.framework.CglibAopProxy$CglibMethodInvocation.proceed(CglibAopProxy.java:747)
	at org.springframework.aop.aspectj.MethodInvocationProceedingJoinPoint.proceed(MethodInvocationProceedingJoinPoint.java:88)
	at com.kangkang.ERP.aop.ParamsAspect.checkParmas(ParamsAspect.java:94)
	at sun.reflect.NativeMethodAccessorImpl.invoke0(Native Method)
	at sun.reflect.NativeMethodAccessorImpl.invoke(NativeMethodAccessorImpl.java:62)
	at sun.reflect.DelegatingMethodAccessorImpl.invoke(DelegatingMethodAccessorImpl.java:43)
	at java.lang.reflect.Method.invoke(Method.java:498)
	at org.springframework.aop.aspectj.AbstractAspectJAdvice.invokeAdviceMethodWithGivenArgs(AbstractAspectJAdvice.java:644)
	at org.springframework.aop.aspectj.AbstractAspectJAdvice.invokeAdviceMethod(AbstractAspectJAdvice.java:633)
	at org.springframework.aop.aspectj.AspectJAroundAdvice.invoke(AspectJAroundAdvice.java:70)
	at org.springframework.aop.framework.ReflectiveMethodInvocation.proceed(ReflectiveMethodInvocation.java:175)
	at org.springframework.aop.framework.CglibAopProxy$CglibMethodInvocation.proceed(CglibAopProxy.java:747)
	at org.springframework.aop.interceptor.ExposeInvocationInterceptor.invoke(ExposeInvocationInterceptor.java:93)
	at org.springframework.aop.framework.ReflectiveMethodInvocation.proceed(ReflectiveMethodInvocation.java:186)
	at org.springframework.aop.framework.CglibAopProxy$CglibMethodInvocation.proceed(CglibAopProxy.java:747)
	at org.springframework.aop.framework.CglibAopProxy$DynamicAdvisedInterceptor.intercept(CglibAopProxy.java:689)
	at com.kangkang.ERP.login.controller.UserLoginController$$EnhancerBySpringCGLIB$$365d554d.erpLogin(<generated>)
	at sun.reflect.NativeMethodAccessorImpl.invoke0(Native Method)
	at sun.reflect.NativeMethodAccessorImpl.invoke(NativeMethodAccessorImpl.java:62)
	at sun.reflect.DelegatingMethodAccessorImpl.invoke(DelegatingMethodAccessorImpl.java:43)
	at java.lang.reflect.Method.invoke(Method.java:498)
	at org.springframework.web.method.support.InvocableHandlerMethod.doInvoke(InvocableHandlerMethod.java:190)
	at org.springframework.web.method.support.InvocableHandlerMethod.invokeForRequest(InvocableHandlerMethod.java:138)
	at org.springframework.web.servlet.mvc.method.annotation.ServletInvocableHandlerMethod.invokeAndHandle(ServletInvocableHandlerMethod.java:106)
	at org.springframework.web.servlet.mvc.method.annotation.RequestMappingHandlerAdapter.invokeHandlerMethod(RequestMappingHandlerAdapter.java:888)
	at org.springframework.web.servlet.mvc.method.annotation.RequestMappingHandlerAdapter.handleInternal(RequestMappingHandlerAdapter.java:793)
	at org.springframework.web.servlet.mvc.method.AbstractHandlerMethodAdapter.handle(AbstractHandlerMethodAdapter.java:87)
	at org.springframework.web.servlet.DispatcherServlet.doDispatch(DispatcherServlet.java:1040)
	at org.springframework.web.servlet.DispatcherServlet.doService(DispatcherServlet.java:943)
	at org.springframework.web.servlet.FrameworkServlet.processRequest(FrameworkServlet.java:1006)
	at org.springframework.web.servlet.FrameworkServlet.doPost(FrameworkServlet.java:909)
	at javax.servlet.http.HttpServlet.service(HttpServlet.java:660)
	at org.springframework.web.servlet.FrameworkServlet.service(FrameworkServlet.java:883)
	at javax.servlet.http.HttpServlet.service(HttpServlet.java:741)
	at org.apache.catalina.core.ApplicationFilterChain.internalDoFilter(ApplicationFilterChain.java:231)
	at org.apache.catalina.core.ApplicationFilterChain.doFilter(ApplicationFilterChain.java:166)
	at org.apache.tomcat.websocket.server.WsFilter.doFilter(WsFilter.java:53)
	at org.apache.catalina.core.ApplicationFilterChain.internalDoFilter(ApplicationFilterChain.java:193)
	at org.apache.catalina.core.ApplicationFilterChain.doFilter(ApplicationFilterChain.java:166)
	at org.springframework.web.filter.RequestContextFilter.doFilterInternal(RequestContextFilter.java:100)
	at org.springframework.web.filter.OncePerRequestFilter.doFilter(OncePerRequestFilter.java:119)
	at org.apache.catalina.core.ApplicationFilterChain.internalDoFilter(ApplicationFilterChain.java:193)
	at org.apache.catalina.core.ApplicationFilterChain.doFilter(ApplicationFilterChain.java:166)
	at org.springframework.web.filter.FormContentFilter.doFilterInternal(FormContentFilter.java:93)
	at org.springframework.web.filter.OncePerRequestFilter.doFilter(OncePerRequestFilter.java:119)
	at org.apache.catalina.core.ApplicationFilterChain.internalDoFilter(ApplicationFilterChain.java:193)
	at org.apache.catalina.core.ApplicationFilterChain.doFilter(ApplicationFilterChain.java:166)
	at org.springframework.web.filter.CharacterEncodingFilter.doFilterInternal(CharacterEncodingFilter.java:201)
	at org.springframework.web.filter.OncePerRequestFilter.doFilter(OncePerRequestFilter.java:119)
	at org.apache.catalina.core.ApplicationFilterChain.internalDoFilter(ApplicationFilterChain.java:193)
	at org.apache.catalina.core.ApplicationFilterChain.doFilter(ApplicationFilterChain.java:166)
	at org.apache.catalina.core.StandardWrapperValve.invoke(StandardWrapperValve.java:202)
	at org.apache.catalina.core.StandardContextValve.invoke(StandardContextValve.java:96)
	at org.apache.catalina.authenticator.AuthenticatorBase.invoke(AuthenticatorBase.java:526)
	at org.apache.catalina.core.StandardHostValve.invoke(StandardHostValve.java:139)
	at org.apache.catalina.valves.ErrorReportValve.invoke(ErrorReportValve.java:92)
	at org.apache.catalina.core.StandardEngineValve.invoke(StandardEngineValve.java:74)
	at org.apache.catalina.connector.CoyoteAdapter.service(CoyoteAdapter.java:343)
	at org.apache.coyote.http11.Http11Processor.service(Http11Processor.java:408)
	at org.apache.coyote.AbstractProcessorLight.process(AbstractProcessorLight.java:66)
	at org.apache.coyote.AbstractProtocol$ConnectionHandler.process(AbstractProtocol.java:861)
	at org.apache.tomcat.util.net.NioEndpoint$SocketProcessor.doRun(NioEndpoint.java:1579)
	at org.apache.tomcat.util.net.SocketProcessorBase.run(SocketProcessorBase.java:49)
	at java.util.concurrent.ThreadPoolExecutor.runWorker(ThreadPoolExecutor.java:1149)
	at java.util.concurrent.ThreadPoolExecutor$Worker.run(ThreadPoolExecutor.java:624)
	at org.apache.tomcat.util.threads.TaskThread$WrappingRunnable.run(TaskThread.java:61)
	at java.lang.Thread.run(Thread.java:748)
[2022-04-20 23:21:48] [INFO] [com.netflix.loadbalancer.PollingServerListUpdater] Shutting down the Executor Pool for PollingServerListUpdater
[2022-04-20 23:21:48] [INFO] [com.alibaba.cloud.nacos.registry.NacosServiceRegistry] De-registering from Nacos Server now...
[2022-04-20 23:21:48] [INFO] [com.alibaba.cloud.nacos.registry.NacosServiceRegistry] De-registration finished.
[2022-04-20 23:21:48] [INFO] [org.springframework.scheduling.concurrent.ThreadPoolTaskExecutor] Shutting down ExecutorService 'applicationTaskExecutor'
[2022-04-20 23:21:51] [INFO] [com.ulisesbocchio.jasyptspringboot.configuration.EnableEncryptablePropertiesBeanFactoryPostProcessor] Post-processing PropertySource instances
[2022-04-20 23:21:51] [INFO] [com.ulisesbocchio.jasyptspringboot.EncryptablePropertySourceConverter] Converting PropertySource configurationProperties [org.springframework.boot.context.properties.source.ConfigurationPropertySourcesPropertySource] to AOP Proxy
[2022-04-20 23:21:51] [INFO] [com.ulisesbocchio.jasyptspringboot.EncryptablePropertySourceConverter] Converting PropertySource bootstrap [org.springframework.core.env.MapPropertySource] to EncryptableMapPropertySourceWrapper
[2022-04-20 23:21:51] [INFO] [com.ulisesbocchio.jasyptspringboot.EncryptablePropertySourceConverter] Converting PropertySource systemProperties [org.springframework.core.env.PropertiesPropertySource] to EncryptableMapPropertySourceWrapper
[2022-04-20 23:21:51] [INFO] [com.ulisesbocchio.jasyptspringboot.EncryptablePropertySourceConverter] Converting PropertySource systemEnvironment [org.springframework.boot.env.SystemEnvironmentPropertySourceEnvironmentPostProcessor$OriginAwareSystemEnvironmentPropertySource] to EncryptableSystemEnvironmentPropertySourceWrapper
[2022-04-20 23:21:51] [INFO] [com.ulisesbocchio.jasyptspringboot.EncryptablePropertySourceConverter] Converting PropertySource random [org.springframework.boot.env.RandomValuePropertySource] to EncryptablePropertySourceWrapper
[2022-04-20 23:21:51] [INFO] [com.ulisesbocchio.jasyptspringboot.EncryptablePropertySourceConverter] Converting PropertySource springCloudClientHostInfo [org.springframework.core.env.MapPropertySource] to EncryptableMapPropertySourceWrapper
[2022-04-20 23:21:51] [INFO] [org.springframework.context.support.PostProcessorRegistrationDelegate$BeanPostProcessorChecker] Bean 'org.springframework.cloud.autoconfigure.ConfigurationPropertiesRebinderAutoConfiguration' of type [org.springframework.cloud.autoconfigure.ConfigurationPropertiesRebinderAutoConfiguration] is not eligible for getting processed by all BeanPostProcessors (for example: not eligible for auto-proxying)
[2022-04-20 23:21:51] [INFO] [com.ulisesbocchio.jasyptspringboot.filter.DefaultLazyPropertyFilter] Property Filter custom Bean not found with name 'encryptablePropertyFilter'. Initializing Default Property Filter
[2022-04-20 23:21:51] [INFO] [com.ulisesbocchio.jasyptspringboot.resolver.DefaultLazyPropertyResolver] Property Resolver custom Bean not found with name 'encryptablePropertyResolver'. Initializing Default Property Resolver
[2022-04-20 23:21:51] [INFO] [com.ulisesbocchio.jasyptspringboot.detector.DefaultLazyPropertyDetector] Property Detector custom Bean not found with name 'encryptablePropertyDetector'. Initializing Default Property Detector
[2022-04-20 23:21:51] [INFO] [com.kangkang.ERPApplication] No active profile set, falling back to default profiles: default
[2022-04-20 23:21:52] [INFO] [org.springframework.data.repository.config.RepositoryConfigurationDelegate] Multiple Spring Data modules found, entering strict repository configuration mode!
[2022-04-20 23:21:52] [INFO] [org.springframework.data.repository.config.RepositoryConfigurationDelegate] Bootstrapping Spring Data repositories in DEFAULT mode.
[2022-04-20 23:21:52] [INFO] [org.springframework.data.repository.config.RepositoryConfigurationDelegate] Finished Spring Data repository scanning in 7ms. Found 0 repository interfaces.
[2022-04-20 23:21:52] [INFO] [org.springframework.data.repository.config.RepositoryConfigurationDelegate] Multiple Spring Data modules found, entering strict repository configuration mode!
[2022-04-20 23:21:52] [INFO] [org.springframework.data.repository.config.RepositoryConfigurationDelegate] Bootstrapping Spring Data repositories in DEFAULT mode.
[2022-04-20 23:21:52] [INFO] [org.springframework.data.repository.config.RepositoryConfigurationDelegate] Finished Spring Data repository scanning in 2ms. Found 0 repository interfaces.
[2022-04-20 23:21:52] [INFO] [org.springframework.data.repository.config.RepositoryConfigurationDelegate] Multiple Spring Data modules found, entering strict repository configuration mode!
[2022-04-20 23:21:52] [INFO] [org.springframework.data.repository.config.RepositoryConfigurationDelegate] Bootstrapping Spring Data repositories in DEFAULT mode.
[2022-04-20 23:21:52] [INFO] [org.springframework.data.repository.config.RepositoryConfigurationDelegate] Finished Spring Data repository scanning in 2ms. Found 0 repository interfaces.
[2022-04-20 23:21:52] [INFO] [org.springframework.cloud.context.scope.GenericScope] BeanFactory id=0661934e-cf32-35f8-8ebf-9742a8f9fb18
[2022-04-20 23:21:52] [INFO] [com.ulisesbocchio.jasyptspringboot.configuration.EnableEncryptablePropertiesBeanFactoryPostProcessor] Post-processing PropertySource instances
[2022-04-20 23:21:52] [INFO] [com.ulisesbocchio.jasyptspringboot.EncryptablePropertySourceConverter] Converting PropertySource configurationProperties [org.springframework.boot.context.properties.source.ConfigurationPropertySourcesPropertySource] to AOP Proxy
[2022-04-20 23:21:52] [INFO] [com.ulisesbocchio.jasyptspringboot.EncryptablePropertySourceConverter] Converting PropertySource servletConfigInitParams [org.springframework.core.env.PropertySource$StubPropertySource] to EncryptablePropertySourceWrapper
[2022-04-20 23:21:52] [INFO] [com.ulisesbocchio.jasyptspringboot.EncryptablePropertySourceConverter] Converting PropertySource servletContextInitParams [org.springframework.core.env.PropertySource$StubPropertySource] to EncryptablePropertySourceWrapper
[2022-04-20 23:21:52] [INFO] [com.ulisesbocchio.jasyptspringboot.EncryptablePropertySourceConverter] Converting PropertySource systemProperties [org.springframework.core.env.PropertiesPropertySource] to EncryptableMapPropertySourceWrapper
[2022-04-20 23:21:52] [INFO] [com.ulisesbocchio.jasyptspringboot.EncryptablePropertySourceConverter] Converting PropertySource systemEnvironment [org.springframework.boot.env.SystemEnvironmentPropertySourceEnvironmentPostProcessor$OriginAwareSystemEnvironmentPropertySource] to EncryptableSystemEnvironmentPropertySourceWrapper
[2022-04-20 23:21:52] [INFO] [com.ulisesbocchio.jasyptspringboot.EncryptablePropertySourceConverter] Converting PropertySource random [org.springframework.boot.env.RandomValuePropertySource] to EncryptablePropertySourceWrapper
[2022-04-20 23:21:52] [INFO] [com.ulisesbocchio.jasyptspringboot.EncryptablePropertySourceConverter] Converting PropertySource springCloudClientHostInfo [org.springframework.core.env.MapPropertySource] to EncryptableMapPropertySourceWrapper
[2022-04-20 23:21:52] [INFO] [com.ulisesbocchio.jasyptspringboot.EncryptablePropertySourceConverter] Converting PropertySource applicationConfig: [classpath:/application.properties] [org.springframework.boot.env.OriginTrackedMapPropertySource] to EncryptableMapPropertySourceWrapper
[2022-04-20 23:21:52] [INFO] [com.ulisesbocchio.jasyptspringboot.EncryptablePropertySourceConverter] Converting PropertySource springCloudDefaultProperties [org.springframework.core.env.MapPropertySource] to EncryptableMapPropertySourceWrapper
[2022-04-20 23:21:52] [INFO] [com.ulisesbocchio.jasyptspringboot.filter.DefaultLazyPropertyFilter] Property Filter custom Bean not found with name 'encryptablePropertyFilter'. Initializing Default Property Filter
[2022-04-20 23:21:52] [INFO] [org.springframework.context.support.PostProcessorRegistrationDelegate$BeanPostProcessorChecker] Bean 'org.springframework.cloud.autoconfigure.ConfigurationPropertiesRebinderAutoConfiguration' of type [org.springframework.cloud.autoconfigure.ConfigurationPropertiesRebinderAutoConfiguration] is not eligible for getting processed by all BeanPostProcessors (for example: not eligible for auto-proxying)
[2022-04-20 23:21:52] [INFO] [com.ulisesbocchio.jasyptspringboot.resolver.DefaultLazyPropertyResolver] Property Resolver custom Bean not found with name 'encryptablePropertyResolver'. Initializing Default Property Resolver
[2022-04-20 23:21:52] [INFO] [com.ulisesbocchio.jasyptspringboot.detector.DefaultLazyPropertyDetector] Property Detector custom Bean not found with name 'encryptablePropertyDetector'. Initializing Default Property Detector
[2022-04-20 23:21:52] [INFO] [org.springframework.boot.web.embedded.tomcat.TomcatWebServer] Tomcat initialized with port(s): 8085 (http)
[2022-04-20 23:21:52] [INFO] [org.apache.coyote.http11.Http11NioProtocol] Initializing ProtocolHandler ["http-nio-8085"]
[2022-04-20 23:21:52] [INFO] [org.apache.catalina.core.StandardService] Starting service [Tomcat]
[2022-04-20 23:21:52] [INFO] [org.apache.catalina.core.StandardEngine] Starting Servlet engine: [Apache Tomcat/9.0.27]
[2022-04-20 23:21:52] [INFO] [org.apache.catalina.core.ContainerBase.[Tomcat].[localhost].[/]] Initializing Spring embedded WebApplicationContext
[2022-04-20 23:21:52] [INFO] [org.springframework.web.context.ContextLoader] Root WebApplicationContext: initialization completed in 624 ms
[2022-04-20 23:21:52] [INFO] [io.lettuce.core.EpollProvider] Starting without optional epoll library
[2022-04-20 23:21:52] [INFO] [io.lettuce.core.KqueueProvider] Starting without optional kqueue library
[2022-04-20 23:21:52] [WARN] [com.netflix.config.sources.URLConfigurationSource] No URLs will be polled as dynamic configuration sources.
[2022-04-20 23:21:52] [INFO] [com.netflix.config.sources.URLConfigurationSource] To enable URLs as dynamic configuration sources, define System property archaius.configurationSource.additionalUrls or make config.properties available on classpath.
[2022-04-20 23:21:52] [WARN] [com.netflix.config.sources.URLConfigurationSource] No URLs will be polled as dynamic configuration sources.
[2022-04-20 23:21:52] [INFO] [com.netflix.config.sources.URLConfigurationSource] To enable URLs as dynamic configuration sources, define System property archaius.configurationSource.additionalUrls or make config.properties available on classpath.
[2022-04-20 23:21:52] [INFO] [org.springframework.scheduling.concurrent.ThreadPoolTaskExecutor] Initializing ExecutorService 'applicationTaskExecutor'
[2022-04-20 23:21:52] [INFO] [org.springframework.scheduling.concurrent.ThreadPoolTaskScheduler] Initializing ExecutorService 'Nacso-Watch-Task-Scheduler'
[2022-04-20 23:21:53] [WARN] [org.springframework.boot.autoconfigure.freemarker.FreeMarkerAutoConfiguration] Cannot find template location(s): [classpath:/templates/] (please add some templates, check your FreeMarker configuration, or set spring.freemarker.checkTemplateLocation=false)
[2022-04-20 23:21:53] [INFO] [org.apache.coyote.http11.Http11NioProtocol] Starting ProtocolHandler ["http-nio-8085"]
[2022-04-20 23:21:53] [INFO] [org.springframework.boot.web.embedded.tomcat.TomcatWebServer] Tomcat started on port(s): 8085 (http) with context path ''
[2022-04-20 23:21:53] [INFO] [com.alibaba.cloud.nacos.registry.NacosServiceRegistry] nacos registry, DEFAULT_GROUP ERP-service 192.168.110.198:8085 register finished
[2022-04-20 23:21:53] [INFO] [com.kangkang.ERPApplication] Started ERPApplication in 2.123 seconds (JVM running for 2.615)
[2022-04-20 23:21:59] [INFO] [com.alibaba.cloud.nacos.registry.NacosServiceRegistry] De-registering from Nacos Server now...
[2022-04-20 23:21:59] [INFO] [com.alibaba.cloud.nacos.registry.NacosServiceRegistry] De-registration finished.
[2022-04-20 23:21:59] [INFO] [org.springframework.scheduling.concurrent.ThreadPoolTaskExecutor] Shutting down ExecutorService 'applicationTaskExecutor'
[2022-04-20 23:22:03] [INFO] [com.ulisesbocchio.jasyptspringboot.configuration.EnableEncryptablePropertiesBeanFactoryPostProcessor] Post-processing PropertySource instances
[2022-04-20 23:22:03] [INFO] [com.ulisesbocchio.jasyptspringboot.EncryptablePropertySourceConverter] Converting PropertySource configurationProperties [org.springframework.boot.context.properties.source.ConfigurationPropertySourcesPropertySource] to AOP Proxy
[2022-04-20 23:22:03] [INFO] [com.ulisesbocchio.jasyptspringboot.EncryptablePropertySourceConverter] Converting PropertySource bootstrap [org.springframework.core.env.MapPropertySource] to EncryptableMapPropertySourceWrapper
[2022-04-20 23:22:03] [INFO] [com.ulisesbocchio.jasyptspringboot.EncryptablePropertySourceConverter] Converting PropertySource systemProperties [org.springframework.core.env.PropertiesPropertySource] to EncryptableMapPropertySourceWrapper
[2022-04-20 23:22:03] [INFO] [com.ulisesbocchio.jasyptspringboot.EncryptablePropertySourceConverter] Converting PropertySource systemEnvironment [org.springframework.boot.env.SystemEnvironmentPropertySourceEnvironmentPostProcessor$OriginAwareSystemEnvironmentPropertySource] to EncryptableSystemEnvironmentPropertySourceWrapper
[2022-04-20 23:22:03] [INFO] [com.ulisesbocchio.jasyptspringboot.EncryptablePropertySourceConverter] Converting PropertySource random [org.springframework.boot.env.RandomValuePropertySource] to EncryptablePropertySourceWrapper
[2022-04-20 23:22:03] [INFO] [com.ulisesbocchio.jasyptspringboot.EncryptablePropertySourceConverter] Converting PropertySource springCloudClientHostInfo [org.springframework.core.env.MapPropertySource] to EncryptableMapPropertySourceWrapper
[2022-04-20 23:22:03] [INFO] [org.springframework.context.support.PostProcessorRegistrationDelegate$BeanPostProcessorChecker] Bean 'org.springframework.cloud.autoconfigure.ConfigurationPropertiesRebinderAutoConfiguration' of type [org.springframework.cloud.autoconfigure.ConfigurationPropertiesRebinderAutoConfiguration] is not eligible for getting processed by all BeanPostProcessors (for example: not eligible for auto-proxying)
[2022-04-20 23:22:03] [INFO] [com.ulisesbocchio.jasyptspringboot.filter.DefaultLazyPropertyFilter] Property Filter custom Bean not found with name 'encryptablePropertyFilter'. Initializing Default Property Filter
[2022-04-20 23:22:03] [INFO] [com.ulisesbocchio.jasyptspringboot.resolver.DefaultLazyPropertyResolver] Property Resolver custom Bean not found with name 'encryptablePropertyResolver'. Initializing Default Property Resolver
[2022-04-20 23:22:03] [INFO] [com.ulisesbocchio.jasyptspringboot.detector.DefaultLazyPropertyDetector] Property Detector custom Bean not found with name 'encryptablePropertyDetector'. Initializing Default Property Detector
[2022-04-20 23:22:03] [INFO] [com.kangkang.ERPApplication] No active profile set, falling back to default profiles: default
[2022-04-20 23:22:04] [INFO] [org.springframework.data.repository.config.RepositoryConfigurationDelegate] Multiple Spring Data modules found, entering strict repository configuration mode!
[2022-04-20 23:22:04] [INFO] [org.springframework.data.repository.config.RepositoryConfigurationDelegate] Bootstrapping Spring Data repositories in DEFAULT mode.
[2022-04-20 23:22:04] [INFO] [org.springframework.data.repository.config.RepositoryConfigurationDelegate] Finished Spring Data repository scanning in 8ms. Found 0 repository interfaces.
[2022-04-20 23:22:04] [INFO] [org.springframework.data.repository.config.RepositoryConfigurationDelegate] Multiple Spring Data modules found, entering strict repository configuration mode!
[2022-04-20 23:22:04] [INFO] [org.springframework.data.repository.config.RepositoryConfigurationDelegate] Bootstrapping Spring Data repositories in DEFAULT mode.
[2022-04-20 23:22:04] [INFO] [org.springframework.data.repository.config.RepositoryConfigurationDelegate] Finished Spring Data repository scanning in 2ms. Found 0 repository interfaces.
[2022-04-20 23:22:04] [INFO] [org.springframework.data.repository.config.RepositoryConfigurationDelegate] Multiple Spring Data modules found, entering strict repository configuration mode!
[2022-04-20 23:22:04] [INFO] [org.springframework.data.repository.config.RepositoryConfigurationDelegate] Bootstrapping Spring Data repositories in DEFAULT mode.
[2022-04-20 23:22:04] [INFO] [org.springframework.data.repository.config.RepositoryConfigurationDelegate] Finished Spring Data repository scanning in 3ms. Found 0 repository interfaces.
[2022-04-20 23:22:04] [INFO] [org.springframework.cloud.context.scope.GenericScope] BeanFactory id=0661934e-cf32-35f8-8ebf-9742a8f9fb18
[2022-04-20 23:22:04] [INFO] [com.ulisesbocchio.jasyptspringboot.configuration.EnableEncryptablePropertiesBeanFactoryPostProcessor] Post-processing PropertySource instances
[2022-04-20 23:22:04] [INFO] [com.ulisesbocchio.jasyptspringboot.EncryptablePropertySourceConverter] Converting PropertySource configurationProperties [org.springframework.boot.context.properties.source.ConfigurationPropertySourcesPropertySource] to AOP Proxy
[2022-04-20 23:22:04] [INFO] [com.ulisesbocchio.jasyptspringboot.EncryptablePropertySourceConverter] Converting PropertySource servletConfigInitParams [org.springframework.core.env.PropertySource$StubPropertySource] to EncryptablePropertySourceWrapper
[2022-04-20 23:22:04] [INFO] [com.ulisesbocchio.jasyptspringboot.EncryptablePropertySourceConverter] Converting PropertySource servletContextInitParams [org.springframework.core.env.PropertySource$StubPropertySource] to EncryptablePropertySourceWrapper
[2022-04-20 23:22:04] [INFO] [com.ulisesbocchio.jasyptspringboot.EncryptablePropertySourceConverter] Converting PropertySource systemProperties [org.springframework.core.env.PropertiesPropertySource] to EncryptableMapPropertySourceWrapper
[2022-04-20 23:22:04] [INFO] [com.ulisesbocchio.jasyptspringboot.EncryptablePropertySourceConverter] Converting PropertySource systemEnvironment [org.springframework.boot.env.SystemEnvironmentPropertySourceEnvironmentPostProcessor$OriginAwareSystemEnvironmentPropertySource] to EncryptableSystemEnvironmentPropertySourceWrapper
[2022-04-20 23:22:04] [INFO] [com.ulisesbocchio.jasyptspringboot.EncryptablePropertySourceConverter] Converting PropertySource random [org.springframework.boot.env.RandomValuePropertySource] to EncryptablePropertySourceWrapper
[2022-04-20 23:22:04] [INFO] [com.ulisesbocchio.jasyptspringboot.EncryptablePropertySourceConverter] Converting PropertySource springCloudClientHostInfo [org.springframework.core.env.MapPropertySource] to EncryptableMapPropertySourceWrapper
[2022-04-20 23:22:04] [INFO] [com.ulisesbocchio.jasyptspringboot.EncryptablePropertySourceConverter] Converting PropertySource applicationConfig: [classpath:/application.properties] [org.springframework.boot.env.OriginTrackedMapPropertySource] to EncryptableMapPropertySourceWrapper
[2022-04-20 23:22:04] [INFO] [com.ulisesbocchio.jasyptspringboot.EncryptablePropertySourceConverter] Converting PropertySource springCloudDefaultProperties [org.springframework.core.env.MapPropertySource] to EncryptableMapPropertySourceWrapper
[2022-04-20 23:22:04] [INFO] [com.ulisesbocchio.jasyptspringboot.filter.DefaultLazyPropertyFilter] Property Filter custom Bean not found with name 'encryptablePropertyFilter'. Initializing Default Property Filter
[2022-04-20 23:22:04] [INFO] [org.springframework.context.support.PostProcessorRegistrationDelegate$BeanPostProcessorChecker] Bean 'org.springframework.cloud.autoconfigure.ConfigurationPropertiesRebinderAutoConfiguration' of type [org.springframework.cloud.autoconfigure.ConfigurationPropertiesRebinderAutoConfiguration] is not eligible for getting processed by all BeanPostProcessors (for example: not eligible for auto-proxying)
[2022-04-20 23:22:04] [INFO] [com.ulisesbocchio.jasyptspringboot.resolver.DefaultLazyPropertyResolver] Property Resolver custom Bean not found with name 'encryptablePropertyResolver'. Initializing Default Property Resolver
[2022-04-20 23:22:04] [INFO] [com.ulisesbocchio.jasyptspringboot.detector.DefaultLazyPropertyDetector] Property Detector custom Bean not found with name 'encryptablePropertyDetector'. Initializing Default Property Detector
[2022-04-20 23:22:04] [INFO] [org.springframework.boot.web.embedded.tomcat.TomcatWebServer] Tomcat initialized with port(s): 8085 (http)
[2022-04-20 23:22:04] [INFO] [org.apache.coyote.http11.Http11NioProtocol] Initializing ProtocolHandler ["http-nio-8085"]
[2022-04-20 23:22:04] [INFO] [org.apache.catalina.core.StandardService] Starting service [Tomcat]
[2022-04-20 23:22:04] [INFO] [org.apache.catalina.core.StandardEngine] Starting Servlet engine: [Apache Tomcat/9.0.27]
[2022-04-20 23:22:04] [INFO] [org.apache.catalina.core.ContainerBase.[Tomcat].[localhost].[/]] Initializing Spring embedded WebApplicationContext
[2022-04-20 23:22:04] [INFO] [org.springframework.web.context.ContextLoader] Root WebApplicationContext: initialization completed in 699 ms
[2022-04-20 23:22:04] [INFO] [io.lettuce.core.EpollProvider] Starting without optional epoll library
[2022-04-20 23:22:04] [INFO] [io.lettuce.core.KqueueProvider] Starting without optional kqueue library
[2022-04-20 23:22:05] [WARN] [com.netflix.config.sources.URLConfigurationSource] No URLs will be polled as dynamic configuration sources.
[2022-04-20 23:22:05] [INFO] [com.netflix.config.sources.URLConfigurationSource] To enable URLs as dynamic configuration sources, define System property archaius.configurationSource.additionalUrls or make config.properties available on classpath.
[2022-04-20 23:22:05] [WARN] [com.netflix.config.sources.URLConfigurationSource] No URLs will be polled as dynamic configuration sources.
[2022-04-20 23:22:05] [INFO] [com.netflix.config.sources.URLConfigurationSource] To enable URLs as dynamic configuration sources, define System property archaius.configurationSource.additionalUrls or make config.properties available on classpath.
[2022-04-20 23:22:05] [INFO] [org.springframework.scheduling.concurrent.ThreadPoolTaskExecutor] Initializing ExecutorService 'applicationTaskExecutor'
[2022-04-20 23:22:06] [INFO] [org.springframework.scheduling.concurrent.ThreadPoolTaskScheduler] Initializing ExecutorService 'Nacso-Watch-Task-Scheduler'
[2022-04-20 23:22:06] [WARN] [org.springframework.boot.autoconfigure.freemarker.FreeMarkerAutoConfiguration] Cannot find template location(s): [classpath:/templates/] (please add some templates, check your FreeMarker configuration, or set spring.freemarker.checkTemplateLocation=false)
[2022-04-20 23:22:07] [INFO] [org.apache.coyote.http11.Http11NioProtocol] Starting ProtocolHandler ["http-nio-8085"]
[2022-04-20 23:22:07] [INFO] [org.springframework.boot.web.embedded.tomcat.TomcatWebServer] Tomcat started on port(s): 8085 (http) with context path ''
[2022-04-20 23:22:07] [INFO] [com.alibaba.cloud.nacos.registry.NacosServiceRegistry] nacos registry, DEFAULT_GROUP ERP-service 192.168.110.198:8085 register finished
[2022-04-20 23:22:07] [INFO] [com.kangkang.ERPApplication] Started ERPApplication in 3.894 seconds (JVM running for 4.625)
[2022-04-20 23:22:11] [INFO] [org.apache.catalina.core.ContainerBase.[Tomcat].[localhost].[/]] Initializing Spring DispatcherServlet 'dispatcherServlet'
[2022-04-20 23:22:11] [INFO] [org.springframework.web.servlet.DispatcherServlet] Initializing Servlet 'dispatcherServlet'
[2022-04-20 23:22:11] [INFO] [org.springframework.web.servlet.DispatcherServlet] Completed initialization in 14 ms
[2022-04-20 23:22:11] [INFO] [com.kangkang.ERP.aop.ParamsAspect] =========进入参数校验==========
[2022-04-20 23:22:11] [INFO] [com.kangkang.ERP.aop.ParamsAspect] =========接口路径为:{/api/ERPLogin}==========
[2022-04-20 23:22:11] [INFO] [com.kangkang.ERP.aop.ParamsAspect] ======校验的总参数为：[{"loginType":"0","password":"Sy93OjPDF5vwNrkTfL9AyA==","username":"sch4612"}]
[2022-04-20 23:22:11] [INFO] [com.kangkang.ERP.login.controller.UserLoginController] ===康康后台管理系统登录====,传入的参数为：{"loginType":"0","password":"Sy93OjPDF5vwNrkTfL9AyA==","username":"sch4612"}
[2022-04-20 23:22:12] [INFO] [com.netflix.loadbalancer.BaseLoadBalancer] Client: kangkang-ERP-impl instantiated a LoadBalancer: DynamicServerListLoadBalancer:{NFLoadBalancer:name=kangkang-ERP-impl,current list of Servers=[],Load balancer stats=Zone stats: {},Server stats: []}ServerList:null
[2022-04-20 23:22:12] [INFO] [com.netflix.loadbalancer.DynamicServerListLoadBalancer] Using serverListUpdater PollingServerListUpdater
[2022-04-20 23:22:12] [INFO] [com.netflix.loadbalancer.DynamicServerListLoadBalancer] DynamicServerListLoadBalancer for client kangkang-ERP-impl initialized: DynamicServerListLoadBalancer:{NFLoadBalancer:name=kangkang-ERP-impl,current list of Servers=[192.168.110.198:9005],Load balancer stats=Zone stats: {unknown=[Zone:unknown;	Instance count:1;	Active connections count: 0;	Circuit breaker tripped count: 0;	Active connections per server: 0.0;]
},Server stats: [[Server:192.168.110.198:9005;	Zone:UNKNOWN;	Total Requests:0;	Successive connection failure:0;	Total blackout seconds:0;	Last connection made:Thu Jan 01 08:00:00 CST 1970;	First connection made: Thu Jan 01 08:00:00 CST 1970;	Active Connections:0;	total failure count in last (1000) msecs:0;	average resp time:0.0;	90 percentile resp time:0.0;	95 percentile resp time:0.0;	min resp time:0.0;	max resp time:0.0;	stddev resp time:0.0]
]}ServerList:com.alibaba.cloud.nacos.ribbon.NacosServerList@e259536
[2022-04-20 23:26:40] [ERROR] [com.kangkang.ERP.login.controller.UserLoginController] =====登录异常======
feign.FeignException$InternalServerError: status 500 reading ERPUserService#erpLogin(TbErpUserVO)
	at feign.FeignException.serverErrorStatus(FeignException.java:195)
	at feign.FeignException.errorStatus(FeignException.java:144)
	at feign.FeignException.errorStatus(FeignException.java:133)
	at feign.codec.ErrorDecoder$Default.decode(ErrorDecoder.java:92)
	at feign.SynchronousMethodHandler.executeAndDecode(SynchronousMethodHandler.java:151)
	at feign.SynchronousMethodHandler.invoke(SynchronousMethodHandler.java:80)
	at feign.ReflectiveFeign$FeignInvocationHandler.invoke(ReflectiveFeign.java:103)
	at com.sun.proxy.$Proxy101.erpLogin(Unknown Source)
	at com.kangkang.ERP.login.controller.UserLoginController.erpLogin(UserLoginController.java:134)
	at com.kangkang.ERP.login.controller.UserLoginController$$FastClassBySpringCGLIB$$83b2793b.invoke(<generated>)
	at org.springframework.cglib.proxy.MethodProxy.invoke(MethodProxy.java:218)
	at org.springframework.aop.framework.CglibAopProxy$CglibMethodInvocation.invokeJoinpoint(CglibAopProxy.java:769)
	at org.springframework.aop.framework.ReflectiveMethodInvocation.proceed(ReflectiveMethodInvocation.java:163)
	at org.springframework.aop.framework.CglibAopProxy$CglibMethodInvocation.proceed(CglibAopProxy.java:747)
	at org.springframework.aop.aspectj.MethodInvocationProceedingJoinPoint.proceed(MethodInvocationProceedingJoinPoint.java:88)
	at com.kangkang.ERP.aop.ParamsAspect.checkParmas(ParamsAspect.java:94)
	at sun.reflect.NativeMethodAccessorImpl.invoke0(Native Method)
	at sun.reflect.NativeMethodAccessorImpl.invoke(NativeMethodAccessorImpl.java:62)
	at sun.reflect.DelegatingMethodAccessorImpl.invoke(DelegatingMethodAccessorImpl.java:43)
	at java.lang.reflect.Method.invoke(Method.java:498)
	at org.springframework.aop.aspectj.AbstractAspectJAdvice.invokeAdviceMethodWithGivenArgs(AbstractAspectJAdvice.java:644)
	at org.springframework.aop.aspectj.AbstractAspectJAdvice.invokeAdviceMethod(AbstractAspectJAdvice.java:633)
	at org.springframework.aop.aspectj.AspectJAroundAdvice.invoke(AspectJAroundAdvice.java:70)
	at org.springframework.aop.framework.ReflectiveMethodInvocation.proceed(ReflectiveMethodInvocation.java:175)
	at org.springframework.aop.framework.CglibAopProxy$CglibMethodInvocation.proceed(CglibAopProxy.java:747)
	at org.springframework.aop.interceptor.ExposeInvocationInterceptor.invoke(ExposeInvocationInterceptor.java:93)
	at org.springframework.aop.framework.ReflectiveMethodInvocation.proceed(ReflectiveMethodInvocation.java:186)
	at org.springframework.aop.framework.CglibAopProxy$CglibMethodInvocation.proceed(CglibAopProxy.java:747)
	at org.springframework.aop.framework.CglibAopProxy$DynamicAdvisedInterceptor.intercept(CglibAopProxy.java:689)
	at com.kangkang.ERP.login.controller.UserLoginController$$EnhancerBySpringCGLIB$$877b79e5.erpLogin(<generated>)
	at sun.reflect.NativeMethodAccessorImpl.invoke0(Native Method)
	at sun.reflect.NativeMethodAccessorImpl.invoke(NativeMethodAccessorImpl.java:62)
	at sun.reflect.DelegatingMethodAccessorImpl.invoke(DelegatingMethodAccessorImpl.java:43)
	at java.lang.reflect.Method.invoke(Method.java:498)
	at org.springframework.web.method.support.InvocableHandlerMethod.doInvoke(InvocableHandlerMethod.java:190)
	at org.springframework.web.method.support.InvocableHandlerMethod.invokeForRequest(InvocableHandlerMethod.java:138)
	at org.springframework.web.servlet.mvc.method.annotation.ServletInvocableHandlerMethod.invokeAndHandle(ServletInvocableHandlerMethod.java:106)
	at org.springframework.web.servlet.mvc.method.annotation.RequestMappingHandlerAdapter.invokeHandlerMethod(RequestMappingHandlerAdapter.java:888)
	at org.springframework.web.servlet.mvc.method.annotation.RequestMappingHandlerAdapter.handleInternal(RequestMappingHandlerAdapter.java:793)
	at org.springframework.web.servlet.mvc.method.AbstractHandlerMethodAdapter.handle(AbstractHandlerMethodAdapter.java:87)
	at org.springframework.web.servlet.DispatcherServlet.doDispatch(DispatcherServlet.java:1040)
	at org.springframework.web.servlet.DispatcherServlet.doService(DispatcherServlet.java:943)
	at org.springframework.web.servlet.FrameworkServlet.processRequest(FrameworkServlet.java:1006)
	at org.springframework.web.servlet.FrameworkServlet.doPost(FrameworkServlet.java:909)
	at javax.servlet.http.HttpServlet.service(HttpServlet.java:660)
	at org.springframework.web.servlet.FrameworkServlet.service(FrameworkServlet.java:883)
	at javax.servlet.http.HttpServlet.service(HttpServlet.java:741)
	at org.apache.catalina.core.ApplicationFilterChain.internalDoFilter(ApplicationFilterChain.java:231)
	at org.apache.catalina.core.ApplicationFilterChain.doFilter(ApplicationFilterChain.java:166)
	at org.apache.tomcat.websocket.server.WsFilter.doFilter(WsFilter.java:53)
	at org.apache.catalina.core.ApplicationFilterChain.internalDoFilter(ApplicationFilterChain.java:193)
	at org.apache.catalina.core.ApplicationFilterChain.doFilter(ApplicationFilterChain.java:166)
	at org.springframework.web.filter.RequestContextFilter.doFilterInternal(RequestContextFilter.java:100)
	at org.springframework.web.filter.OncePerRequestFilter.doFilter(OncePerRequestFilter.java:119)
	at org.apache.catalina.core.ApplicationFilterChain.internalDoFilter(ApplicationFilterChain.java:193)
	at org.apache.catalina.core.ApplicationFilterChain.doFilter(ApplicationFilterChain.java:166)
	at org.springframework.web.filter.FormContentFilter.doFilterInternal(FormContentFilter.java:93)
	at org.springframework.web.filter.OncePerRequestFilter.doFilter(OncePerRequestFilter.java:119)
	at org.apache.catalina.core.ApplicationFilterChain.internalDoFilter(ApplicationFilterChain.java:193)
	at org.apache.catalina.core.ApplicationFilterChain.doFilter(ApplicationFilterChain.java:166)
	at org.springframework.web.filter.CharacterEncodingFilter.doFilterInternal(CharacterEncodingFilter.java:201)
	at org.springframework.web.filter.OncePerRequestFilter.doFilter(OncePerRequestFilter.java:119)
	at org.apache.catalina.core.ApplicationFilterChain.internalDoFilter(ApplicationFilterChain.java:193)
	at org.apache.catalina.core.ApplicationFilterChain.doFilter(ApplicationFilterChain.java:166)
	at org.apache.catalina.core.StandardWrapperValve.invoke(StandardWrapperValve.java:202)
	at org.apache.catalina.core.StandardContextValve.invoke(StandardContextValve.java:96)
	at org.apache.catalina.authenticator.AuthenticatorBase.invoke(AuthenticatorBase.java:526)
	at org.apache.catalina.core.StandardHostValve.invoke(StandardHostValve.java:139)
	at org.apache.catalina.valves.ErrorReportValve.invoke(ErrorReportValve.java:92)
	at org.apache.catalina.core.StandardEngineValve.invoke(StandardEngineValve.java:74)
	at org.apache.catalina.connector.CoyoteAdapter.service(CoyoteAdapter.java:343)
	at org.apache.coyote.http11.Http11Processor.service(Http11Processor.java:408)
	at org.apache.coyote.AbstractProcessorLight.process(AbstractProcessorLight.java:66)
	at org.apache.coyote.AbstractProtocol$ConnectionHandler.process(AbstractProtocol.java:861)
	at org.apache.tomcat.util.net.NioEndpoint$SocketProcessor.doRun(NioEndpoint.java:1579)
	at org.apache.tomcat.util.net.SocketProcessorBase.run(SocketProcessorBase.java:49)
	at java.util.concurrent.ThreadPoolExecutor.runWorker(ThreadPoolExecutor.java:1149)
	at java.util.concurrent.ThreadPoolExecutor$Worker.run(ThreadPoolExecutor.java:624)
	at org.apache.tomcat.util.threads.TaskThread$WrappingRunnable.run(TaskThread.java:61)
	at java.lang.Thread.run(Thread.java:748)
[2022-04-20 23:33:45] [INFO] [com.netflix.loadbalancer.PollingServerListUpdater] Shutting down the Executor Pool for PollingServerListUpdater
[2022-04-20 23:33:46] [WARN] [org.springframework.data.redis.listener.RedisMessageListenerContainer] Unable to unsubscribe from subscriptions
io.lettuce.core.RedisCommandTimeoutException: Command timed out after 1 second(s)
	at io.lettuce.core.ExceptionFactory.createTimeoutException(ExceptionFactory.java:51)
	at io.lettuce.core.LettuceFutures.awaitOrCancel(LettuceFutures.java:114)
	at io.lettuce.core.FutureSyncInvocationHandler.handleInvocation(FutureSyncInvocationHandler.java:69)
	at io.lettuce.core.internal.AbstractInvocationHandler.invoke(AbstractInvocationHandler.java:80)
	at com.sun.proxy.$Proxy121.punsubscribe(Unknown Source)
	at org.springframework.data.redis.connection.lettuce.LettuceSubscription.doPUnsubscribe(LettuceSubscription.java:96)
	at org.springframework.data.redis.connection.lettuce.LettuceSubscription.doClose(LettuceSubscription.java:74)
	at org.springframework.data.redis.connection.util.AbstractSubscription.close(AbstractSubscription.java:106)
	at org.springframework.data.redis.listener.RedisMessageListenerContainer$SubscriptionTask.cancel(RedisMessageListenerContainer.java:866)
	at org.springframework.data.redis.listener.RedisMessageListenerContainer.stop(RedisMessageListenerContainer.java:225)
	at org.springframework.data.redis.listener.RedisMessageListenerContainer.stop(RedisMessageListenerContainer.java:183)
	at org.springframework.context.support.DefaultLifecycleProcessor.doStop(DefaultLifecycleProcessor.java:238)
	at org.springframework.context.support.DefaultLifecycleProcessor.access$300(DefaultLifecycleProcessor.java:53)
	at org.springframework.context.support.DefaultLifecycleProcessor$LifecycleGroup.stop(DefaultLifecycleProcessor.java:377)
	at org.springframework.context.support.DefaultLifecycleProcessor.stopBeans(DefaultLifecycleProcessor.java:210)
	at org.springframework.context.support.DefaultLifecycleProcessor.onClose(DefaultLifecycleProcessor.java:128)
	at org.springframework.context.support.AbstractApplicationContext.doClose(AbstractApplicationContext.java:1021)
	at org.springframework.context.support.AbstractApplicationContext$1.run(AbstractApplicationContext.java:948)
[2022-04-20 23:33:46] [INFO] [com.alibaba.cloud.nacos.registry.NacosServiceRegistry] De-registering from Nacos Server now...
[2022-04-20 23:33:46] [INFO] [com.alibaba.cloud.nacos.registry.NacosServiceRegistry] De-registration finished.
[2022-04-20 23:33:46] [INFO] [org.springframework.scheduling.concurrent.ThreadPoolTaskExecutor] Shutting down ExecutorService 'applicationTaskExecutor'
