[2022-04-21 22:31:01] [INFO] [com.ulisesbocchio.jasyptspringboot.configuration.EnableEncryptablePropertiesBeanFactoryPostProcessor] Post-processing PropertySource instances
[2022-04-21 22:31:01] [INFO] [com.ulisesbocchio.jasyptspringboot.EncryptablePropertySourceConverter] Converting PropertySource configurationProperties [org.springframework.boot.context.properties.source.ConfigurationPropertySourcesPropertySource] to AOP Proxy
[2022-04-21 22:31:01] [INFO] [com.ulisesbocchio.jasyptspringboot.EncryptablePropertySourceConverter] Converting PropertySource bootstrap [org.springframework.core.env.MapPropertySource] to EncryptableMapPropertySourceWrapper
[2022-04-21 22:31:01] [INFO] [com.ulisesbocchio.jasyptspringboot.EncryptablePropertySourceConverter] Converting PropertySource systemProperties [org.springframework.core.env.PropertiesPropertySource] to EncryptableMapPropertySourceWrapper
[2022-04-21 22:31:01] [INFO] [com.ulisesbocchio.jasyptspringboot.EncryptablePropertySourceConverter] Converting PropertySource systemEnvironment [org.springframework.boot.env.SystemEnvironmentPropertySourceEnvironmentPostProcessor$OriginAwareSystemEnvironmentPropertySource] to EncryptableSystemEnvironmentPropertySourceWrapper
[2022-04-21 22:31:01] [INFO] [com.ulisesbocchio.jasyptspringboot.EncryptablePropertySourceConverter] Converting PropertySource random [org.springframework.boot.env.RandomValuePropertySource] to EncryptablePropertySourceWrapper
[2022-04-21 22:31:01] [INFO] [com.ulisesbocchio.jasyptspringboot.EncryptablePropertySourceConverter] Converting PropertySource springCloudClientHostInfo [org.springframework.core.env.MapPropertySource] to EncryptableMapPropertySourceWrapper
[2022-04-21 22:31:01] [INFO] [org.springframework.context.support.PostProcessorRegistrationDelegate$BeanPostProcessorChecker] Bean 'org.springframework.cloud.autoconfigure.ConfigurationPropertiesRebinderAutoConfiguration' of type [org.springframework.cloud.autoconfigure.ConfigurationPropertiesRebinderAutoConfiguration] is not eligible for getting processed by all BeanPostProcessors (for example: not eligible for auto-proxying)
[2022-04-21 22:31:01] [INFO] [com.ulisesbocchio.jasyptspringboot.filter.DefaultLazyPropertyFilter] Property Filter custom Bean not found with name 'encryptablePropertyFilter'. Initializing Default Property Filter
[2022-04-21 22:31:01] [INFO] [com.ulisesbocchio.jasyptspringboot.resolver.DefaultLazyPropertyResolver] Property Resolver custom Bean not found with name 'encryptablePropertyResolver'. Initializing Default Property Resolver
[2022-04-21 22:31:01] [INFO] [com.ulisesbocchio.jasyptspringboot.detector.DefaultLazyPropertyDetector] Property Detector custom Bean not found with name 'encryptablePropertyDetector'. Initializing Default Property Detector
[2022-04-21 22:31:01] [INFO] [com.kangkang.ERPApplication] No active profile set, falling back to default profiles: default
[2022-04-21 22:31:01] [INFO] [org.springframework.data.repository.config.RepositoryConfigurationDelegate] Multiple Spring Data modules found, entering strict repository configuration mode!
[2022-04-21 22:31:01] [INFO] [org.springframework.data.repository.config.RepositoryConfigurationDelegate] Bootstrapping Spring Data repositories in DEFAULT mode.
[2022-04-21 22:31:01] [INFO] [org.springframework.data.repository.config.RepositoryConfigurationDelegate] Finished Spring Data repository scanning in 10ms. Found 0 repository interfaces.
[2022-04-21 22:31:01] [INFO] [org.springframework.data.repository.config.RepositoryConfigurationDelegate] Multiple Spring Data modules found, entering strict repository configuration mode!
[2022-04-21 22:31:01] [INFO] [org.springframework.data.repository.config.RepositoryConfigurationDelegate] Bootstrapping Spring Data repositories in DEFAULT mode.
[2022-04-21 22:31:01] [INFO] [org.springframework.data.repository.config.RepositoryConfigurationDelegate] Finished Spring Data repository scanning in 3ms. Found 0 repository interfaces.
[2022-04-21 22:31:01] [INFO] [org.springframework.data.repository.config.RepositoryConfigurationDelegate] Multiple Spring Data modules found, entering strict repository configuration mode!
[2022-04-21 22:31:01] [INFO] [org.springframework.data.repository.config.RepositoryConfigurationDelegate] Bootstrapping Spring Data repositories in DEFAULT mode.
[2022-04-21 22:31:01] [INFO] [org.springframework.data.repository.config.RepositoryConfigurationDelegate] Finished Spring Data repository scanning in 3ms. Found 0 repository interfaces.
[2022-04-21 22:31:01] [INFO] [org.springframework.cloud.context.scope.GenericScope] BeanFactory id=0661934e-cf32-35f8-8ebf-9742a8f9fb18
[2022-04-21 22:31:01] [INFO] [com.ulisesbocchio.jasyptspringboot.configuration.EnableEncryptablePropertiesBeanFactoryPostProcessor] Post-processing PropertySource instances
[2022-04-21 22:31:01] [INFO] [com.ulisesbocchio.jasyptspringboot.EncryptablePropertySourceConverter] Converting PropertySource configurationProperties [org.springframework.boot.context.properties.source.ConfigurationPropertySourcesPropertySource] to AOP Proxy
[2022-04-21 22:31:01] [INFO] [com.ulisesbocchio.jasyptspringboot.EncryptablePropertySourceConverter] Converting PropertySource servletConfigInitParams [org.springframework.core.env.PropertySource$StubPropertySource] to EncryptablePropertySourceWrapper
[2022-04-21 22:31:01] [INFO] [com.ulisesbocchio.jasyptspringboot.EncryptablePropertySourceConverter] Converting PropertySource servletContextInitParams [org.springframework.core.env.PropertySource$StubPropertySource] to EncryptablePropertySourceWrapper
[2022-04-21 22:31:01] [INFO] [com.ulisesbocchio.jasyptspringboot.EncryptablePropertySourceConverter] Converting PropertySource systemProperties [org.springframework.core.env.PropertiesPropertySource] to EncryptableMapPropertySourceWrapper
[2022-04-21 22:31:01] [INFO] [com.ulisesbocchio.jasyptspringboot.EncryptablePropertySourceConverter] Converting PropertySource systemEnvironment [org.springframework.boot.env.SystemEnvironmentPropertySourceEnvironmentPostProcessor$OriginAwareSystemEnvironmentPropertySource] to EncryptableSystemEnvironmentPropertySourceWrapper
[2022-04-21 22:31:01] [INFO] [com.ulisesbocchio.jasyptspringboot.EncryptablePropertySourceConverter] Converting PropertySource random [org.springframework.boot.env.RandomValuePropertySource] to EncryptablePropertySourceWrapper
[2022-04-21 22:31:01] [INFO] [com.ulisesbocchio.jasyptspringboot.EncryptablePropertySourceConverter] Converting PropertySource springCloudClientHostInfo [org.springframework.core.env.MapPropertySource] to EncryptableMapPropertySourceWrapper
[2022-04-21 22:31:01] [INFO] [com.ulisesbocchio.jasyptspringboot.EncryptablePropertySourceConverter] Converting PropertySource applicationConfig: [classpath:/application.properties] [org.springframework.boot.env.OriginTrackedMapPropertySource] to EncryptableMapPropertySourceWrapper
[2022-04-21 22:31:01] [INFO] [com.ulisesbocchio.jasyptspringboot.EncryptablePropertySourceConverter] Converting PropertySource springCloudDefaultProperties [org.springframework.core.env.MapPropertySource] to EncryptableMapPropertySourceWrapper
[2022-04-21 22:31:01] [INFO] [com.ulisesbocchio.jasyptspringboot.filter.DefaultLazyPropertyFilter] Property Filter custom Bean not found with name 'encryptablePropertyFilter'. Initializing Default Property Filter
[2022-04-21 22:31:02] [INFO] [org.springframework.context.support.PostProcessorRegistrationDelegate$BeanPostProcessorChecker] Bean 'org.springframework.cloud.autoconfigure.ConfigurationPropertiesRebinderAutoConfiguration' of type [org.springframework.cloud.autoconfigure.ConfigurationPropertiesRebinderAutoConfiguration] is not eligible for getting processed by all BeanPostProcessors (for example: not eligible for auto-proxying)
[2022-04-21 22:31:02] [INFO] [com.ulisesbocchio.jasyptspringboot.resolver.DefaultLazyPropertyResolver] Property Resolver custom Bean not found with name 'encryptablePropertyResolver'. Initializing Default Property Resolver
[2022-04-21 22:31:02] [INFO] [com.ulisesbocchio.jasyptspringboot.detector.DefaultLazyPropertyDetector] Property Detector custom Bean not found with name 'encryptablePropertyDetector'. Initializing Default Property Detector
[2022-04-21 22:31:02] [INFO] [org.springframework.boot.web.embedded.tomcat.TomcatWebServer] Tomcat initialized with port(s): 8085 (http)
[2022-04-21 22:31:02] [INFO] [org.apache.coyote.http11.Http11NioProtocol] Initializing ProtocolHandler ["http-nio-8085"]
[2022-04-21 22:31:02] [INFO] [org.apache.catalina.core.StandardService] Starting service [Tomcat]
[2022-04-21 22:31:02] [INFO] [org.apache.catalina.core.StandardEngine] Starting Servlet engine: [Apache Tomcat/9.0.27]
[2022-04-21 22:31:02] [INFO] [org.apache.catalina.core.ContainerBase.[Tomcat].[localhost].[/]] Initializing Spring embedded WebApplicationContext
[2022-04-21 22:31:02] [INFO] [org.springframework.web.context.ContextLoader] Root WebApplicationContext: initialization completed in 900 ms
[2022-04-21 22:31:02] [INFO] [io.lettuce.core.EpollProvider] Starting without optional epoll library
[2022-04-21 22:31:02] [INFO] [io.lettuce.core.KqueueProvider] Starting without optional kqueue library
[2022-04-21 22:31:03] [WARN] [com.netflix.config.sources.URLConfigurationSource] No URLs will be polled as dynamic configuration sources.
[2022-04-21 22:31:03] [INFO] [com.netflix.config.sources.URLConfigurationSource] To enable URLs as dynamic configuration sources, define System property archaius.configurationSource.additionalUrls or make config.properties available on classpath.
[2022-04-21 22:31:03] [WARN] [com.netflix.config.sources.URLConfigurationSource] No URLs will be polled as dynamic configuration sources.
[2022-04-21 22:31:03] [INFO] [com.netflix.config.sources.URLConfigurationSource] To enable URLs as dynamic configuration sources, define System property archaius.configurationSource.additionalUrls or make config.properties available on classpath.
[2022-04-21 22:31:03] [INFO] [org.springframework.scheduling.concurrent.ThreadPoolTaskExecutor] Initializing ExecutorService 'applicationTaskExecutor'
[2022-04-21 22:31:04] [INFO] [org.springframework.scheduling.concurrent.ThreadPoolTaskScheduler] Initializing ExecutorService 'Nacso-Watch-Task-Scheduler'
[2022-04-21 22:31:05] [WARN] [org.springframework.boot.autoconfigure.freemarker.FreeMarkerAutoConfiguration] Cannot find template location(s): [classpath:/templates/] (please add some templates, check your FreeMarker configuration, or set spring.freemarker.checkTemplateLocation=false)
[2022-04-21 22:31:05] [INFO] [org.apache.coyote.http11.Http11NioProtocol] Starting ProtocolHandler ["http-nio-8085"]
[2022-04-21 22:31:05] [INFO] [org.springframework.boot.web.embedded.tomcat.TomcatWebServer] Tomcat started on port(s): 8085 (http) with context path ''
[2022-04-21 22:31:06] [INFO] [com.alibaba.cloud.nacos.registry.NacosServiceRegistry] nacos registry, DEFAULT_GROUP ERP-service 192.168.110.198:8085 register finished
[2022-04-21 22:31:06] [INFO] [com.kangkang.ERPApplication] Started ERPApplication in 5.304 seconds (JVM running for 6.593)
[2022-04-21 22:32:35] [INFO] [org.apache.catalina.core.ContainerBase.[Tomcat].[localhost].[/]] Initializing Spring DispatcherServlet 'dispatcherServlet'
[2022-04-21 22:32:35] [INFO] [org.springframework.web.servlet.DispatcherServlet] Initializing Servlet 'dispatcherServlet'
[2022-04-21 22:32:35] [INFO] [org.springframework.web.servlet.DispatcherServlet] Completed initialization in 15 ms
[2022-04-21 22:32:35] [INFO] [com.kangkang.ERP.aop.ParamsAspect] =========进入参数校验==========
[2022-04-21 22:32:35] [INFO] [com.kangkang.ERP.aop.ParamsAspect] =========接口路径为:{/api/ERPLogin}==========
[2022-04-21 22:32:35] [INFO] [com.kangkang.ERP.aop.ParamsAspect] ======校验的总参数为：[{"loginType":"0","password":"Sy93OjPDF5vwNrkTfL9AyA==","username":"sch4612"}]
[2022-04-21 22:32:35] [INFO] [com.kangkang.ERP.login.controller.UserLoginController] ===康康后台管理系统登录====,传入的参数为：{"loginType":"0","password":"Sy93OjPDF5vwNrkTfL9AyA==","username":"sch4612"}
[2022-04-21 22:32:36] [INFO] [com.netflix.loadbalancer.BaseLoadBalancer] Client: kangkang-ERP-impl instantiated a LoadBalancer: DynamicServerListLoadBalancer:{NFLoadBalancer:name=kangkang-ERP-impl,current list of Servers=[],Load balancer stats=Zone stats: {},Server stats: []}ServerList:null
[2022-04-21 22:32:36] [INFO] [com.netflix.loadbalancer.DynamicServerListLoadBalancer] Using serverListUpdater PollingServerListUpdater
[2022-04-21 22:32:37] [INFO] [com.netflix.loadbalancer.DynamicServerListLoadBalancer] DynamicServerListLoadBalancer for client kangkang-ERP-impl initialized: DynamicServerListLoadBalancer:{NFLoadBalancer:name=kangkang-ERP-impl,current list of Servers=[192.168.110.198:9005, 169.254.245.139:9005],Load balancer stats=Zone stats: {unknown=[Zone:unknown;	Instance count:2;	Active connections count: 0;	Circuit breaker tripped count: 0;	Active connections per server: 0.0;]
},Server stats: [[Server:169.254.245.139:9005;	Zone:UNKNOWN;	Total Requests:0;	Successive connection failure:0;	Total blackout seconds:0;	Last connection made:Thu Jan 01 08:00:00 CST 1970;	First connection made: Thu Jan 01 08:00:00 CST 1970;	Active Connections:0;	total failure count in last (1000) msecs:0;	average resp time:0.0;	90 percentile resp time:0.0;	95 percentile resp time:0.0;	min resp time:0.0;	max resp time:0.0;	stddev resp time:0.0]
, [Server:192.168.110.198:9005;	Zone:UNKNOWN;	Total Requests:0;	Successive connection failure:0;	Total blackout seconds:0;	Last connection made:Thu Jan 01 08:00:00 CST 1970;	First connection made: Thu Jan 01 08:00:00 CST 1970;	Active Connections:0;	total failure count in last (1000) msecs:0;	average resp time:0.0;	90 percentile resp time:0.0;	95 percentile resp time:0.0;	min resp time:0.0;	max resp time:0.0;	stddev resp time:0.0]
]}ServerList:com.alibaba.cloud.nacos.ribbon.NacosServerList@3127b824
[2022-04-21 22:32:37] [ERROR] [com.kangkang.ERP.login.controller.UserLoginController] =====登录异常======
feign.FeignException$InternalServerError: status 500 reading ERPUserService#erpLogin(TbErpUserVO)
	at feign.FeignException.serverErrorStatus(FeignException.java:195)
	at feign.FeignException.errorStatus(FeignException.java:144)
	at feign.FeignException.errorStatus(FeignException.java:133)
	at feign.codec.ErrorDecoder$Default.decode(ErrorDecoder.java:92)
	at feign.SynchronousMethodHandler.executeAndDecode(SynchronousMethodHandler.java:151)
	at feign.SynchronousMethodHandler.invoke(SynchronousMethodHandler.java:80)
	at feign.ReflectiveFeign$FeignInvocationHandler.invoke(ReflectiveFeign.java:103)
	at com.sun.proxy.$Proxy101.erpLogin(Unknown Source)
	at com.kangkang.ERP.login.controller.UserLoginController.erpLogin(UserLoginController.java:134)
	at com.kangkang.ERP.login.controller.UserLoginController$$FastClassBySpringCGLIB$$83b2793b.invoke(<generated>)
	at org.springframework.cglib.proxy.MethodProxy.invoke(MethodProxy.java:218)
	at org.springframework.aop.framework.CglibAopProxy$CglibMethodInvocation.invokeJoinpoint(CglibAopProxy.java:769)
	at org.springframework.aop.framework.ReflectiveMethodInvocation.proceed(ReflectiveMethodInvocation.java:163)
	at org.springframework.aop.framework.CglibAopProxy$CglibMethodInvocation.proceed(CglibAopProxy.java:747)
	at org.springframework.aop.aspectj.MethodInvocationProceedingJoinPoint.proceed(MethodInvocationProceedingJoinPoint.java:88)
	at com.kangkang.ERP.aop.ParamsAspect.checkParmas(ParamsAspect.java:94)
	at sun.reflect.NativeMethodAccessorImpl.invoke0(Native Method)
	at sun.reflect.NativeMethodAccessorImpl.invoke(NativeMethodAccessorImpl.java:62)
	at sun.reflect.DelegatingMethodAccessorImpl.invoke(DelegatingMethodAccessorImpl.java:43)
	at java.lang.reflect.Method.invoke(Method.java:498)
	at org.springframework.aop.aspectj.AbstractAspectJAdvice.invokeAdviceMethodWithGivenArgs(AbstractAspectJAdvice.java:644)
	at org.springframework.aop.aspectj.AbstractAspectJAdvice.invokeAdviceMethod(AbstractAspectJAdvice.java:633)
	at org.springframework.aop.aspectj.AspectJAroundAdvice.invoke(AspectJAroundAdvice.java:70)
	at org.springframework.aop.framework.ReflectiveMethodInvocation.proceed(ReflectiveMethodInvocation.java:175)
	at org.springframework.aop.framework.CglibAopProxy$CglibMethodInvocation.proceed(CglibAopProxy.java:747)
	at org.springframework.aop.interceptor.ExposeInvocationInterceptor.invoke(ExposeInvocationInterceptor.java:93)
	at org.springframework.aop.framework.ReflectiveMethodInvocation.proceed(ReflectiveMethodInvocation.java:186)
	at org.springframework.aop.framework.CglibAopProxy$CglibMethodInvocation.proceed(CglibAopProxy.java:747)
	at org.springframework.aop.framework.CglibAopProxy$DynamicAdvisedInterceptor.intercept(CglibAopProxy.java:689)
	at com.kangkang.ERP.login.controller.UserLoginController$$EnhancerBySpringCGLIB$$b6ba020.erpLogin(<generated>)
	at sun.reflect.NativeMethodAccessorImpl.invoke0(Native Method)
	at sun.reflect.NativeMethodAccessorImpl.invoke(NativeMethodAccessorImpl.java:62)
	at sun.reflect.DelegatingMethodAccessorImpl.invoke(DelegatingMethodAccessorImpl.java:43)
	at java.lang.reflect.Method.invoke(Method.java:498)
	at org.springframework.web.method.support.InvocableHandlerMethod.doInvoke(InvocableHandlerMethod.java:190)
	at org.springframework.web.method.support.InvocableHandlerMethod.invokeForRequest(InvocableHandlerMethod.java:138)
	at org.springframework.web.servlet.mvc.method.annotation.ServletInvocableHandlerMethod.invokeAndHandle(ServletInvocableHandlerMethod.java:106)
	at org.springframework.web.servlet.mvc.method.annotation.RequestMappingHandlerAdapter.invokeHandlerMethod(RequestMappingHandlerAdapter.java:888)
	at org.springframework.web.servlet.mvc.method.annotation.RequestMappingHandlerAdapter.handleInternal(RequestMappingHandlerAdapter.java:793)
	at org.springframework.web.servlet.mvc.method.AbstractHandlerMethodAdapter.handle(AbstractHandlerMethodAdapter.java:87)
	at org.springframework.web.servlet.DispatcherServlet.doDispatch(DispatcherServlet.java:1040)
	at org.springframework.web.servlet.DispatcherServlet.doService(DispatcherServlet.java:943)
	at org.springframework.web.servlet.FrameworkServlet.processRequest(FrameworkServlet.java:1006)
	at org.springframework.web.servlet.FrameworkServlet.doPost(FrameworkServlet.java:909)
	at javax.servlet.http.HttpServlet.service(HttpServlet.java:660)
	at org.springframework.web.servlet.FrameworkServlet.service(FrameworkServlet.java:883)
	at javax.servlet.http.HttpServlet.service(HttpServlet.java:741)
	at org.apache.catalina.core.ApplicationFilterChain.internalDoFilter(ApplicationFilterChain.java:231)
	at org.apache.catalina.core.ApplicationFilterChain.doFilter(ApplicationFilterChain.java:166)
	at org.apache.tomcat.websocket.server.WsFilter.doFilter(WsFilter.java:53)
	at org.apache.catalina.core.ApplicationFilterChain.internalDoFilter(ApplicationFilterChain.java:193)
	at org.apache.catalina.core.ApplicationFilterChain.doFilter(ApplicationFilterChain.java:166)
	at org.springframework.web.filter.RequestContextFilter.doFilterInternal(RequestContextFilter.java:100)
	at org.springframework.web.filter.OncePerRequestFilter.doFilter(OncePerRequestFilter.java:119)
	at org.apache.catalina.core.ApplicationFilterChain.internalDoFilter(ApplicationFilterChain.java:193)
	at org.apache.catalina.core.ApplicationFilterChain.doFilter(ApplicationFilterChain.java:166)
	at org.springframework.web.filter.FormContentFilter.doFilterInternal(FormContentFilter.java:93)
	at org.springframework.web.filter.OncePerRequestFilter.doFilter(OncePerRequestFilter.java:119)
	at org.apache.catalina.core.ApplicationFilterChain.internalDoFilter(ApplicationFilterChain.java:193)
	at org.apache.catalina.core.ApplicationFilterChain.doFilter(ApplicationFilterChain.java:166)
	at org.springframework.web.filter.CharacterEncodingFilter.doFilterInternal(CharacterEncodingFilter.java:201)
	at org.springframework.web.filter.OncePerRequestFilter.doFilter(OncePerRequestFilter.java:119)
	at org.apache.catalina.core.ApplicationFilterChain.internalDoFilter(ApplicationFilterChain.java:193)
	at org.apache.catalina.core.ApplicationFilterChain.doFilter(ApplicationFilterChain.java:166)
	at org.apache.catalina.core.StandardWrapperValve.invoke(StandardWrapperValve.java:202)
	at org.apache.catalina.core.StandardContextValve.invoke(StandardContextValve.java:96)
	at org.apache.catalina.authenticator.AuthenticatorBase.invoke(AuthenticatorBase.java:526)
	at org.apache.catalina.core.StandardHostValve.invoke(StandardHostValve.java:139)
	at org.apache.catalina.valves.ErrorReportValve.invoke(ErrorReportValve.java:92)
	at org.apache.catalina.core.StandardEngineValve.invoke(StandardEngineValve.java:74)
	at org.apache.catalina.connector.CoyoteAdapter.service(CoyoteAdapter.java:343)
	at org.apache.coyote.http11.Http11Processor.service(Http11Processor.java:408)
	at org.apache.coyote.AbstractProcessorLight.process(AbstractProcessorLight.java:66)
	at org.apache.coyote.AbstractProtocol$ConnectionHandler.process(AbstractProtocol.java:861)
	at org.apache.tomcat.util.net.NioEndpoint$SocketProcessor.doRun(NioEndpoint.java:1579)
	at org.apache.tomcat.util.net.SocketProcessorBase.run(SocketProcessorBase.java:49)
	at java.util.concurrent.ThreadPoolExecutor.runWorker(ThreadPoolExecutor.java:1149)
	at java.util.concurrent.ThreadPoolExecutor$Worker.run(ThreadPoolExecutor.java:624)
	at org.apache.tomcat.util.threads.TaskThread$WrappingRunnable.run(TaskThread.java:61)
	at java.lang.Thread.run(Thread.java:748)
[2022-04-21 22:33:09] [INFO] [com.netflix.loadbalancer.PollingServerListUpdater] Shutting down the Executor Pool for PollingServerListUpdater
[2022-04-21 22:33:09] [INFO] [com.alibaba.cloud.nacos.registry.NacosServiceRegistry] De-registering from Nacos Server now...
[2022-04-21 22:33:09] [INFO] [com.alibaba.cloud.nacos.registry.NacosServiceRegistry] De-registration finished.
[2022-04-21 22:33:09] [INFO] [org.springframework.scheduling.concurrent.ThreadPoolTaskExecutor] Shutting down ExecutorService 'applicationTaskExecutor'
[2022-04-21 22:33:19] [INFO] [com.ulisesbocchio.jasyptspringboot.configuration.EnableEncryptablePropertiesBeanFactoryPostProcessor] Post-processing PropertySource instances
[2022-04-21 22:33:19] [INFO] [com.ulisesbocchio.jasyptspringboot.EncryptablePropertySourceConverter] Converting PropertySource configurationProperties [org.springframework.boot.context.properties.source.ConfigurationPropertySourcesPropertySource] to AOP Proxy
[2022-04-21 22:33:19] [INFO] [com.ulisesbocchio.jasyptspringboot.EncryptablePropertySourceConverter] Converting PropertySource bootstrap [org.springframework.core.env.MapPropertySource] to EncryptableMapPropertySourceWrapper
[2022-04-21 22:33:19] [INFO] [com.ulisesbocchio.jasyptspringboot.EncryptablePropertySourceConverter] Converting PropertySource systemProperties [org.springframework.core.env.PropertiesPropertySource] to EncryptableMapPropertySourceWrapper
[2022-04-21 22:33:19] [INFO] [com.ulisesbocchio.jasyptspringboot.EncryptablePropertySourceConverter] Converting PropertySource systemEnvironment [org.springframework.boot.env.SystemEnvironmentPropertySourceEnvironmentPostProcessor$OriginAwareSystemEnvironmentPropertySource] to EncryptableSystemEnvironmentPropertySourceWrapper
[2022-04-21 22:33:19] [INFO] [com.ulisesbocchio.jasyptspringboot.EncryptablePropertySourceConverter] Converting PropertySource random [org.springframework.boot.env.RandomValuePropertySource] to EncryptablePropertySourceWrapper
[2022-04-21 22:33:19] [INFO] [com.ulisesbocchio.jasyptspringboot.EncryptablePropertySourceConverter] Converting PropertySource springCloudClientHostInfo [org.springframework.core.env.MapPropertySource] to EncryptableMapPropertySourceWrapper
[2022-04-21 22:33:19] [INFO] [org.springframework.context.support.PostProcessorRegistrationDelegate$BeanPostProcessorChecker] Bean 'org.springframework.cloud.autoconfigure.ConfigurationPropertiesRebinderAutoConfiguration' of type [org.springframework.cloud.autoconfigure.ConfigurationPropertiesRebinderAutoConfiguration] is not eligible for getting processed by all BeanPostProcessors (for example: not eligible for auto-proxying)
[2022-04-21 22:33:19] [INFO] [com.ulisesbocchio.jasyptspringboot.filter.DefaultLazyPropertyFilter] Property Filter custom Bean not found with name 'encryptablePropertyFilter'. Initializing Default Property Filter
[2022-04-21 22:33:19] [INFO] [com.ulisesbocchio.jasyptspringboot.resolver.DefaultLazyPropertyResolver] Property Resolver custom Bean not found with name 'encryptablePropertyResolver'. Initializing Default Property Resolver
[2022-04-21 22:33:19] [INFO] [com.ulisesbocchio.jasyptspringboot.detector.DefaultLazyPropertyDetector] Property Detector custom Bean not found with name 'encryptablePropertyDetector'. Initializing Default Property Detector
[2022-04-21 22:33:19] [INFO] [com.kangkang.ERPApplication] No active profile set, falling back to default profiles: default
[2022-04-21 22:33:20] [INFO] [org.springframework.data.repository.config.RepositoryConfigurationDelegate] Multiple Spring Data modules found, entering strict repository configuration mode!
[2022-04-21 22:33:20] [INFO] [org.springframework.data.repository.config.RepositoryConfigurationDelegate] Bootstrapping Spring Data repositories in DEFAULT mode.
[2022-04-21 22:33:20] [INFO] [org.springframework.data.repository.config.RepositoryConfigurationDelegate] Finished Spring Data repository scanning in 15ms. Found 0 repository interfaces.
[2022-04-21 22:33:20] [INFO] [org.springframework.data.repository.config.RepositoryConfigurationDelegate] Multiple Spring Data modules found, entering strict repository configuration mode!
[2022-04-21 22:33:20] [INFO] [org.springframework.data.repository.config.RepositoryConfigurationDelegate] Bootstrapping Spring Data repositories in DEFAULT mode.
[2022-04-21 22:33:20] [INFO] [org.springframework.data.repository.config.RepositoryConfigurationDelegate] Finished Spring Data repository scanning in 4ms. Found 0 repository interfaces.
[2022-04-21 22:33:20] [INFO] [org.springframework.data.repository.config.RepositoryConfigurationDelegate] Multiple Spring Data modules found, entering strict repository configuration mode!
[2022-04-21 22:33:20] [INFO] [org.springframework.data.repository.config.RepositoryConfigurationDelegate] Bootstrapping Spring Data repositories in DEFAULT mode.
[2022-04-21 22:33:20] [INFO] [org.springframework.data.repository.config.RepositoryConfigurationDelegate] Finished Spring Data repository scanning in 3ms. Found 0 repository interfaces.
[2022-04-21 22:33:20] [INFO] [org.springframework.cloud.context.scope.GenericScope] BeanFactory id=0661934e-cf32-35f8-8ebf-9742a8f9fb18
[2022-04-21 22:33:20] [INFO] [com.ulisesbocchio.jasyptspringboot.configuration.EnableEncryptablePropertiesBeanFactoryPostProcessor] Post-processing PropertySource instances
[2022-04-21 22:33:20] [INFO] [com.ulisesbocchio.jasyptspringboot.EncryptablePropertySourceConverter] Converting PropertySource configurationProperties [org.springframework.boot.context.properties.source.ConfigurationPropertySourcesPropertySource] to AOP Proxy
[2022-04-21 22:33:20] [INFO] [com.ulisesbocchio.jasyptspringboot.EncryptablePropertySourceConverter] Converting PropertySource servletConfigInitParams [org.springframework.core.env.PropertySource$StubPropertySource] to EncryptablePropertySourceWrapper
[2022-04-21 22:33:20] [INFO] [com.ulisesbocchio.jasyptspringboot.EncryptablePropertySourceConverter] Converting PropertySource servletContextInitParams [org.springframework.core.env.PropertySource$StubPropertySource] to EncryptablePropertySourceWrapper
[2022-04-21 22:33:20] [INFO] [com.ulisesbocchio.jasyptspringboot.EncryptablePropertySourceConverter] Converting PropertySource systemProperties [org.springframework.core.env.PropertiesPropertySource] to EncryptableMapPropertySourceWrapper
[2022-04-21 22:33:20] [INFO] [com.ulisesbocchio.jasyptspringboot.EncryptablePropertySourceConverter] Converting PropertySource systemEnvironment [org.springframework.boot.env.SystemEnvironmentPropertySourceEnvironmentPostProcessor$OriginAwareSystemEnvironmentPropertySource] to EncryptableSystemEnvironmentPropertySourceWrapper
[2022-04-21 22:33:20] [INFO] [com.ulisesbocchio.jasyptspringboot.EncryptablePropertySourceConverter] Converting PropertySource random [org.springframework.boot.env.RandomValuePropertySource] to EncryptablePropertySourceWrapper
[2022-04-21 22:33:20] [INFO] [com.ulisesbocchio.jasyptspringboot.EncryptablePropertySourceConverter] Converting PropertySource springCloudClientHostInfo [org.springframework.core.env.MapPropertySource] to EncryptableMapPropertySourceWrapper
[2022-04-21 22:33:20] [INFO] [com.ulisesbocchio.jasyptspringboot.EncryptablePropertySourceConverter] Converting PropertySource applicationConfig: [classpath:/application.properties] [org.springframework.boot.env.OriginTrackedMapPropertySource] to EncryptableMapPropertySourceWrapper
[2022-04-21 22:33:20] [INFO] [com.ulisesbocchio.jasyptspringboot.EncryptablePropertySourceConverter] Converting PropertySource springCloudDefaultProperties [org.springframework.core.env.MapPropertySource] to EncryptableMapPropertySourceWrapper
[2022-04-21 22:33:20] [INFO] [com.ulisesbocchio.jasyptspringboot.filter.DefaultLazyPropertyFilter] Property Filter custom Bean not found with name 'encryptablePropertyFilter'. Initializing Default Property Filter
[2022-04-21 22:33:20] [INFO] [org.springframework.context.support.PostProcessorRegistrationDelegate$BeanPostProcessorChecker] Bean 'org.springframework.cloud.autoconfigure.ConfigurationPropertiesRebinderAutoConfiguration' of type [org.springframework.cloud.autoconfigure.ConfigurationPropertiesRebinderAutoConfiguration] is not eligible for getting processed by all BeanPostProcessors (for example: not eligible for auto-proxying)
[2022-04-21 22:33:20] [INFO] [com.ulisesbocchio.jasyptspringboot.resolver.DefaultLazyPropertyResolver] Property Resolver custom Bean not found with name 'encryptablePropertyResolver'. Initializing Default Property Resolver
[2022-04-21 22:33:20] [INFO] [com.ulisesbocchio.jasyptspringboot.detector.DefaultLazyPropertyDetector] Property Detector custom Bean not found with name 'encryptablePropertyDetector'. Initializing Default Property Detector
[2022-04-21 22:33:20] [INFO] [org.springframework.boot.web.embedded.tomcat.TomcatWebServer] Tomcat initialized with port(s): 8085 (http)
[2022-04-21 22:33:20] [INFO] [org.apache.coyote.http11.Http11NioProtocol] Initializing ProtocolHandler ["http-nio-8085"]
[2022-04-21 22:33:20] [INFO] [org.apache.catalina.core.StandardService] Starting service [Tomcat]
[2022-04-21 22:33:20] [INFO] [org.apache.catalina.core.StandardEngine] Starting Servlet engine: [Apache Tomcat/9.0.27]
[2022-04-21 22:33:20] [INFO] [org.apache.catalina.core.ContainerBase.[Tomcat].[localhost].[/]] Initializing Spring embedded WebApplicationContext
[2022-04-21 22:33:20] [INFO] [org.springframework.web.context.ContextLoader] Root WebApplicationContext: initialization completed in 1081 ms
[2022-04-21 22:33:21] [INFO] [io.lettuce.core.EpollProvider] Starting without optional epoll library
[2022-04-21 22:33:21] [INFO] [io.lettuce.core.KqueueProvider] Starting without optional kqueue library
[2022-04-21 22:33:21] [WARN] [com.netflix.config.sources.URLConfigurationSource] No URLs will be polled as dynamic configuration sources.
[2022-04-21 22:33:21] [INFO] [com.netflix.config.sources.URLConfigurationSource] To enable URLs as dynamic configuration sources, define System property archaius.configurationSource.additionalUrls or make config.properties available on classpath.
[2022-04-21 22:33:21] [WARN] [com.netflix.config.sources.URLConfigurationSource] No URLs will be polled as dynamic configuration sources.
[2022-04-21 22:33:21] [INFO] [com.netflix.config.sources.URLConfigurationSource] To enable URLs as dynamic configuration sources, define System property archaius.configurationSource.additionalUrls or make config.properties available on classpath.
[2022-04-21 22:33:22] [INFO] [org.springframework.scheduling.concurrent.ThreadPoolTaskExecutor] Initializing ExecutorService 'applicationTaskExecutor'
[2022-04-21 22:33:22] [INFO] [org.springframework.scheduling.concurrent.ThreadPoolTaskScheduler] Initializing ExecutorService 'Nacso-Watch-Task-Scheduler'
[2022-04-21 22:33:23] [WARN] [org.springframework.boot.autoconfigure.freemarker.FreeMarkerAutoConfiguration] Cannot find template location(s): [classpath:/templates/] (please add some templates, check your FreeMarker configuration, or set spring.freemarker.checkTemplateLocation=false)
[2022-04-21 22:33:23] [INFO] [org.apache.coyote.http11.Http11NioProtocol] Starting ProtocolHandler ["http-nio-8085"]
[2022-04-21 22:33:23] [INFO] [org.springframework.boot.web.embedded.tomcat.TomcatWebServer] Tomcat started on port(s): 8085 (http) with context path ''
[2022-04-21 22:33:23] [INFO] [com.alibaba.cloud.nacos.registry.NacosServiceRegistry] nacos registry, DEFAULT_GROUP ERP-service 192.168.110.198:8085 register finished
[2022-04-21 22:33:23] [INFO] [com.kangkang.ERPApplication] Started ERPApplication in 4.79 seconds (JVM running for 5.612)
[2022-04-21 22:34:11] [INFO] [org.apache.catalina.core.ContainerBase.[Tomcat].[localhost].[/]] Initializing Spring DispatcherServlet 'dispatcherServlet'
[2022-04-21 22:34:11] [INFO] [org.springframework.web.servlet.DispatcherServlet] Initializing Servlet 'dispatcherServlet'
[2022-04-21 22:34:11] [INFO] [org.springframework.web.servlet.DispatcherServlet] Completed initialization in 17 ms
[2022-04-21 22:34:11] [INFO] [com.kangkang.ERP.aop.ParamsAspect] =========进入参数校验==========
[2022-04-21 22:34:11] [INFO] [com.kangkang.ERP.aop.ParamsAspect] =========接口路径为:{/api/ERPLogin}==========
[2022-04-21 22:34:11] [INFO] [com.kangkang.ERP.aop.ParamsAspect] ======校验的总参数为：[{"loginType":"0","password":"Sy93OjPDF5vwNrkTfL9AyA==","username":"sch4612"}]
[2022-04-21 22:34:11] [INFO] [com.kangkang.ERP.login.controller.UserLoginController] ===康康后台管理系统登录====,传入的参数为：{"loginType":"0","password":"Sy93OjPDF5vwNrkTfL9AyA==","username":"sch4612"}
[2022-04-21 22:34:11] [INFO] [com.netflix.loadbalancer.BaseLoadBalancer] Client: kangkang-ERP-impl instantiated a LoadBalancer: DynamicServerListLoadBalancer:{NFLoadBalancer:name=kangkang-ERP-impl,current list of Servers=[],Load balancer stats=Zone stats: {},Server stats: []}ServerList:null
[2022-04-21 22:34:11] [INFO] [com.netflix.loadbalancer.DynamicServerListLoadBalancer] Using serverListUpdater PollingServerListUpdater
[2022-04-21 22:34:12] [INFO] [com.netflix.loadbalancer.DynamicServerListLoadBalancer] DynamicServerListLoadBalancer for client kangkang-ERP-impl initialized: DynamicServerListLoadBalancer:{NFLoadBalancer:name=kangkang-ERP-impl,current list of Servers=[192.168.110.198:9005, 169.254.245.139:9005],Load balancer stats=Zone stats: {unknown=[Zone:unknown;	Instance count:2;	Active connections count: 0;	Circuit breaker tripped count: 0;	Active connections per server: 0.0;]
},Server stats: [[Server:169.254.245.139:9005;	Zone:UNKNOWN;	Total Requests:0;	Successive connection failure:0;	Total blackout seconds:0;	Last connection made:Thu Jan 01 08:00:00 CST 1970;	First connection made: Thu Jan 01 08:00:00 CST 1970;	Active Connections:0;	total failure count in last (1000) msecs:0;	average resp time:0.0;	90 percentile resp time:0.0;	95 percentile resp time:0.0;	min resp time:0.0;	max resp time:0.0;	stddev resp time:0.0]
, [Server:192.168.110.198:9005;	Zone:UNKNOWN;	Total Requests:0;	Successive connection failure:0;	Total blackout seconds:0;	Last connection made:Thu Jan 01 08:00:00 CST 1970;	First connection made: Thu Jan 01 08:00:00 CST 1970;	Active Connections:0;	total failure count in last (1000) msecs:0;	average resp time:0.0;	90 percentile resp time:0.0;	95 percentile resp time:0.0;	min resp time:0.0;	max resp time:0.0;	stddev resp time:0.0]
]}ServerList:com.alibaba.cloud.nacos.ribbon.NacosServerList@11b59a27
[2022-04-21 22:37:08] [INFO] [com.kangkang.ERP.store.controller.SpecificationController] ===添加商品规格====,传入的参数为："{\"ruleName\":\"你好\",\"attrName\":\"颜色\",\"ruleValue\":\"\",\"spec\":[{\"value\":\"颜色\",\"detail\":[\"黑色\"],\"inputVisible\":false,\"inputValue\":\"\"}],\"attrValue\":[\"黑色\"]}"
[2022-04-21 22:43:32] [WARN] [org.springframework.web.servlet.mvc.support.DefaultHandlerExceptionResolver] Resolved [org.springframework.http.converter.HttpMessageNotReadableException: Required request body is missing: public com.kangkang.tools.ResponseCode<com.baomidou.mybatisplus.extension.plugins.pagination.Page<com.kangkang.store.entity.TbSpecification>> com.kangkang.ERP.store.controller.SpecificationController.querySpecification(com.kangkang.store.dtoObject.TbSpecificationDTO)]
[2022-04-21 22:45:27] [INFO] [com.kangkang.ERP.aop.ParamsAspect] =========进入参数校验==========
[2022-04-21 22:45:27] [INFO] [com.kangkang.ERP.aop.ParamsAspect] =========接口路径为:{/api/ERPLogin}==========
[2022-04-21 22:45:27] [INFO] [com.kangkang.ERP.aop.ParamsAspect] ======校验的总参数为：[{"loginType":"0","password":"Sy93OjPDF5vwNrkTfL9AyA==","username":"sch4612"}]
[2022-04-21 22:45:27] [INFO] [com.kangkang.ERP.login.controller.UserLoginController] ===康康后台管理系统登录====,传入的参数为：{"loginType":"0","password":"Sy93OjPDF5vwNrkTfL9AyA==","username":"sch4612"}
[2022-04-21 22:45:32] [WARN] [org.springframework.web.servlet.mvc.support.DefaultHandlerExceptionResolver] Resolved [org.springframework.http.converter.HttpMessageNotReadableException: Required request body is missing: public com.kangkang.tools.ResponseCode<com.baomidou.mybatisplus.extension.plugins.pagination.Page<com.kangkang.store.entity.TbSpecification>> com.kangkang.ERP.store.controller.SpecificationController.querySpecification(com.kangkang.store.dtoObject.TbSpecificationDTO)]
[2022-04-21 22:46:53] [INFO] [com.netflix.loadbalancer.PollingServerListUpdater] Shutting down the Executor Pool for PollingServerListUpdater
[2022-04-21 22:46:53] [INFO] [com.alibaba.cloud.nacos.registry.NacosServiceRegistry] De-registering from Nacos Server now...
[2022-04-21 22:46:53] [INFO] [com.alibaba.cloud.nacos.registry.NacosServiceRegistry] De-registration finished.
[2022-04-21 22:46:53] [INFO] [org.springframework.scheduling.concurrent.ThreadPoolTaskExecutor] Shutting down ExecutorService 'applicationTaskExecutor'
[2022-04-21 22:52:43] [INFO] [com.ulisesbocchio.jasyptspringboot.configuration.EnableEncryptablePropertiesBeanFactoryPostProcessor] Post-processing PropertySource instances
[2022-04-21 22:52:44] [INFO] [com.ulisesbocchio.jasyptspringboot.EncryptablePropertySourceConverter] Converting PropertySource configurationProperties [org.springframework.boot.context.properties.source.ConfigurationPropertySourcesPropertySource] to AOP Proxy
[2022-04-21 22:52:44] [INFO] [com.ulisesbocchio.jasyptspringboot.EncryptablePropertySourceConverter] Converting PropertySource bootstrap [org.springframework.core.env.MapPropertySource] to EncryptableMapPropertySourceWrapper
[2022-04-21 22:52:44] [INFO] [com.ulisesbocchio.jasyptspringboot.EncryptablePropertySourceConverter] Converting PropertySource systemProperties [org.springframework.core.env.PropertiesPropertySource] to EncryptableMapPropertySourceWrapper
[2022-04-21 22:52:44] [INFO] [com.ulisesbocchio.jasyptspringboot.EncryptablePropertySourceConverter] Converting PropertySource systemEnvironment [org.springframework.boot.env.SystemEnvironmentPropertySourceEnvironmentPostProcessor$OriginAwareSystemEnvironmentPropertySource] to EncryptableSystemEnvironmentPropertySourceWrapper
[2022-04-21 22:52:44] [INFO] [com.ulisesbocchio.jasyptspringboot.EncryptablePropertySourceConverter] Converting PropertySource random [org.springframework.boot.env.RandomValuePropertySource] to EncryptablePropertySourceWrapper
[2022-04-21 22:52:44] [INFO] [com.ulisesbocchio.jasyptspringboot.EncryptablePropertySourceConverter] Converting PropertySource springCloudClientHostInfo [org.springframework.core.env.MapPropertySource] to EncryptableMapPropertySourceWrapper
[2022-04-21 22:52:44] [INFO] [org.springframework.context.support.PostProcessorRegistrationDelegate$BeanPostProcessorChecker] Bean 'org.springframework.cloud.autoconfigure.ConfigurationPropertiesRebinderAutoConfiguration' of type [org.springframework.cloud.autoconfigure.ConfigurationPropertiesRebinderAutoConfiguration] is not eligible for getting processed by all BeanPostProcessors (for example: not eligible for auto-proxying)
[2022-04-21 22:52:44] [INFO] [com.ulisesbocchio.jasyptspringboot.filter.DefaultLazyPropertyFilter] Property Filter custom Bean not found with name 'encryptablePropertyFilter'. Initializing Default Property Filter
[2022-04-21 22:52:44] [INFO] [com.ulisesbocchio.jasyptspringboot.resolver.DefaultLazyPropertyResolver] Property Resolver custom Bean not found with name 'encryptablePropertyResolver'. Initializing Default Property Resolver
[2022-04-21 22:52:44] [INFO] [com.ulisesbocchio.jasyptspringboot.detector.DefaultLazyPropertyDetector] Property Detector custom Bean not found with name 'encryptablePropertyDetector'. Initializing Default Property Detector
[2022-04-21 22:52:44] [INFO] [com.kangkang.ERPApplication] No active profile set, falling back to default profiles: default
[2022-04-21 22:52:44] [INFO] [org.springframework.data.repository.config.RepositoryConfigurationDelegate] Multiple Spring Data modules found, entering strict repository configuration mode!
[2022-04-21 22:52:44] [INFO] [org.springframework.data.repository.config.RepositoryConfigurationDelegate] Bootstrapping Spring Data repositories in DEFAULT mode.
[2022-04-21 22:52:44] [INFO] [org.springframework.data.repository.config.RepositoryConfigurationDelegate] Finished Spring Data repository scanning in 14ms. Found 0 repository interfaces.
[2022-04-21 22:52:44] [INFO] [org.springframework.data.repository.config.RepositoryConfigurationDelegate] Multiple Spring Data modules found, entering strict repository configuration mode!
[2022-04-21 22:52:44] [INFO] [org.springframework.data.repository.config.RepositoryConfigurationDelegate] Bootstrapping Spring Data repositories in DEFAULT mode.
[2022-04-21 22:52:44] [INFO] [org.springframework.data.repository.config.RepositoryConfigurationDelegate] Finished Spring Data repository scanning in 4ms. Found 0 repository interfaces.
[2022-04-21 22:52:44] [INFO] [org.springframework.data.repository.config.RepositoryConfigurationDelegate] Multiple Spring Data modules found, entering strict repository configuration mode!
[2022-04-21 22:52:44] [INFO] [org.springframework.data.repository.config.RepositoryConfigurationDelegate] Bootstrapping Spring Data repositories in DEFAULT mode.
[2022-04-21 22:52:44] [INFO] [org.springframework.data.repository.config.RepositoryConfigurationDelegate] Finished Spring Data repository scanning in 3ms. Found 0 repository interfaces.
[2022-04-21 22:52:44] [INFO] [org.springframework.cloud.context.scope.GenericScope] BeanFactory id=0661934e-cf32-35f8-8ebf-9742a8f9fb18
[2022-04-21 22:52:44] [INFO] [com.ulisesbocchio.jasyptspringboot.configuration.EnableEncryptablePropertiesBeanFactoryPostProcessor] Post-processing PropertySource instances
[2022-04-21 22:52:44] [INFO] [com.ulisesbocchio.jasyptspringboot.EncryptablePropertySourceConverter] Converting PropertySource configurationProperties [org.springframework.boot.context.properties.source.ConfigurationPropertySourcesPropertySource] to AOP Proxy
[2022-04-21 22:52:44] [INFO] [com.ulisesbocchio.jasyptspringboot.EncryptablePropertySourceConverter] Converting PropertySource servletConfigInitParams [org.springframework.core.env.PropertySource$StubPropertySource] to EncryptablePropertySourceWrapper
[2022-04-21 22:52:44] [INFO] [com.ulisesbocchio.jasyptspringboot.EncryptablePropertySourceConverter] Converting PropertySource servletContextInitParams [org.springframework.core.env.PropertySource$StubPropertySource] to EncryptablePropertySourceWrapper
[2022-04-21 22:52:44] [INFO] [com.ulisesbocchio.jasyptspringboot.EncryptablePropertySourceConverter] Converting PropertySource systemProperties [org.springframework.core.env.PropertiesPropertySource] to EncryptableMapPropertySourceWrapper
[2022-04-21 22:52:44] [INFO] [com.ulisesbocchio.jasyptspringboot.EncryptablePropertySourceConverter] Converting PropertySource systemEnvironment [org.springframework.boot.env.SystemEnvironmentPropertySourceEnvironmentPostProcessor$OriginAwareSystemEnvironmentPropertySource] to EncryptableSystemEnvironmentPropertySourceWrapper
[2022-04-21 22:52:44] [INFO] [com.ulisesbocchio.jasyptspringboot.EncryptablePropertySourceConverter] Converting PropertySource random [org.springframework.boot.env.RandomValuePropertySource] to EncryptablePropertySourceWrapper
[2022-04-21 22:52:44] [INFO] [com.ulisesbocchio.jasyptspringboot.EncryptablePropertySourceConverter] Converting PropertySource springCloudClientHostInfo [org.springframework.core.env.MapPropertySource] to EncryptableMapPropertySourceWrapper
[2022-04-21 22:52:44] [INFO] [com.ulisesbocchio.jasyptspringboot.EncryptablePropertySourceConverter] Converting PropertySource applicationConfig: [classpath:/application.properties] [org.springframework.boot.env.OriginTrackedMapPropertySource] to EncryptableMapPropertySourceWrapper
[2022-04-21 22:52:44] [INFO] [com.ulisesbocchio.jasyptspringboot.EncryptablePropertySourceConverter] Converting PropertySource springCloudDefaultProperties [org.springframework.core.env.MapPropertySource] to EncryptableMapPropertySourceWrapper
[2022-04-21 22:52:44] [INFO] [com.ulisesbocchio.jasyptspringboot.filter.DefaultLazyPropertyFilter] Property Filter custom Bean not found with name 'encryptablePropertyFilter'. Initializing Default Property Filter
[2022-04-21 22:52:44] [INFO] [org.springframework.context.support.PostProcessorRegistrationDelegate$BeanPostProcessorChecker] Bean 'org.springframework.cloud.autoconfigure.ConfigurationPropertiesRebinderAutoConfiguration' of type [org.springframework.cloud.autoconfigure.ConfigurationPropertiesRebinderAutoConfiguration] is not eligible for getting processed by all BeanPostProcessors (for example: not eligible for auto-proxying)
[2022-04-21 22:52:44] [INFO] [com.ulisesbocchio.jasyptspringboot.resolver.DefaultLazyPropertyResolver] Property Resolver custom Bean not found with name 'encryptablePropertyResolver'. Initializing Default Property Resolver
[2022-04-21 22:52:44] [INFO] [com.ulisesbocchio.jasyptspringboot.detector.DefaultLazyPropertyDetector] Property Detector custom Bean not found with name 'encryptablePropertyDetector'. Initializing Default Property Detector
[2022-04-21 22:52:45] [INFO] [org.springframework.boot.web.embedded.tomcat.TomcatWebServer] Tomcat initialized with port(s): 8085 (http)
[2022-04-21 22:52:45] [INFO] [org.apache.coyote.http11.Http11NioProtocol] Initializing ProtocolHandler ["http-nio-8085"]
[2022-04-21 22:52:45] [INFO] [org.apache.catalina.core.StandardService] Starting service [Tomcat]
[2022-04-21 22:52:45] [INFO] [org.apache.catalina.core.StandardEngine] Starting Servlet engine: [Apache Tomcat/9.0.27]
[2022-04-21 22:52:45] [INFO] [org.apache.catalina.core.ContainerBase.[Tomcat].[localhost].[/]] Initializing Spring embedded WebApplicationContext
[2022-04-21 22:52:45] [INFO] [org.springframework.web.context.ContextLoader] Root WebApplicationContext: initialization completed in 1071 ms
[2022-04-21 22:52:45] [INFO] [io.lettuce.core.EpollProvider] Starting without optional epoll library
[2022-04-21 22:52:45] [INFO] [io.lettuce.core.KqueueProvider] Starting without optional kqueue library
[2022-04-21 22:52:46] [WARN] [com.netflix.config.sources.URLConfigurationSource] No URLs will be polled as dynamic configuration sources.
[2022-04-21 22:52:46] [INFO] [com.netflix.config.sources.URLConfigurationSource] To enable URLs as dynamic configuration sources, define System property archaius.configurationSource.additionalUrls or make config.properties available on classpath.
[2022-04-21 22:52:46] [WARN] [com.netflix.config.sources.URLConfigurationSource] No URLs will be polled as dynamic configuration sources.
[2022-04-21 22:52:46] [INFO] [com.netflix.config.sources.URLConfigurationSource] To enable URLs as dynamic configuration sources, define System property archaius.configurationSource.additionalUrls or make config.properties available on classpath.
[2022-04-21 22:52:46] [INFO] [org.springframework.scheduling.concurrent.ThreadPoolTaskExecutor] Initializing ExecutorService 'applicationTaskExecutor'
[2022-04-21 22:52:46] [INFO] [org.springframework.scheduling.concurrent.ThreadPoolTaskScheduler] Initializing ExecutorService 'Nacso-Watch-Task-Scheduler'
[2022-04-21 22:52:47] [WARN] [org.springframework.boot.autoconfigure.freemarker.FreeMarkerAutoConfiguration] Cannot find template location(s): [classpath:/templates/] (please add some templates, check your FreeMarker configuration, or set spring.freemarker.checkTemplateLocation=false)
[2022-04-21 22:52:48] [INFO] [org.apache.coyote.http11.Http11NioProtocol] Starting ProtocolHandler ["http-nio-8085"]
[2022-04-21 22:52:48] [INFO] [org.springframework.boot.web.embedded.tomcat.TomcatWebServer] Tomcat started on port(s): 8085 (http) with context path ''
[2022-04-21 22:52:48] [INFO] [com.alibaba.cloud.nacos.registry.NacosServiceRegistry] nacos registry, DEFAULT_GROUP ERP-service 192.168.110.198:8085 register finished
[2022-04-21 22:52:48] [INFO] [com.kangkang.ERPApplication] Started ERPApplication in 4.826 seconds (JVM running for 5.385)
[2022-04-21 22:52:59] [INFO] [org.apache.catalina.core.ContainerBase.[Tomcat].[localhost].[/]] Initializing Spring DispatcherServlet 'dispatcherServlet'
[2022-04-21 22:52:59] [INFO] [org.springframework.web.servlet.DispatcherServlet] Initializing Servlet 'dispatcherServlet'
[2022-04-21 22:52:59] [INFO] [org.springframework.web.servlet.DispatcherServlet] Completed initialization in 16 ms
[2022-04-21 22:52:59] [INFO] [com.kangkang.ERP.store.controller.SpecificationController] ===查询商品规格====,传入的参数为：{"pageIndex":1,"pageSize":10,"ruleName":""}
[2022-04-21 22:53:03] [INFO] [com.netflix.loadbalancer.BaseLoadBalancer] Client: kangkang-ERP-impl instantiated a LoadBalancer: DynamicServerListLoadBalancer:{NFLoadBalancer:name=kangkang-ERP-impl,current list of Servers=[],Load balancer stats=Zone stats: {},Server stats: []}ServerList:null
[2022-04-21 22:53:03] [INFO] [com.netflix.loadbalancer.DynamicServerListLoadBalancer] Using serverListUpdater PollingServerListUpdater
[2022-04-21 22:53:03] [INFO] [com.netflix.loadbalancer.DynamicServerListLoadBalancer] DynamicServerListLoadBalancer for client kangkang-ERP-impl initialized: DynamicServerListLoadBalancer:{NFLoadBalancer:name=kangkang-ERP-impl,current list of Servers=[192.168.110.198:9005, 169.254.245.139:9005],Load balancer stats=Zone stats: {unknown=[Zone:unknown;	Instance count:2;	Active connections count: 0;	Circuit breaker tripped count: 0;	Active connections per server: 0.0;]
},Server stats: [[Server:169.254.245.139:9005;	Zone:UNKNOWN;	Total Requests:0;	Successive connection failure:0;	Total blackout seconds:0;	Last connection made:Thu Jan 01 08:00:00 CST 1970;	First connection made: Thu Jan 01 08:00:00 CST 1970;	Active Connections:0;	total failure count in last (1000) msecs:0;	average resp time:0.0;	90 percentile resp time:0.0;	95 percentile resp time:0.0;	min resp time:0.0;	max resp time:0.0;	stddev resp time:0.0]
, [Server:192.168.110.198:9005;	Zone:UNKNOWN;	Total Requests:0;	Successive connection failure:0;	Total blackout seconds:0;	Last connection made:Thu Jan 01 08:00:00 CST 1970;	First connection made: Thu Jan 01 08:00:00 CST 1970;	Active Connections:0;	total failure count in last (1000) msecs:0;	average resp time:0.0;	90 percentile resp time:0.0;	95 percentile resp time:0.0;	min resp time:0.0;	max resp time:0.0;	stddev resp time:0.0]
]}ServerList:com.alibaba.cloud.nacos.ribbon.NacosServerList@2ab20a6b
[2022-04-21 22:53:10] [INFO] [com.kangkang.ERP.store.controller.SpecificationController] ===查询商品规格====,传入的参数为：{"pageIndex":1,"pageSize":10,"ruleName":""}
[2022-04-21 22:53:23] [INFO] [com.netflix.loadbalancer.PollingServerListUpdater] Shutting down the Executor Pool for PollingServerListUpdater
[2022-04-21 22:53:23] [INFO] [com.alibaba.cloud.nacos.registry.NacosServiceRegistry] De-registering from Nacos Server now...
[2022-04-21 22:53:23] [INFO] [com.alibaba.cloud.nacos.registry.NacosServiceRegistry] De-registration finished.
[2022-04-21 22:53:23] [INFO] [org.springframework.scheduling.concurrent.ThreadPoolTaskExecutor] Shutting down ExecutorService 'applicationTaskExecutor'
